#
# There is insufficient memory for the Java Runtime Environment to continue.
# Native memory allocation (malloc) failed to allocate 810976 bytes for Chunk::new
# Possible reasons:
#   The system is out of physical RAM or swap space
#   In 32 bit mode, the process size limit was hit
# Possible solutions:
#   Reduce memory load on the system
#   Increase physical memory or swap space
#   Check if swap backing store is full
#   Use 64 bit Java on a 64 bit OS
#   Decrease Java heap size (-Xmx/-Xms)
#   Decrease number of Java threads
#   Decrease Java thread stack sizes (-Xss)
#   Set larger code cache with -XX:ReservedCodeCacheSize=
# This output file may be truncated or incomplete.
#
#  Out of Memory Error (allocation.cpp:390), pid=1156, tid=0x0000000000001bd8
#
# JRE version: OpenJDK Runtime Environment (8.0_152-b02) (build 1.8.0_152-release-1024-b02)
# Java VM: OpenJDK 64-Bit Server VM (25.152-b02 mixed mode windows-amd64 compressed oops)
# Failed to write core dump. Minidumps are not enabled by default on client versions of Windows
#

---------------  T H R E A D  ---------------

Current thread (0x000000001799a000):  JavaThread "C2 CompilerThread0" daemon [_thread_in_native, id=7128, stack(0x0000000019380000,0x0000000019480000)]

Stack: [0x0000000019380000,0x0000000019480000]
[error occurred during error reporting (printing stack bounds), id 0xc0000005]

Native frames: (J=compiled Java code, j=interpreted, Vv=VM code, C=native code)


Current CompileTask:
C2:   3160 1351       4       java.net.URLClassLoader$1::run (5 bytes)


---------------  P R O C E S S  ---------------

Java Threads: ( => current thread )
  0x000000001ac90800 JavaThread "File lock request listener" [_thread_in_native, id=1336, stack(0x000000001c090000,0x000000001c190000)]
  0x000000001abff000 JavaThread "Cache worker for file hash cache (C:\Users\Ren\.gradle\caches\4.4\fileHashes)" [_thread_blocked, id=1160, stack(0x000000001bf90000,0x000000001c090000)]
  0x000000001a8cd000 JavaThread "Stdin handler" [_thread_blocked, id=11168, stack(0x000000001bc90000,0x000000001bd90000)]
  0x000000001a8ae800 JavaThread "Asynchronous log dispatcher for DefaultDaemonConnection: socket connection from /127.0.0.1:60424 to /127.0.0.1:60425" [_thread_blocked, id=5172, stack(0x000000001bb90000,0x000000001bc90000)]
  0x000000001a93e800 JavaThread "Daemon worker" [_thread_blocked, id=1200, stack(0x000000001ba90000,0x000000001bb90000)]
  0x000000001a93c000 JavaThread "Cancel handler" [_thread_blocked, id=1556, stack(0x000000001b990000,0x000000001ba90000)]
  0x000000001a892800 JavaThread "Handler for socket connection from /127.0.0.1:60424 to /127.0.0.1:60425" [_thread_in_native, id=1788, stack(0x000000001b690000,0x000000001b790000)]
  0x000000001a5a3800 JavaThread "Daemon" [_thread_blocked, id=2160, stack(0x000000001b590000,0x000000001b690000)]
  0x000000001a515800 JavaThread "Daemon periodic checks" [_thread_blocked, id=5820, stack(0x000000001b490000,0x000000001b590000)]
  0x000000001a511000 JavaThread "Incoming local TCP Connector on port 60424" [_thread_in_native, id=9836, stack(0x000000001b250000,0x000000001b350000)]
  0x0000000018e0a000 JavaThread "Service Thread" daemon [_thread_blocked, id=2896, stack(0x0000000019680000,0x0000000019780000)]
  0x0000000018d90800 JavaThread "C1 CompilerThread2" daemon [_thread_blocked, id=10756, stack(0x0000000019580000,0x0000000019680000)]
  0x000000001799e800 JavaThread "C2 CompilerThread1" daemon [_thread_blocked, id=9056, stack(0x0000000019480000,0x0000000019580000)]
=>0x000000001799a000 JavaThread "C2 CompilerThread0" daemon [_thread_in_native, id=7128, stack(0x0000000019380000,0x0000000019480000)]
  0x000000001794f000 JavaThread "Attach Listener" daemon [_thread_blocked, id=4324, stack(0x0000000019280000,0x0000000019380000)]
  0x0000000018d88800 JavaThread "Signal Dispatcher" daemon [_thread_blocked, id=6624, stack(0x0000000019180000,0x0000000019280000)]
  0x0000000002d1c800 JavaThread "Finalizer" daemon [_thread_blocked, id=8416, stack(0x0000000018b90000,0x0000000018c90000)]
  0x0000000002d11800 JavaThread "Reference Handler" daemon [_thread_blocked, id=1184, stack(0x0000000018a90000,0x0000000018b90000)]
  0x0000000002c22800 JavaThread "main" [_thread_blocked, id=8552, stack(0x0000000002700000,0x0000000002800000)]

Other Threads:
  0x0000000017906000 VMThread [stack: 0x0000000018990000,0x0000000018a90000] [id=5144]
  0x0000000018e0a800 WatcherThread [stack: 0x0000000019780000,0x0000000019880000] [id=1452]

VM state:at safepoint (normal execution)

VM Mutex/Monitor currently owned by a thread:  ([mutex/lock_event])
[0x00000000028cd880] Threads_lock - owner thread: 0x0000000017906000
[0x00000000028cd600] Heap_lock - owner thread: 0x000000001a93e800

Heap:
 PSYoungGen      total 38400K, used 5639K [0x00000000d5580000, 0x00000000d8080000, 0x0000000100000000)
  eden space 32768K, 3% used [0x00000000d5580000,0x00000000d5679198,0x00000000d7580000)
  from space 5632K, 82% used [0x00000000d7b00000,0x00000000d7f88b68,0x00000000d8080000)
  to   space 5632K, 15% used [0x00000000d7580000,0x00000000d7654010,0x00000000d7b00000)
 ParOldGen       total 44032K, used 6346K [0x0000000080000000, 0x0000000082b00000, 0x00000000d5580000)
  object space 44032K, 14% used [0x0000000080000000,0x00000000806329c0,0x0000000082b00000)
 Metaspace       used 14648K, capacity 14934K, committed 14976K, reserved 1067008K
  class space    used 2048K, capacity 2155K, committed 2176K, reserved 1048576K

Card table byte_map: [0x00000000120e0000,0x00000000124f0000] byte_map_base: 0x0000000011ce0000

Marking Bits: (ParMarkBitMap*) 0x00000000674d4970
 Begin Bits: [0x0000000012ba0000, 0x0000000014ba0000)
 End Bits:   [0x0000000014ba0000, 0x0000000016ba0000)

Polling page: 0x00000000005f0000

CodeCache: size=245760Kb used=4733Kb max_used=4733Kb free=241026Kb
 bounds [0x0000000002d20000, 0x00000000031d0000, 0x0000000011d20000]
 total_blobs=1737 nmethods=1366 adapters=284
 compilation: enabled

Compilation events (10 events):
Event: 3.124 Thread 0x0000000018d90800 1362       3       org.gradle.internal.service.DefaultServiceRegistry$DefaultLookupContext$4::apply (12 bytes)
Event: 3.124 Thread 0x0000000018d90800 nmethod 1362 0x00000000031bff10 code [0x00000000031c0080, 0x00000000031c02a8]
Event: 3.149 Thread 0x0000000018d90800 1364       3       java.lang.StringBuilder::append (10 bytes)
Event: 3.149 Thread 0x0000000018d90800 nmethod 1364 0x00000000031c0390 code [0x00000000031c0500, 0x00000000031c0688]
Event: 3.149 Thread 0x0000000018d90800 1365       1       com.google.common.io.LineReader::access$000 (5 bytes)
Event: 3.150 Thread 0x0000000018d90800 nmethod 1365 0x00000000031c0710 code [0x00000000031c0860, 0x00000000031c0950]
Event: 3.151 Thread 0x0000000018d90800 1366       3       com.google.common.io.LineBuffer::finishLine (61 bytes)
Event: 3.152 Thread 0x0000000018d90800 nmethod 1366 0x00000000031c09d0 code [0x00000000031c0b80, 0x00000000031c1298]
Event: 3.152 Thread 0x0000000018d90800 1367       3       com.google.common.io.LineReader$1::handleLine (15 bytes)
Event: 3.152 Thread 0x0000000018d90800 nmethod 1367 0x00000000031c1510 code [0x00000000031c1680, 0x00000000031c18a8]

GC Heap History (10 events):
Event: 1.188 GC heap before
{Heap before GC invocations=2 (full 0):
 PSYoungGen      total 18944K, used 18930K [0x00000000d5580000, 0x00000000d6a80000, 0x0000000100000000)
  eden space 16384K, 100% used [0x00000000d5580000,0x00000000d6580000,0x00000000d6580000)
  from space 2560K, 99% used [0x00000000d6580000,0x00000000d67fc838,0x00000000d6800000)
  to   space 2560K, 0% used [0x00000000d6800000,0x00000000d6800000,0x00000000d6a80000)
 ParOldGen       total 44032K, used 561K [0x0000000080000000, 0x0000000082b00000, 0x00000000d5580000)
  object space 44032K, 1% used [0x0000000080000000,0x000000008008c4d0,0x0000000082b00000)
 Metaspace       used 6632K, capacity 6830K, committed 7040K, reserved 1056768K
  class space    used 806K, capacity 875K, committed 896K, reserved 1048576K
Event: 1.193 GC heap after
Heap after GC invocations=2 (full 0):
 PSYoungGen      total 18944K, used 2534K [0x00000000d5580000, 0x00000000d6a80000, 0x0000000100000000)
  eden space 16384K, 0% used [0x00000000d5580000,0x00000000d5580000,0x00000000d6580000)
  from space 2560K, 99% used [0x00000000d6800000,0x00000000d6a79bd8,0x00000000d6a80000)
  to   space 2560K, 0% used [0x00000000d6580000,0x00000000d6580000,0x00000000d6800000)
 ParOldGen       total 44032K, used 823K [0x0000000080000000, 0x0000000082b00000, 0x00000000d5580000)
  object space 44032K, 1% used [0x0000000080000000,0x00000000800cdd38,0x0000000082b00000)
 Metaspace       used 6632K, capacity 6830K, committed 7040K, reserved 1056768K
  class space    used 806K, capacity 875K, committed 896K, reserved 1048576K
}
Event: 1.424 GC heap before
{Heap before GC invocations=3 (full 0):
 PSYoungGen      total 18944K, used 18918K [0x00000000d5580000, 0x00000000d6a80000, 0x0000000100000000)
  eden space 16384K, 100% used [0x00000000d5580000,0x00000000d6580000,0x00000000d6580000)
  from space 2560K, 99% used [0x00000000d6800000,0x00000000d6a79bd8,0x00000000d6a80000)
  to   space 2560K, 0% used [0x00000000d6580000,0x00000000d6580000,0x00000000d6800000)
 ParOldGen       total 44032K, used 823K [0x0000000080000000, 0x0000000082b00000, 0x00000000d5580000)
  object space 44032K, 1% used [0x0000000080000000,0x00000000800cdd38,0x0000000082b00000)
 Metaspace       used 6966K, capacity 7176K, committed 7424K, reserved 1056768K
  class space    used 875K, capacity 948K, committed 1024K, reserved 1048576K
Event: 1.426 GC heap after
Heap after GC invocations=3 (full 0):
 PSYoungGen      total 18944K, used 2536K [0x00000000d5580000, 0x00000000d6a80000, 0x0000000100000000)
  eden space 16384K, 0% used [0x00000000d5580000,0x00000000d5580000,0x00000000d6580000)
  from space 2560K, 99% used [0x00000000d6580000,0x00000000d67fa040,0x00000000d6800000)
  to   space 2560K, 0% used [0x00000000d6800000,0x00000000d6800000,0x00000000d6a80000)
 ParOldGen       total 44032K, used 1329K [0x0000000080000000, 0x0000000082b00000, 0x00000000d5580000)
  object space 44032K, 3% used [0x0000000080000000,0x000000008014c5a0,0x0000000082b00000)
 Metaspace       used 6966K, capacity 7176K, committed 7424K, reserved 1056768K
  class space    used 875K, capacity 948K, committed 1024K, reserved 1048576K
}
Event: 2.681 GC heap before
{Heap before GC invocations=4 (full 0):
 PSYoungGen      total 18944K, used 18920K [0x00000000d5580000, 0x00000000d6a80000, 0x0000000100000000)
  eden space 16384K, 100% used [0x00000000d5580000,0x00000000d6580000,0x00000000d6580000)
  from space 2560K, 99% used [0x00000000d6580000,0x00000000d67fa040,0x00000000d6800000)
  to   space 2560K, 0% used [0x00000000d6800000,0x00000000d6800000,0x00000000d6a80000)
 ParOldGen       total 44032K, used 1329K [0x0000000080000000, 0x0000000082b00000, 0x00000000d5580000)
  object space 44032K, 3% used [0x0000000080000000,0x000000008014c5a0,0x0000000082b00000)
 Metaspace       used 11598K, capacity 11932K, committed 12160K, reserved 1060864K
  class space    used 1530K, capacity 1632K, committed 1664K, reserved 1048576K
Event: 2.688 GC heap after
Heap after GC invocations=4 (full 0):
 PSYoungGen      total 18944K, used 2552K [0x00000000d5580000, 0x00000000d6a80000, 0x0000000100000000)
  eden space 16384K, 0% used [0x00000000d5580000,0x00000000d5580000,0x00000000d6580000)
  from space 2560K, 99% used [0x00000000d6800000,0x00000000d6a7e050,0x00000000d6a80000)
  to   space 2560K, 0% used [0x00000000d6580000,0x00000000d6580000,0x00000000d6800000)
 ParOldGen       total 44032K, used 3910K [0x0000000080000000, 0x0000000082b00000, 0x00000000d5580000)
  object space 44032K, 8% used [0x0000000080000000,0x00000000803d1888,0x0000000082b00000)
 Metaspace       used 11598K, capacity 11932K, committed 12160K, reserved 1060864K
  class space    used 1530K, capacity 1632K, committed 1664K, reserved 1048576K
}
Event: 2.910 GC heap before
{Heap before GC invocations=5 (full 0):
 PSYoungGen      total 18944K, used 18936K [0x00000000d5580000, 0x00000000d6a80000, 0x0000000100000000)
  eden space 16384K, 100% used [0x00000000d5580000,0x00000000d6580000,0x00000000d6580000)
  from space 2560K, 99% used [0x00000000d6800000,0x00000000d6a7e050,0x00000000d6a80000)
  to   space 2560K, 0% used [0x00000000d6580000,0x00000000d6580000,0x00000000d6800000)
 ParOldGen       total 44032K, used 3910K [0x0000000080000000, 0x0000000082b00000, 0x00000000d5580000)
  object space 44032K, 8% used [0x0000000080000000,0x00000000803d1888,0x0000000082b00000)
 Metaspace       used 13057K, capacity 13362K, committed 13568K, reserved 1060864K
  class space    used 1778K, capacity 1929K, committed 2048K, reserved 1048576K
Event: 2.916 GC heap after
Heap after GC invocations=5 (full 0):
 PSYoungGen      total 18944K, used 2552K [0x00000000d5580000, 0x00000000d8080000, 0x0000000100000000)
  eden space 16384K, 0% used [0x00000000d5580000,0x00000000d5580000,0x00000000d6580000)
  from space 2560K, 99% used [0x00000000d6580000,0x00000000d67fe050,0x00000000d6800000)
  to   space 5632K, 0% used [0x00000000d7b00000,0x00000000d7b00000,0x00000000d8080000)
 ParOldGen       total 44032K, used 5686K [0x0000000080000000, 0x0000000082b00000, 0x00000000d5580000)
  object space 44032K, 12% used [0x0000000080000000,0x000000008058d960,0x0000000082b00000)
 Metaspace       used 13057K, capacity 13362K, committed 13568K, reserved 1060864K
  class space    used 1778K, capacity 1929K, committed 2048K, reserved 1048576K
}
Event: 3.135 GC heap before
{Heap before GC invocations=6 (full 0):
 PSYoungGen      total 18944K, used 18936K [0x00000000d5580000, 0x00000000d8080000, 0x0000000100000000)
  eden space 16384K, 100% used [0x00000000d5580000,0x00000000d6580000,0x00000000d6580000)
  from space 2560K, 99% used [0x00000000d6580000,0x00000000d67fe050,0x00000000d6800000)
  to   space 5632K, 0% used [0x00000000d7b00000,0x00000000d7b00000,0x00000000d8080000)
 ParOldGen       total 44032K, used 5686K [0x0000000080000000, 0x0000000082b00000, 0x00000000d5580000)
  object space 44032K, 12% used [0x0000000080000000,0x000000008058d960,0x0000000082b00000)
 Metaspace       used 14560K, capacity 14870K, committed 14976K, reserved 1062912K
  class space    used 2032K, capacity 2155K, committed 2176K, reserved 1048576K
Event: 3.143 GC heap after
Heap after GC invocations=6 (full 0):
 PSYoungGen      total 38400K, used 4642K [0x00000000d5580000, 0x00000000d8080000, 0x0000000100000000)
  eden space 32768K, 0% used [0x00000000d5580000,0x00000000d5580000,0x00000000d7580000)
  from space 5632K, 82% used [0x00000000d7b00000,0x00000000d7f88b68,0x00000000d8080000)
  to   space 5632K, 0% used [0x00000000d7580000,0x00000000d7580000,0x00000000d7b00000)
 ParOldGen       total 44032K, used 5686K [0x0000000080000000, 0x0000000082b00000, 0x00000000d5580000)
  object space 44032K, 12% used [0x0000000080000000,0x000000008058d960,0x0000000082b00000)
 Metaspace       used 14560K, capacity 14870K, committed 14976K, reserved 1062912K
  class space    used 2032K, capacity 2155K, committed 2176K, reserved 1048576K
}

Deoptimization events (10 events):
Event: 1.888 Thread 0x0000000002c22800 Uncommon trap: reason=unstable_if action=reinterpret pc=0x0000000002ff581c method=java.io.WinNTFileSystem.normalize(Ljava/lang/String;)Ljava/lang/String; @ 128
Event: 1.888 Thread 0x0000000002c22800 Uncommon trap: reason=unstable_if action=reinterpret pc=0x000000000303aee8 method=java.io.WinNTFileSystem.normalize(Ljava/lang/String;II)Ljava/lang/String; @ 90
Event: 2.675 Thread 0x000000001a892800 Uncommon trap: reason=unstable_if action=reinterpret pc=0x00000000030ba060 method=java.util.concurrent.ConcurrentHashMap.putVal(Ljava/lang/Object;Ljava/lang/Object;Z)Ljava/lang/Object; @ 206
Event: 2.765 Thread 0x000000001a93e800 Uncommon trap: reason=bimorphic action=maybe_recompile pc=0x000000000305d908 method=java.util.HashMap.putVal(ILjava/lang/Object;Ljava/lang/Object;ZZ)Ljava/lang/Object; @ 253
Event: 2.766 Thread 0x000000001a93e800 Uncommon trap: reason=bimorphic action=maybe_recompile pc=0x000000000305d908 method=java.util.HashMap.putVal(ILjava/lang/Object;Ljava/lang/Object;ZZ)Ljava/lang/Object; @ 253
Event: 2.766 Thread 0x000000001a93e800 Uncommon trap: reason=bimorphic action=maybe_recompile pc=0x0000000003056e14 method=java.util.HashMap.putVal(ILjava/lang/Object;Ljava/lang/Object;ZZ)Ljava/lang/Object; @ 253
Event: 2.779 Thread 0x000000001a93e800 Uncommon trap: reason=class_check action=maybe_recompile pc=0x0000000002fc4ad8 method=java.util.regex.Matcher.match(II)Z @ 86
Event: 3.041 Thread 0x000000001a93e800 Uncommon trap: reason=class_check action=maybe_recompile pc=0x0000000002fc4ad8 method=java.util.regex.Matcher.match(II)Z @ 86
Event: 3.042 Thread 0x000000001a93e800 Uncommon trap: reason=class_check action=maybe_recompile pc=0x0000000002f8771c method=java.util.regex.Matcher.match(II)Z @ 86
Event: 3.124 Thread 0x000000001a93e800 Uncommon trap: reason=unstable_if action=reinterpret pc=0x00000000031939f4 method=java.lang.String.lastIndexOf([CII[CIII)I @ 66

Classes redefined (0 events):
No events

Internal exceptions (10 events):
Event: 2.700 Thread 0x000000001a892800 Exception <a 'java/lang/NoSuchMethodError': <clinit>> (0x00000000d55ec8e0) thrown at [D:\src\AOSP-openjdk-cygwin\jdk8u\hotspot\src\share\vm\prims\jni.cpp, line 1613]
Event: 2.703 Thread 0x000000001a892800 Exception <a 'java/lang/NoSuchMethodError': <clinit>> (0x00000000d5604478) thrown at [D:\src\AOSP-openjdk-cygwin\jdk8u\hotspot\src\share\vm\prims\jni.cpp, line 1613]
Event: 2.704 Thread 0x000000001a892800 Exception <a 'java/lang/NoSuchMethodError': <clinit>> (0x00000000d560cf40) thrown at [D:\src\AOSP-openjdk-cygwin\jdk8u\hotspot\src\share\vm\prims\jni.cpp, line 1613]
Event: 2.707 Thread 0x000000001a892800 Exception <a 'java/lang/NoSuchMethodError': <clinit>> (0x00000000d561e648) thrown at [D:\src\AOSP-openjdk-cygwin\jdk8u\hotspot\src\share\vm\prims\jni.cpp, line 1613]
Event: 2.720 Thread 0x000000001a892800 Exception <a 'java/lang/NoSuchMethodError': <clinit>> (0x00000000d5696628) thrown at [D:\src\AOSP-openjdk-cygwin\jdk8u\hotspot\src\share\vm\prims\jni.cpp, line 1613]
Event: 2.724 Thread 0x000000001a892800 Exception <a 'java/lang/NoSuchMethodError': <clinit>> (0x00000000d56b9fe0) thrown at [D:\src\AOSP-openjdk-cygwin\jdk8u\hotspot\src\share\vm\prims\jni.cpp, line 1613]
Event: 2.728 Thread 0x000000001a892800 Exception <a 'java/lang/NoSuchMethodError': <clinit>> (0x00000000d56d4ef8) thrown at [D:\src\AOSP-openjdk-cygwin\jdk8u\hotspot\src\share\vm\prims\jni.cpp, line 1613]
Event: 2.732 Thread 0x000000001a892800 Exception <a 'java/lang/NoSuchMethodError': <clinit>> (0x00000000d56fa700) thrown at [D:\src\AOSP-openjdk-cygwin\jdk8u\hotspot\src\share\vm\prims\jni.cpp, line 1613]
Event: 2.756 Thread 0x000000001a93e800 Exception <a 'java/lang/NoSuchMethodError': <clinit>> (0x00000000d57d12d0) thrown at [D:\src\AOSP-openjdk-cygwin\jdk8u\hotspot\src\share\vm\prims\jni.cpp, line 1613]
Event: 2.757 Thread 0x000000001a93e800 Exception <a 'java/lang/NoSuchMethodError': <clinit>> (0x00000000d57d9558) thrown at [D:\src\AOSP-openjdk-cygwin\jdk8u\hotspot\src\share\vm\prims\jni.cpp, line 1613]

Events (10 events):
Event: 3.156 loading class com/google/common/base/CharMatcher$FastMatcher
Event: 3.156 loading class com/google/common/base/CharMatcher$FastMatcher done
Event: 3.156 loading class com/google/common/base/CharMatcher$10
Event: 3.156 loading class com/google/common/base/CharMatcher$10 done
Event: 3.156 loading class com/google/common/base/CharMatcher$11
Event: 3.156 loading class com/google/common/base/CharMatcher$11 done
Event: 3.157 loading class com/google/common/base/CharMatcher$12
Event: 3.157 loading class com/google/common/base/CharMatcher$12 done
Event: 3.157 loading class com/google/common/base/CharMatcher$14
Event: 3.157 loading class com/google/common/base/CharMatcher$14 done


Dynamic libraries:
0x00007ff7fc750000 - 0x00007ff7fc781000 	C:\Program Files\Android\Android Studio\jre\bin\java.exe
0x00007fffbfd70000 - 0x00007fffbff51000 	C:\WINDOWS\SYSTEM32\ntdll.dll
0x00007fffbf230000 - 0x00007fffbf2e2000 	C:\WINDOWS\System32\KERNEL32.DLL
0x00007fffbcf30000 - 0x00007fffbd1a3000 	C:\WINDOWS\System32\KERNELBASE.dll
0x00007fffbecc0000 - 0x00007fffbed61000 	C:\WINDOWS\System32\ADVAPI32.dll
0x00007fffbfb70000 - 0x00007fffbfc0e000 	C:\WINDOWS\System32\msvcrt.dll
0x00007fffbf4f0000 - 0x00007fffbf54b000 	C:\WINDOWS\System32\sechost.dll
0x00007fffbfc10000 - 0x00007fffbfd34000 	C:\WINDOWS\System32\RPCRT4.dll
0x00007fffbe9d0000 - 0x00007fffbeb60000 	C:\WINDOWS\System32\USER32.dll
0x00007fffbc140000 - 0x00007fffbc160000 	C:\WINDOWS\System32\win32u.dll
0x00007fffbf4c0000 - 0x00007fffbf4e8000 	C:\WINDOWS\System32\GDI32.dll
0x00007fffbc160000 - 0x00007fffbc2f2000 	C:\WINDOWS\System32\gdi32full.dll
0x00007fffbce90000 - 0x00007fffbcf2f000 	C:\WINDOWS\System32\msvcp_win.dll
0x00007fffbcc60000 - 0x00007fffbcd5a000 	C:\WINDOWS\System32\ucrtbase.dll
0x00007fffadc40000 - 0x00007fffadea9000 	C:\WINDOWS\WinSxS\amd64_microsoft.windows.common-controls_6595b64144ccf1df_6.0.17134.112_none_fb3f961b30681c12\COMCTL32.dll
0x00007fffbe6a0000 - 0x00007fffbe9c3000 	C:\WINDOWS\System32\combase.dll
0x00007fffbcd60000 - 0x00007fffbcdda000 	C:\WINDOWS\System32\bcryptPrimitives.dll
0x00007fffbedf0000 - 0x00007fffbee1d000 	C:\WINDOWS\System32\IMM32.DLL
0x0000000068a70000 - 0x0000000068b42000 	C:\Program Files\Android\Android Studio\jre\jre\bin\msvcr100.dll
0x0000000066d10000 - 0x000000006754f000 	C:\Program Files\Android\Android Studio\jre\jre\bin\server\jvm.dll
0x00007fffbee30000 - 0x00007fffbee38000 	C:\WINDOWS\System32\PSAPI.DLL
0x00007fffabe40000 - 0x00007fffabe4a000 	C:\WINDOWS\SYSTEM32\VERSION.dll
0x00007fffbacb0000 - 0x00007fffbacb9000 	C:\WINDOWS\SYSTEM32\WSOCK32.dll
0x00007fffb7e30000 - 0x00007fffb7e53000 	C:\WINDOWS\SYSTEM32\WINMM.dll
0x00007fffbf450000 - 0x00007fffbf4bc000 	C:\WINDOWS\System32\WS2_32.dll
0x00007fffb7e00000 - 0x00007fffb7e2a000 	C:\WINDOWS\SYSTEM32\WINMMBASE.dll
0x00007fffbd1b0000 - 0x00007fffbd1f9000 	C:\WINDOWS\System32\cfgmgr32.dll
0x00007fffb1310000 - 0x00007fffb131f000 	C:\Program Files\Android\Android Studio\jre\jre\bin\verify.dll
0x00007fffaea10000 - 0x00007fffaea39000 	C:\Program Files\Android\Android Studio\jre\jre\bin\java.dll
0x00007fffaf470000 - 0x00007fffaf486000 	C:\Program Files\Android\Android Studio\jre\jre\bin\zip.dll
0x00007fffbd260000 - 0x00007fffbe6a0000 	C:\WINDOWS\System32\SHELL32.dll
0x00007fffbee40000 - 0x00007fffbeee9000 	C:\WINDOWS\System32\shcore.dll
0x00007fffbc300000 - 0x00007fffbca0d000 	C:\WINDOWS\System32\windows.storage.dll
0x00007fffbf550000 - 0x00007fffbf5a1000 	C:\WINDOWS\System32\shlwapi.dll
0x00007fffbc120000 - 0x00007fffbc131000 	C:\WINDOWS\System32\kernel.appcore.dll
0x00007fffbc100000 - 0x00007fffbc11f000 	C:\WINDOWS\System32\profapi.dll
0x00007fffbc090000 - 0x00007fffbc0dc000 	C:\WINDOWS\System32\powrprof.dll
0x00007fffbc080000 - 0x00007fffbc08a000 	C:\WINDOWS\System32\FLTLIB.DLL
0x00007fffab0d0000 - 0x00007fffab0ea000 	C:\Program Files\Android\Android Studio\jre\jre\bin\net.dll
0x00007fffbb900000 - 0x00007fffbb966000 	C:\WINDOWS\system32\mswsock.dll
0x00007fffaa940000 - 0x00007fffaa951000 	C:\Program Files\Android\Android Studio\jre\jre\bin\nio.dll
0x00007fffaef40000 - 0x00007fffaef5e000 	C:\Users\Ren\.gradle\native\25\windows-amd64\native-platform.dll
0x00007fffb7720000 - 0x00007fffb772d000 	C:\Program Files\Android\Android Studio\jre\jre\bin\management.dll
0x00007fffbbab0000 - 0x00007fffbbac7000 	C:\WINDOWS\SYSTEM32\CRYPTSP.dll
0x00007fffbb4e0000 - 0x00007fffbb513000 	C:\WINDOWS\system32\rsaenh.dll
0x00007fffbbbe0000 - 0x00007fffbbc05000 	C:\WINDOWS\SYSTEM32\bcrypt.dll
0x00007fffbbfb0000 - 0x00007fffbbfd8000 	C:\WINDOWS\SYSTEM32\USERENV.dll
0x00007fffbbad0000 - 0x00007fffbbadb000 	C:\WINDOWS\SYSTEM32\CRYPTBASE.dll
0x00007fffbb680000 - 0x00007fffbb6b8000 	C:\WINDOWS\SYSTEM32\IPHLPAPI.DLL
0x00007fffbf2f0000 - 0x00007fffbf2f8000 	C:\WINDOWS\System32\NSI.dll
0x00007fffb4800000 - 0x00007fffb4816000 	C:\WINDOWS\SYSTEM32\dhcpcsvc6.DLL
0x00007fffb47e0000 - 0x00007fffb47fa000 	C:\WINDOWS\SYSTEM32\dhcpcsvc.DLL

VM Arguments:
jvm_args: -Xmx2g -Dfile.encoding=GBK -Duser.country=US -Duser.language=en -Duser.variant 
java_command: org.gradle.launcher.daemon.bootstrap.GradleDaemon 4.4
java_class_path (initial): C:\Users\Ren\.gradle\wrapper\dists\gradle-4.4-all\9br9xq1tocpiv8o6njlyu5op1\gradle-4.4\lib\gradle-launcher-4.4.jar
Launcher Type: SUN_STANDARD

Environment Variables:
PATH=C:\Program Files (x86)\Intel\iCLS Client\;C:\Program Files\Intel\iCLS Client\;C:\Program Files\Microsoft MPI\Bin\;C:\Program Files\Dell\DW WLAN Card;C:\ProgramData\Oracle\Java\javapath;C:\WINDOWS\system32;C:\WINDOWS;C:\WINDOWS\System32\Wbem;C:\WINDOWS\System32\WindowsPowerShell\v1.0\;C:\Program Files\WIDCOMM\Bluetooth Software\;C:\Program Files\WIDCOMM\Bluetooth Software\syswow64;C:\Program Files\Git\cmd;C:\Program Files (x86)\Windows Kits\8.1\Windows Performance Toolkit\;C:\Program Files (x86)\GtkSharp\2.12\bin;C:\HashiCorp\Vagrant\bin;C:\Program Files\nodejs\;C:\WINDOWS\System32\OpenSSH\;C:\Program Files (x86)\Intel\Intel(R) Management Engine Components\DAL;C:\Program Files\Intel\Intel(R) Management Engine Components\DAL;C:\Program Files (x86)\Intel\Intel(R) Management Engine Components\IPT;C:\Program Files\Intel\Intel(R) Management Engine Components\IPT;C:\Program Files (x86)\Yarn\bin\;C:\altera\15.1\modelsim_ase\win32aloem;C:\Users\Ren\AppData\Local\Microsoft\WindowsApps;C:\Users\Ren\AppData\Local\atom\bin;C:\Users\Ren\AppData\Local\Microsoft\WindowsApps;C:\Users\Ren\Anaconda3;C:\Users\Ren\Anaconda3\Scripts;C:\Program Files (x86)\Windows Kits\10\bin\x64;C:\Users\Ren\Anaconda3\Lib\site-packages;C:\Users\Ren\AppData\Roaming\npm;C:\Users\Ren\AppData\Local\Yarn\bin
USERNAME=Ren
OS=Windows_NT
PROCESSOR_IDENTIFIER=Intel64 Family 6 Model 61 Stepping 4, GenuineIntel



---------------  S Y S T E M  ---------------

OS: Windows 10.0 , 64 bit Build 17134 (10.0.17134.1)

CPU:total 4 (initial active 4) (2 cores per cpu, 2 threads per core) family 6 model 61 stepping 4, cmov, cx8, fxsr, mmx, sse, sse2, sse3, ssse3, sse4.1, sse4.2, popcnt, avx, avx2, aes, clmul, erms, 3dnowpref, lzcnt, ht, tsc, tscinvbit, bmi1, bmi2, adx

Memory: 4k page, physical 4096716k(488376k free), swap 5530316k(4152k free)

vm_info: OpenJDK 64-Bit Server VM (25.152-b02) for windows-amd64 JRE (1.8.0_152-release-1024-b02), built by "builder" with MS VC++ 10.0 (VS2010)

time: Sat Jun 30 16:01:21 2018
elapsed time: 3 seconds (0d 0h 0m 3s)

