#
# There is insufficient memory for the Java Runtime Environment to continue.
# Native memory allocation (malloc) failed to allocate 1413536 bytes for Chunk::new
# Possible reasons:
#   The system is out of physical RAM or swap space
#   In 32 bit mode, the process size limit was hit
# Possible solutions:
#   Reduce memory load on the system
#   Increase physical memory or swap space
#   Check if swap backing store is full
#   Use 64 bit Java on a 64 bit OS
#   Decrease Java heap size (-Xmx/-Xms)
#   Decrease number of Java threads
#   Decrease Java thread stack sizes (-Xss)
#   Set larger code cache with -XX:ReservedCodeCacheSize=
# This output file may be truncated or incomplete.
#
#  Out of Memory Error (allocation.cpp:390), pid=3220, tid=0x00000000000028fc
#
# JRE version: OpenJDK Runtime Environment (8.0_152-b02) (build 1.8.0_152-release-1024-b02)
# Java VM: OpenJDK 64-Bit Server VM (25.152-b02 mixed mode windows-amd64 compressed oops)
# Failed to write core dump. Minidumps are not enabled by default on client versions of Windows
#

---------------  T H R E A D  ---------------

Current thread (0x00000000163ae800):  JavaThread "C2 CompilerThread1" daemon [_thread_in_native, id=10492, stack(0x0000000017ea0000,0x0000000017fa0000)]

Stack: [0x0000000017ea0000,0x0000000017fa0000]
[error occurred during error reporting (printing stack bounds), id 0xc0000005]

Native frames: (J=compiled Java code, j=interpreted, Vv=VM code, C=native code)


Current CompileTask:
C2:   3370 1330       4       java.net.URLClassLoader$1::run (5 bytes)


---------------  P R O C E S S  ---------------

Java Threads: ( => current thread )
  0x00000000196c7000 JavaThread "Cache worker for file hash cache (C:\Users\Ren\Documents\EasyOnlineConverter\.gradle\4.4\fileHashes)" [_thread_blocked, id=10964, stack(0x000000001bb80000,0x000000001bc80000)]
  0x0000000019180000 JavaThread "File lock request listener" [_thread_in_native, id=5524, stack(0x000000001aab0000,0x000000001abb0000)]
  0x00000000195ae000 JavaThread "Cache worker for file hash cache (C:\Users\Ren\.gradle\caches\4.4\fileHashes)" [_thread_blocked, id=9380, stack(0x000000001a9b0000,0x000000001aab0000)]
  0x0000000019194800 JavaThread "Stdin handler" [_thread_blocked, id=9432, stack(0x000000001a6b0000,0x000000001a7b0000)]
  0x000000001917e800 JavaThread "Asynchronous log dispatcher for DefaultDaemonConnection: socket connection from /127.0.0.1:60412 to /127.0.0.1:60413" [_thread_blocked, id=6296, stack(0x000000001a5b0000,0x000000001a6b0000)]
  0x0000000019179800 JavaThread "Daemon worker" [_thread_in_vm, id=11260, stack(0x000000001a4b0000,0x000000001a5b0000)]
  0x000000001917d800 JavaThread "Cancel handler" [_thread_blocked, id=5672, stack(0x000000001a3b0000,0x000000001a4b0000)]
  0x000000001937b000 JavaThread "Handler for socket connection from /127.0.0.1:60412 to /127.0.0.1:60413" [_thread_in_native, id=9048, stack(0x000000001a0b0000,0x000000001a1b0000)]
  0x0000000019374800 JavaThread "Daemon" [_thread_blocked, id=5388, stack(0x0000000019fb0000,0x000000001a0b0000)]
  0x00000000192f7000 JavaThread "Daemon periodic checks" [_thread_blocked, id=9572, stack(0x0000000019eb0000,0x0000000019fb0000)]
  0x00000000192f5800 JavaThread "Incoming local TCP Connector on port 60412" [_thread_in_native, id=584, stack(0x0000000019c70000,0x0000000019d70000)]
  0x0000000017833800 JavaThread "Service Thread" daemon [_thread_blocked, id=9000, stack(0x00000000180a0000,0x00000000181a0000)]
  0x00000000177b2000 JavaThread "C1 CompilerThread2" daemon [_thread_blocked, id=9508, stack(0x0000000017fa0000,0x00000000180a0000)]
=>0x00000000163ae800 JavaThread "C2 CompilerThread1" daemon [_thread_in_native, id=10492, stack(0x0000000017ea0000,0x0000000017fa0000)]
  0x00000000163aa000 JavaThread "C2 CompilerThread0" daemon [_thread_in_native, id=8380, stack(0x0000000017da0000,0x0000000017ea0000)]
  0x00000000163a9800 JavaThread "Attach Listener" daemon [_thread_blocked, id=3868, stack(0x0000000017ca0000,0x0000000017da0000)]
  0x0000000016364000 JavaThread "Signal Dispatcher" daemon [_thread_blocked, id=1084, stack(0x0000000017ba0000,0x0000000017ca0000)]
  0x00000000029dc800 JavaThread "Finalizer" daemon [_thread_blocked, id=11016, stack(0x00000000175b0000,0x00000000176b0000)]
  0x00000000029d1800 JavaThread "Reference Handler" daemon [_thread_blocked, id=1840, stack(0x00000000174b0000,0x00000000175b0000)]
  0x00000000028e2800 JavaThread "main" [_thread_blocked, id=6012, stack(0x0000000002770000,0x0000000002870000)]

Other Threads:
  0x0000000016316000 VMThread [stack: 0x00000000173b0000,0x00000000174b0000] [id=5500]
  0x0000000017834000 WatcherThread [stack: 0x00000000181a0000,0x00000000182a0000] [id=5780]

VM state:not at safepoint (normal execution)

VM Mutex/Monitor currently owned by a thread: None

Heap:
 PSYoungGen      total 35328K, used 13580K [0x00000000e0000000, 0x00000000e2500000, 0x0000000100000000)
  eden space 32768K, 33% used [0x00000000e0000000,0x00000000e0ac9220,0x00000000e2000000)
  from space 2560K, 99% used [0x00000000e2000000,0x00000000e227a020,0x00000000e2280000)
  to   space 2560K, 0% used [0x00000000e2280000,0x00000000e2280000,0x00000000e2500000)
 ParOldGen       total 44032K, used 7547K [0x00000000a0000000, 0x00000000a2b00000, 0x00000000e0000000)
  object space 44032K, 17% used [0x00000000a0000000,0x00000000a075ed78,0x00000000a2b00000)
 Metaspace       used 15680K, capacity 16054K, committed 16256K, reserved 1062912K
  class space    used 2208K, capacity 2379K, committed 2432K, reserved 1048576K

Card table byte_map: [0x0000000011da0000,0x00000000120b0000] byte_map_base: 0x00000000118a0000

Marking Bits: (ParMarkBitMap*) 0x00000000674d4970
 Begin Bits: [0x00000000126b0000, 0x0000000013eb0000)
 End Bits:   [0x0000000013eb0000, 0x00000000156b0000)

Polling page: 0x0000000000b50000

CodeCache: size=245760Kb used=4977Kb max_used=4977Kb free=240782Kb
 bounds [0x00000000029e0000, 0x0000000002ec0000, 0x00000000119e0000]
 total_blobs=1828 nmethods=1453 adapters=288
 compilation: enabled

Compilation events (10 events):
Event: 3.289 Thread 0x00000000177b2000 nmethod 1445 0x0000000002eb9b10 code [0x0000000002eb9ca0, 0x0000000002eba0d0]
Event: 3.290 Thread 0x00000000177b2000 1446       3       sun.misc.ProxyGenerator::access$700 (7 bytes)
Event: 3.290 Thread 0x00000000177b2000 nmethod 1446 0x0000000002eb9690 code [0x0000000002eb9800, 0x0000000002eb99e8]
Event: 3.293 Thread 0x00000000163aa000 1447   !   4       java.net.URLClassLoader$1::run (63 bytes)
Event: 3.296 Thread 0x00000000177b2000 1448       3       java.util.ArrayList::isEmpty (13 bytes)
Event: 3.296 Thread 0x00000000177b2000 nmethod 1448 0x0000000002eb9310 code [0x0000000002eb9460, 0x0000000002eb9610]
Event: 3.355 Thread 0x00000000177b2000 1449       3       org.objectweb.asm.ClassWriter::get (49 bytes)
Event: 3.356 Thread 0x00000000177b2000 nmethod 1449 0x0000000002eb8c50 code [0x0000000002eb8de0, 0x0000000002eb9168]
Event: 3.356 Thread 0x00000000177b2000 1450       3       org.objectweb.asm.Item::set (143 bytes)
Event: 3.357 Thread 0x00000000177b2000 nmethod 1450 0x0000000002ebd190 code [0x0000000002ebd340, 0x0000000002ebd9f8]

GC Heap History (10 events):
Event: 0.726 GC heap before
{Heap before GC invocations=1 (full 0):
 PSYoungGen      total 18944K, used 16384K [0x00000000e0000000, 0x00000000e1500000, 0x0000000100000000)
  eden space 16384K, 100% used [0x00000000e0000000,0x00000000e1000000,0x00000000e1000000)
  from space 2560K, 0% used [0x00000000e1280000,0x00000000e1280000,0x00000000e1500000)
  to   space 2560K, 0% used [0x00000000e1000000,0x00000000e1000000,0x00000000e1280000)
 ParOldGen       total 44032K, used 0K [0x00000000a0000000, 0x00000000a2b00000, 0x00000000e0000000)
  object space 44032K, 0% used [0x00000000a0000000,0x00000000a0000000,0x00000000a2b00000)
 Metaspace       used 5772K, capacity 5934K, committed 6144K, reserved 1056768K
  class space    used 703K, capacity 747K, committed 768K, reserved 1048576K
Event: 0.731 GC heap after
Heap after GC invocations=1 (full 0):
 PSYoungGen      total 18944K, used 2546K [0x00000000e0000000, 0x00000000e1500000, 0x0000000100000000)
  eden space 16384K, 0% used [0x00000000e0000000,0x00000000e0000000,0x00000000e1000000)
  from space 2560K, 99% used [0x00000000e1000000,0x00000000e127c858,0x00000000e1280000)
  to   space 2560K, 0% used [0x00000000e1280000,0x00000000e1280000,0x00000000e1500000)
 ParOldGen       total 44032K, used 561K [0x00000000a0000000, 0x00000000a2b00000, 0x00000000e0000000)
  object space 44032K, 1% used [0x00000000a0000000,0x00000000a008c500,0x00000000a2b00000)
 Metaspace       used 5772K, capacity 5934K, committed 6144K, reserved 1056768K
  class space    used 703K, capacity 747K, committed 768K, reserved 1048576K
}
Event: 1.205 GC heap before
{Heap before GC invocations=2 (full 0):
 PSYoungGen      total 18944K, used 18930K [0x00000000e0000000, 0x00000000e1500000, 0x0000000100000000)
  eden space 16384K, 100% used [0x00000000e0000000,0x00000000e1000000,0x00000000e1000000)
  from space 2560K, 99% used [0x00000000e1000000,0x00000000e127c858,0x00000000e1280000)
  to   space 2560K, 0% used [0x00000000e1280000,0x00000000e1280000,0x00000000e1500000)
 ParOldGen       total 44032K, used 561K [0x00000000a0000000, 0x00000000a2b00000, 0x00000000e0000000)
  object space 44032K, 1% used [0x00000000a0000000,0x00000000a008c500,0x00000000a2b00000)
 Metaspace       used 6636K, capacity 6830K, committed 7040K, reserved 1056768K
  class space    used 806K, capacity 875K, committed 896K, reserved 1048576K
Event: 1.211 GC heap after
Heap after GC invocations=2 (full 0):
 PSYoungGen      total 18944K, used 2558K [0x00000000e0000000, 0x00000000e1500000, 0x0000000100000000)
  eden space 16384K, 0% used [0x00000000e0000000,0x00000000e0000000,0x00000000e1000000)
  from space 2560K, 99% used [0x00000000e1280000,0x00000000e14ff8c0,0x00000000e1500000)
  to   space 2560K, 0% used [0x00000000e1000000,0x00000000e1000000,0x00000000e1280000)
 ParOldGen       total 44032K, used 743K [0x00000000a0000000, 0x00000000a2b00000, 0x00000000e0000000)
  object space 44032K, 1% used [0x00000000a0000000,0x00000000a00b9ca8,0x00000000a2b00000)
 Metaspace       used 6636K, capacity 6830K, committed 7040K, reserved 1056768K
  class space    used 806K, capacity 875K, committed 896K, reserved 1048576K
}
Event: 1.449 GC heap before
{Heap before GC invocations=3 (full 0):
 PSYoungGen      total 18944K, used 18942K [0x00000000e0000000, 0x00000000e1500000, 0x0000000100000000)
  eden space 16384K, 100% used [0x00000000e0000000,0x00000000e1000000,0x00000000e1000000)
  from space 2560K, 99% used [0x00000000e1280000,0x00000000e14ff8c0,0x00000000e1500000)
  to   space 2560K, 0% used [0x00000000e1000000,0x00000000e1000000,0x00000000e1280000)
 ParOldGen       total 44032K, used 743K [0x00000000a0000000, 0x00000000a2b00000, 0x00000000e0000000)
  object space 44032K, 1% used [0x00000000a0000000,0x00000000a00b9ca8,0x00000000a2b00000)
 Metaspace       used 6964K, capacity 7176K, committed 7424K, reserved 1056768K
  class space    used 875K, capacity 948K, committed 1024K, reserved 1048576K
Event: 1.453 GC heap after
Heap after GC invocations=3 (full 0):
 PSYoungGen      total 18944K, used 2536K [0x00000000e0000000, 0x00000000e2500000, 0x0000000100000000)
  eden space 16384K, 0% used [0x00000000e0000000,0x00000000e0000000,0x00000000e1000000)
  from space 2560K, 99% used [0x00000000e1000000,0x00000000e127a040,0x00000000e1280000)
  to   space 2560K, 0% used [0x00000000e2280000,0x00000000e2280000,0x00000000e2500000)
 ParOldGen       total 44032K, used 1252K [0x00000000a0000000, 0x00000000a2b00000, 0x00000000e0000000)
  object space 44032K, 2% used [0x00000000a0000000,0x00000000a01392d8,0x00000000a2b00000)
 Metaspace       used 6964K, capacity 7176K, committed 7424K, reserved 1056768K
  class space    used 875K, capacity 948K, committed 1024K, reserved 1048576K
}
Event: 2.734 GC heap before
{Heap before GC invocations=4 (full 0):
 PSYoungGen      total 18944K, used 18920K [0x00000000e0000000, 0x00000000e2500000, 0x0000000100000000)
  eden space 16384K, 100% used [0x00000000e0000000,0x00000000e1000000,0x00000000e1000000)
  from space 2560K, 99% used [0x00000000e1000000,0x00000000e127a040,0x00000000e1280000)
  to   space 2560K, 0% used [0x00000000e2280000,0x00000000e2280000,0x00000000e2500000)
 ParOldGen       total 44032K, used 1252K [0x00000000a0000000, 0x00000000a2b00000, 0x00000000e0000000)
  object space 44032K, 2% used [0x00000000a0000000,0x00000000a01392d8,0x00000000a2b00000)
 Metaspace       used 11584K, capacity 11868K, committed 12160K, reserved 1060864K
  class space    used 1530K, capacity 1632K, committed 1664K, reserved 1048576K
Event: 2.741 GC heap after
Heap after GC invocations=4 (full 0):
 PSYoungGen      total 35328K, used 2536K [0x00000000e0000000, 0x00000000e2500000, 0x0000000100000000)
  eden space 32768K, 0% used [0x00000000e0000000,0x00000000e0000000,0x00000000e2000000)
  from space 2560K, 99% used [0x00000000e2280000,0x00000000e24fa040,0x00000000e2500000)
  to   space 2560K, 0% used [0x00000000e2000000,0x00000000e2000000,0x00000000e2280000)
 ParOldGen       total 44032K, used 3849K [0x00000000a0000000, 0x00000000a2b00000, 0x00000000e0000000)
  object space 44032K, 8% used [0x00000000a0000000,0x00000000a03c25f8,0x00000000a2b00000)
 Metaspace       used 11584K, capacity 11868K, committed 12160K, reserved 1060864K
  class space    used 1530K, capacity 1632K, committed 1664K, reserved 1048576K
}
Event: 3.147 GC heap before
{Heap before GC invocations=5 (full 0):
 PSYoungGen      total 35328K, used 35304K [0x00000000e0000000, 0x00000000e2500000, 0x0000000100000000)
  eden space 32768K, 100% used [0x00000000e0000000,0x00000000e2000000,0x00000000e2000000)
  from space 2560K, 99% used [0x00000000e2280000,0x00000000e24fa040,0x00000000e2500000)
  to   space 2560K, 0% used [0x00000000e2000000,0x00000000e2000000,0x00000000e2280000)
 ParOldGen       total 44032K, used 3849K [0x00000000a0000000, 0x00000000a2b00000, 0x00000000e0000000)
  object space 44032K, 8% used [0x00000000a0000000,0x00000000a03c25f8,0x00000000a2b00000)
 Metaspace       used 14452K, capacity 14774K, committed 14976K, reserved 1062912K
  class space    used 2015K, capacity 2123K, committed 2176K, reserved 1048576K
Event: 3.157 GC heap after
Heap after GC invocations=5 (full 0):
 PSYoungGen      total 35328K, used 2536K [0x00000000e0000000, 0x00000000e2500000, 0x0000000100000000)
  eden space 32768K, 0% used [0x00000000e0000000,0x00000000e0000000,0x00000000e2000000)
  from space 2560K, 99% used [0x00000000e2000000,0x00000000e227a020,0x00000000e2280000)
  to   space 2560K, 0% used [0x00000000e2280000,0x00000000e2280000,0x00000000e2500000)
 ParOldGen       total 44032K, used 7547K [0x00000000a0000000, 0x00000000a2b00000, 0x00000000e0000000)
  object space 44032K, 17% used [0x00000000a0000000,0x00000000a075ed78,0x00000000a2b00000)
 Metaspace       used 14452K, capacity 14774K, committed 14976K, reserved 1062912K
  class space    used 2015K, capacity 2123K, committed 2176K, reserved 1048576K
}

Deoptimization events (10 events):
Event: 1.508 Thread 0x00000000028e2800 Uncommon trap: reason=bimorphic action=maybe_recompile pc=0x0000000002c59e3c method=java.util.HashMap.putVal(ILjava/lang/Object;Ljava/lang/Object;ZZ)Ljava/lang/Object; @ 91
Event: 1.668 Thread 0x00000000028e2800 Uncommon trap: reason=bimorphic action=maybe_recompile pc=0x0000000002d16184 method=java.util.HashMap.putVal(ILjava/lang/Object;Ljava/lang/Object;ZZ)Ljava/lang/Object; @ 203
Event: 1.903 Thread 0x00000000028e2800 Uncommon trap: reason=unstable_if action=reinterpret pc=0x0000000002cb8198 method=java.io.WinNTFileSystem.normalize(Ljava/lang/String;)Ljava/lang/String; @ 128
Event: 1.903 Thread 0x00000000028e2800 Uncommon trap: reason=unstable_if action=reinterpret pc=0x0000000002cf74a8 method=java.io.WinNTFileSystem.normalize(Ljava/lang/String;II)Ljava/lang/String; @ 90
Event: 2.730 Thread 0x000000001937b000 Uncommon trap: reason=unstable_if action=reinterpret pc=0x0000000002d6f6a0 method=java.util.concurrent.ConcurrentHashMap.putVal(Ljava/lang/Object;Ljava/lang/Object;Z)Ljava/lang/Object; @ 206
Event: 2.824 Thread 0x0000000019179800 Uncommon trap: reason=bimorphic action=maybe_recompile pc=0x0000000002d152bc method=java.util.HashMap.putVal(ILjava/lang/Object;Ljava/lang/Object;ZZ)Ljava/lang/Object; @ 253
Event: 2.824 Thread 0x0000000019179800 Uncommon trap: reason=bimorphic action=maybe_recompile pc=0x0000000002d152bc method=java.util.HashMap.putVal(ILjava/lang/Object;Ljava/lang/Object;ZZ)Ljava/lang/Object; @ 253
Event: 2.837 Thread 0x0000000019179800 Uncommon trap: reason=class_check action=maybe_recompile pc=0x0000000002c4660c method=java.util.regex.Matcher.match(II)Z @ 86
Event: 3.081 Thread 0x0000000019179800 Uncommon trap: reason=class_check action=maybe_recompile pc=0x0000000002c4660c method=java.util.regex.Matcher.match(II)Z @ 86
Event: 3.167 Thread 0x0000000019179800 Uncommon trap: reason=unstable_if action=reinterpret pc=0x0000000002e464b4 method=java.lang.String.lastIndexOf([CII[CIII)I @ 66

Classes redefined (0 events):
No events

Internal exceptions (10 events):
Event: 2.754 Thread 0x000000001937b000 Exception <a 'java/lang/NoSuchMethodError': <clinit>> (0x00000000e006cf10) thrown at [D:\src\AOSP-openjdk-cygwin\jdk8u\hotspot\src\share\vm\prims\jni.cpp, line 1613]
Event: 2.756 Thread 0x000000001937b000 Exception <a 'java/lang/NoSuchMethodError': <clinit>> (0x00000000e009b288) thrown at [D:\src\AOSP-openjdk-cygwin\jdk8u\hotspot\src\share\vm\prims\jni.cpp, line 1613]
Event: 2.757 Thread 0x000000001937b000 Exception <a 'java/lang/NoSuchMethodError': <clinit>> (0x00000000e00a3d50) thrown at [D:\src\AOSP-openjdk-cygwin\jdk8u\hotspot\src\share\vm\prims\jni.cpp, line 1613]
Event: 2.759 Thread 0x000000001937b000 Exception <a 'java/lang/NoSuchMethodError': <clinit>> (0x00000000e00b53a0) thrown at [D:\src\AOSP-openjdk-cygwin\jdk8u\hotspot\src\share\vm\prims\jni.cpp, line 1613]
Event: 2.773 Thread 0x000000001937b000 Exception <a 'java/lang/NoSuchMethodError': <clinit>> (0x00000000e0122950) thrown at [D:\src\AOSP-openjdk-cygwin\jdk8u\hotspot\src\share\vm\prims\jni.cpp, line 1613]
Event: 2.779 Thread 0x000000001937b000 Exception <a 'java/lang/NoSuchMethodError': <clinit>> (0x00000000e0146258) thrown at [D:\src\AOSP-openjdk-cygwin\jdk8u\hotspot\src\share\vm\prims\jni.cpp, line 1613]
Event: 2.783 Thread 0x000000001937b000 Exception <a 'java/lang/NoSuchMethodError': <clinit>> (0x00000000e0161160) thrown at [D:\src\AOSP-openjdk-cygwin\jdk8u\hotspot\src\share\vm\prims\jni.cpp, line 1613]
Event: 2.786 Thread 0x000000001937b000 Exception <a 'java/lang/NoSuchMethodError': <clinit>> (0x00000000e0186818) thrown at [D:\src\AOSP-openjdk-cygwin\jdk8u\hotspot\src\share\vm\prims\jni.cpp, line 1613]
Event: 2.814 Thread 0x0000000019179800 Exception <a 'java/lang/NoSuchMethodError': <clinit>> (0x00000000e02ed0b8) thrown at [D:\src\AOSP-openjdk-cygwin\jdk8u\hotspot\src\share\vm\prims\jni.cpp, line 1613]
Event: 2.814 Thread 0x0000000019179800 Exception <a 'java/lang/NoSuchMethodError': <clinit>> (0x00000000e02f5340) thrown at [D:\src\AOSP-openjdk-cygwin\jdk8u\hotspot\src\share\vm\prims\jni.cpp, line 1613]

Events (10 events):
Event: 3.359 loading class org/gradle/internal/ImmutableActionSet$SingletonSet
Event: 3.359 loading class org/gradle/internal/ImmutableActionSet$SingletonSet done
Event: 3.359 loading class org/gradle/internal/ImmutableActionSet$CompositeSet
Event: 3.359 loading class org/gradle/internal/ImmutableActionSet$CompositeSet done
Event: 3.360 loading class org/gradle/internal/ImmutableActionSet$EmptySet
Event: 3.360 loading class org/gradle/internal/ImmutableActionSet$EmptySet done
Event: 3.361 loading class org/gradle/plugin/management/internal/DefaultPluginResolutionStrategy$1
Event: 3.361 loading class org/gradle/plugin/management/internal/DefaultPluginResolutionStrategy$1 done
Event: 3.361 loading class org/gradle/plugin/use/internal/DefaultPluginRequestApplicator
Event: 3.361 loading class org/gradle/plugin/use/internal/DefaultPluginRequestApplicator done


Dynamic libraries:
0x00007ff7fc750000 - 0x00007ff7fc781000 	C:\Program Files\Android\Android Studio\jre\bin\java.exe
0x00007fffbfd70000 - 0x00007fffbff51000 	C:\WINDOWS\SYSTEM32\ntdll.dll
0x00007fffbf230000 - 0x00007fffbf2e2000 	C:\WINDOWS\System32\KERNEL32.DLL
0x00007fffbcf30000 - 0x00007fffbd1a3000 	C:\WINDOWS\System32\KERNELBASE.dll
0x00007fffbecc0000 - 0x00007fffbed61000 	C:\WINDOWS\System32\ADVAPI32.dll
0x00007fffbfb70000 - 0x00007fffbfc0e000 	C:\WINDOWS\System32\msvcrt.dll
0x00007fffbf4f0000 - 0x00007fffbf54b000 	C:\WINDOWS\System32\sechost.dll
0x00007fffbfc10000 - 0x00007fffbfd34000 	C:\WINDOWS\System32\RPCRT4.dll
0x00007fffbe9d0000 - 0x00007fffbeb60000 	C:\WINDOWS\System32\USER32.dll
0x00007fffbc140000 - 0x00007fffbc160000 	C:\WINDOWS\System32\win32u.dll
0x00007fffbf4c0000 - 0x00007fffbf4e8000 	C:\WINDOWS\System32\GDI32.dll
0x00007fffbc160000 - 0x00007fffbc2f2000 	C:\WINDOWS\System32\gdi32full.dll
0x00007fffbce90000 - 0x00007fffbcf2f000 	C:\WINDOWS\System32\msvcp_win.dll
0x00007fffbcc60000 - 0x00007fffbcd5a000 	C:\WINDOWS\System32\ucrtbase.dll
0x00007fffadc40000 - 0x00007fffadea9000 	C:\WINDOWS\WinSxS\amd64_microsoft.windows.common-controls_6595b64144ccf1df_6.0.17134.112_none_fb3f961b30681c12\COMCTL32.dll
0x00007fffbe6a0000 - 0x00007fffbe9c3000 	C:\WINDOWS\System32\combase.dll
0x00007fffbcd60000 - 0x00007fffbcdda000 	C:\WINDOWS\System32\bcryptPrimitives.dll
0x00007fffbedf0000 - 0x00007fffbee1d000 	C:\WINDOWS\System32\IMM32.DLL
0x0000000068a70000 - 0x0000000068b42000 	C:\Program Files\Android\Android Studio\jre\jre\bin\msvcr100.dll
0x0000000066d10000 - 0x000000006754f000 	C:\Program Files\Android\Android Studio\jre\jre\bin\server\jvm.dll
0x00007fffbee30000 - 0x00007fffbee38000 	C:\WINDOWS\System32\PSAPI.DLL
0x00007fffabe40000 - 0x00007fffabe4a000 	C:\WINDOWS\SYSTEM32\VERSION.dll
0x00007fffb7e30000 - 0x00007fffb7e53000 	C:\WINDOWS\SYSTEM32\WINMM.dll
0x00007fffbacb0000 - 0x00007fffbacb9000 	C:\WINDOWS\SYSTEM32\WSOCK32.dll
0x00007fffbf450000 - 0x00007fffbf4bc000 	C:\WINDOWS\System32\WS2_32.dll
0x00007fffb7e00000 - 0x00007fffb7e2a000 	C:\WINDOWS\SYSTEM32\winmmbase.dll
0x00007fffbd1b0000 - 0x00007fffbd1f9000 	C:\WINDOWS\System32\cfgmgr32.dll
0x00007fffb1310000 - 0x00007fffb131f000 	C:\Program Files\Android\Android Studio\jre\jre\bin\verify.dll
0x00007fffaea10000 - 0x00007fffaea39000 	C:\Program Files\Android\Android Studio\jre\jre\bin\java.dll
0x00007fffaf470000 - 0x00007fffaf486000 	C:\Program Files\Android\Android Studio\jre\jre\bin\zip.dll
0x00007fffbd260000 - 0x00007fffbe6a0000 	C:\WINDOWS\System32\SHELL32.dll
0x00007fffbee40000 - 0x00007fffbeee9000 	C:\WINDOWS\System32\shcore.dll
0x00007fffbc300000 - 0x00007fffbca0d000 	C:\WINDOWS\System32\windows.storage.dll
0x00007fffbf550000 - 0x00007fffbf5a1000 	C:\WINDOWS\System32\shlwapi.dll
0x00007fffbc120000 - 0x00007fffbc131000 	C:\WINDOWS\System32\kernel.appcore.dll
0x00007fffbc100000 - 0x00007fffbc11f000 	C:\WINDOWS\System32\profapi.dll
0x00007fffbc090000 - 0x00007fffbc0dc000 	C:\WINDOWS\System32\powrprof.dll
0x00007fffbc080000 - 0x00007fffbc08a000 	C:\WINDOWS\System32\FLTLIB.DLL
0x00007fffab0d0000 - 0x00007fffab0ea000 	C:\Program Files\Android\Android Studio\jre\jre\bin\net.dll
0x00007fffbb900000 - 0x00007fffbb966000 	C:\WINDOWS\system32\mswsock.dll
0x00007fffaa940000 - 0x00007fffaa951000 	C:\Program Files\Android\Android Studio\jre\jre\bin\nio.dll
0x00007fffaef40000 - 0x00007fffaef5e000 	C:\Users\Ren\.gradle\native\25\windows-amd64\native-platform.dll
0x00007fffb7720000 - 0x00007fffb772d000 	C:\Program Files\Android\Android Studio\jre\jre\bin\management.dll
0x00007fffbbab0000 - 0x00007fffbbac7000 	C:\WINDOWS\SYSTEM32\CRYPTSP.dll
0x00007fffbb4e0000 - 0x00007fffbb513000 	C:\WINDOWS\system32\rsaenh.dll
0x00007fffbbbe0000 - 0x00007fffbbc05000 	C:\WINDOWS\SYSTEM32\bcrypt.dll
0x00007fffbbfb0000 - 0x00007fffbbfd8000 	C:\WINDOWS\SYSTEM32\USERENV.dll
0x00007fffbbad0000 - 0x00007fffbbadb000 	C:\WINDOWS\SYSTEM32\CRYPTBASE.dll
0x00007fffbb680000 - 0x00007fffbb6b8000 	C:\WINDOWS\SYSTEM32\IPHLPAPI.DLL
0x00007fffbf2f0000 - 0x00007fffbf2f8000 	C:\WINDOWS\System32\NSI.dll
0x00007fffb4800000 - 0x00007fffb4816000 	C:\WINDOWS\SYSTEM32\dhcpcsvc6.DLL
0x00007fffb47e0000 - 0x00007fffb47fa000 	C:\WINDOWS\SYSTEM32\dhcpcsvc.DLL

VM Arguments:
jvm_args: -Xmx1536m -Dfile.encoding=GBK -Duser.country=US -Duser.language=en -Duser.variant 
java_command: org.gradle.launcher.daemon.bootstrap.GradleDaemon 4.4
java_class_path (initial): C:\Users\Ren\.gradle\wrapper\dists\gradle-4.4-all\9br9xq1tocpiv8o6njlyu5op1\gradle-4.4\lib\gradle-launcher-4.4.jar
Launcher Type: SUN_STANDARD

Environment Variables:
PATH=C:\Program Files (x86)\Intel\iCLS Client\;C:\Program Files\Intel\iCLS Client\;C:\Program Files\Microsoft MPI\Bin\;C:\Program Files\Dell\DW WLAN Card;C:\ProgramData\Oracle\Java\javapath;C:\WINDOWS\system32;C:\WINDOWS;C:\WINDOWS\System32\Wbem;C:\WINDOWS\System32\WindowsPowerShell\v1.0\;C:\Program Files\WIDCOMM\Bluetooth Software\;C:\Program Files\WIDCOMM\Bluetooth Software\syswow64;C:\Program Files\Git\cmd;C:\Program Files (x86)\Windows Kits\8.1\Windows Performance Toolkit\;C:\Program Files (x86)\GtkSharp\2.12\bin;C:\HashiCorp\Vagrant\bin;C:\Program Files\nodejs\;C:\WINDOWS\System32\OpenSSH\;C:\Program Files (x86)\Intel\Intel(R) Management Engine Components\DAL;C:\Program Files\Intel\Intel(R) Management Engine Components\DAL;C:\Program Files (x86)\Intel\Intel(R) Management Engine Components\IPT;C:\Program Files\Intel\Intel(R) Management Engine Components\IPT;C:\Program Files (x86)\Yarn\bin\;C:\altera\15.1\modelsim_ase\win32aloem;C:\Users\Ren\AppData\Local\Microsoft\WindowsApps;C:\Users\Ren\AppData\Local\atom\bin;C:\Users\Ren\AppData\Local\Microsoft\WindowsApps;C:\Users\Ren\Anaconda3;C:\Users\Ren\Anaconda3\Scripts;C:\Program Files (x86)\Windows Kits\10\bin\x64;C:\Users\Ren\Anaconda3\Lib\site-packages;C:\Users\Ren\AppData\Roaming\npm;C:\Users\Ren\AppData\Local\Yarn\bin
USERNAME=Ren
OS=Windows_NT
PROCESSOR_IDENTIFIER=Intel64 Family 6 Model 61 Stepping 4, GenuineIntel



---------------  S Y S T E M  ---------------

OS: Windows 10.0 , 64 bit Build 17134 (10.0.17134.1)

CPU:total 4 (initial active 4) (2 cores per cpu, 2 threads per core) family 6 model 61 stepping 4, cmov, cx8, fxsr, mmx, sse, sse2, sse3, ssse3, sse4.1, sse4.2, popcnt, avx, avx2, aes, clmul, erms, 3dnowpref, lzcnt, ht, tsc, tscinvbit, bmi1, bmi2, adx

Memory: 4k page, physical 4096716k(476376k free), swap 5530316k(5600k free)

vm_info: OpenJDK 64-Bit Server VM (25.152-b02) for windows-amd64 JRE (1.8.0_152-release-1024-b02), built by "builder" with MS VC++ 10.0 (VS2010)

time: Sat Jun 30 15:59:36 2018
elapsed time: 3 seconds (0d 0h 0m 3s)

