#
# There is insufficient memory for the Java Runtime Environment to continue.
# Native memory allocation (malloc) failed to allocate 1042400 bytes for Chunk::new
# Possible reasons:
#   The system is out of physical RAM or swap space
#   In 32 bit mode, the process size limit was hit
# Possible solutions:
#   Reduce memory load on the system
#   Increase physical memory or swap space
#   Check if swap backing store is full
#   Use 64 bit Java on a 64 bit OS
#   Decrease Java heap size (-Xmx/-Xms)
#   Decrease number of Java threads
#   Decrease Java thread stack sizes (-Xss)
#   Set larger code cache with -XX:ReservedCodeCacheSize=
# This output file may be truncated or incomplete.
#
#  Out of Memory Error (allocation.cpp:390), pid=6684, tid=0x0000000000002444
#
# JRE version: OpenJDK Runtime Environment (8.0_152-b02) (build 1.8.0_152-release-1024-b02)
# Java VM: OpenJDK 64-Bit Server VM (25.152-b02 mixed mode windows-amd64 compressed oops)
# Failed to write core dump. Minidumps are not enabled by default on client versions of Windows
#

---------------  T H R E A D  ---------------

Current thread (0x0000000017d2d800):  JavaThread "C2 CompilerThread1" daemon [_thread_in_native, id=9284, stack(0x0000000019810000,0x0000000019910000)]

Stack: [0x0000000019810000,0x0000000019910000]
[error occurred during error reporting (printing stack bounds), id 0xc0000005]

Native frames: (J=compiled Java code, j=interpreted, Vv=VM code, C=native code)


Current CompileTask:
C2:  13829 5165       4       sun.reflect.generics.parser.SignatureParser::parsePackageNameAndSimpleClassTypeSignature (139 bytes)


---------------  P R O C E S S  ---------------

Java Threads: ( => current thread )
  0x000000001e400000 JavaThread "Memory manager" [_thread_blocked, id=8600, stack(0x0000000022240000,0x0000000022340000)]
  0x000000001e3fd000 JavaThread "build operations Thread 4" [_thread_blocked, id=7192, stack(0x0000000021f40000,0x0000000022040000)]
  0x000000001e3fc800 JavaThread "build operations Thread 3" [_thread_blocked, id=4980, stack(0x0000000021e40000,0x0000000021f40000)]
  0x000000001e3fb800 JavaThread "build operations Thread 2" [_thread_blocked, id=9712, stack(0x0000000021470000,0x0000000021570000)]
  0x000000001e3fe000 JavaThread "build operations" [_thread_blocked, id=2480, stack(0x00000000210b0000,0x00000000211b0000)]
  0x000000001e3fb000 JavaThread "Cache worker for Artifact transforms cache (C:\Users\Ren\.gradle\caches\transforms-1)" [_thread_blocked, id=10036, stack(0x000000001fb30000,0x000000001fc30000)]
  0x000000001c7a7000 JavaThread "Cache worker for file hash cache (C:\Users\Ren\Documents\EasyOnlineConverter\.gradle\4.4\fileHashes)" [_thread_blocked, id=2980, stack(0x000000001d4f0000,0x000000001d5f0000)]
  0x000000001af4a000 JavaThread "File lock request listener" [_thread_in_native, id=4332, stack(0x000000001c420000,0x000000001c520000)]
  0x000000001ae60000 JavaThread "Cache worker for file hash cache (C:\Users\Ren\.gradle\caches\4.4\fileHashes)" [_thread_blocked, id=4184, stack(0x000000001c320000,0x000000001c420000)]
  0x000000001aa79000 JavaThread "Stdin handler" [_thread_blocked, id=6960, stack(0x000000001c020000,0x000000001c120000)]
  0x000000001aa77800 JavaThread "Asynchronous log dispatcher for DefaultDaemonConnection: socket connection from /127.0.0.1:50827 to /127.0.0.1:50828" [_thread_blocked, id=6988, stack(0x000000001bf20000,0x000000001c020000)]
  0x000000001aad1800 JavaThread "Daemon worker" [_thread_in_vm, id=1616, stack(0x000000001be20000,0x000000001bf20000)]
  0x000000001aad0800 JavaThread "Cancel handler" [_thread_blocked, id=9764, stack(0x000000001bd20000,0x000000001be20000)]
  0x000000001aa40000 JavaThread "Handler for socket connection from /127.0.0.1:50827 to /127.0.0.1:50828" [_thread_in_native, id=9896, stack(0x000000001ba20000,0x000000001bb20000)]
  0x000000001aa3d800 JavaThread "Daemon" [_thread_blocked, id=7128, stack(0x000000001b920000,0x000000001ba20000)]
  0x000000001acef000 JavaThread "Daemon periodic checks" [_thread_blocked, id=5104, stack(0x000000001b820000,0x000000001b920000)]
  0x000000001acf4800 JavaThread "Incoming local TCP Connector on port 50827" [_thread_in_native, id=7644, stack(0x000000001b5e0000,0x000000001b6e0000)]
  0x000000001919d800 JavaThread "Service Thread" daemon [_thread_blocked, id=9360, stack(0x0000000019a10000,0x0000000019b10000)]
  0x000000001911d800 JavaThread "C1 CompilerThread2" daemon [_thread_in_native, id=9976, stack(0x0000000019910000,0x0000000019a10000)]
=>0x0000000017d2d800 JavaThread "C2 CompilerThread1" daemon [_thread_in_native, id=9284, stack(0x0000000019810000,0x0000000019910000)]
  0x0000000017d29800 JavaThread "C2 CompilerThread0" daemon [_thread_in_native, id=8876, stack(0x0000000019710000,0x0000000019810000)]
  0x0000000019118800 JavaThread "Attach Listener" daemon [_thread_blocked, id=8532, stack(0x0000000019610000,0x0000000019710000)]
  0x0000000017cc8800 JavaThread "Signal Dispatcher" daemon [_thread_blocked, id=3676, stack(0x0000000019510000,0x0000000019610000)]
  0x00000000030ae800 JavaThread "Finalizer" daemon [_thread_blocked, id=3120, stack(0x0000000018f20000,0x0000000019020000)]
  0x00000000030a3000 JavaThread "Reference Handler" daemon [_thread_blocked, id=9208, stack(0x0000000018e20000,0x0000000018f20000)]
  0x0000000002fb2800 JavaThread "main" [_thread_blocked, id=9960, stack(0x0000000002af0000,0x0000000002bf0000)]

Other Threads:
  0x0000000017c96000 VMThread [stack: 0x0000000018d20000,0x0000000018e20000] [id=4784]
  0x000000001919e800 WatcherThread [stack: 0x0000000019b10000,0x0000000019c10000] [id=7712]

VM state:not at safepoint (normal execution)

VM Mutex/Monitor currently owned by a thread: None

Heap:
 PSYoungGen      total 123904K, used 36699K [0x00000000d5580000, 0x00000000dfd80000, 0x0000000100000000)
  eden space 113664K, 23% used [0x00000000d5580000,0x00000000d6f5da28,0x00000000dc480000)
  from space 10240K, 99% used [0x00000000dc480000,0x00000000dce79280,0x00000000dce80000)
  to   space 14336K, 0% used [0x00000000def80000,0x00000000def80000,0x00000000dfd80000)
 ParOldGen       total 56832K, used 24665K [0x0000000080000000, 0x0000000083780000, 0x00000000d5580000)
  object space 56832K, 43% used [0x0000000080000000,0x00000000818164d0,0x0000000083780000)
 Metaspace       used 51820K, capacity 53594K, committed 53760K, reserved 1095680K
  class space    used 7129K, capacity 7595K, committed 7680K, reserved 1048576K

Card table byte_map: [0x0000000012470000,0x0000000012880000] byte_map_base: 0x0000000012070000

Marking Bits: (ParMarkBitMap*) 0x0000000067484970
 Begin Bits: [0x0000000012f30000, 0x0000000014f30000)
 End Bits:   [0x0000000014f30000, 0x0000000016f30000)

Polling page: 0x0000000000d30000

CodeCache: size=245760Kb used=17352Kb max_used=17352Kb free=228407Kb
 bounds [0x00000000030b0000, 0x00000000041b0000, 0x00000000120b0000]
 total_blobs=5847 nmethods=5094 adapters=666
 compilation: enabled

Compilation events (10 events):
Event: 13.817 Thread 0x000000001911d800 nmethod 5432 0x00000000041a4610 code [0x00000000041a47a0, 0x00000000041a4c78]
Event: 13.817 Thread 0x000000001911d800 5433       1       org.gradle.model.internal.registry.DefaultModelRegistry::access$200 (5 bytes)
Event: 13.817 Thread 0x000000001911d800 nmethod 5433 0x00000000041a4e10 code [0x00000000041a4f60, 0x00000000041a5050]
Event: 13.818 Thread 0x000000001911d800 5434       1       org.gradle.model.internal.registry.DefaultModelRegistry$ModelNodeGoal::getPath (5 bytes)
Event: 13.818 Thread 0x000000001911d800 nmethod 5434 0x00000000041a50d0 code [0x00000000041a5220, 0x00000000041a5330]
Event: 13.818 Thread 0x000000001911d800 5435       1       org.gradle.model.internal.registry.DefaultModelRegistry::access$500 (5 bytes)
Event: 13.818 Thread 0x000000001911d800 nmethod 5435 0x00000000041a5390 code [0x00000000041a54e0, 0x00000000041a55d0]
Event: 13.818 Thread 0x000000001911d800 5436       3       org.gradle.model.internal.registry.DefaultModelRegistry$ModelNodeGoal::attachNode (27 bytes)
Event: 13.819 Thread 0x000000001911d800 nmethod 5436 0x00000000041a5650 code [0x00000000041a57e0, 0x00000000041a5c88]
Event: 13.819 Thread 0x000000001911d800 5439       2       org.gradle.internal.service.DefaultServiceRegistry$OwnServices::getService (302 bytes)

GC Heap History (10 events):
Event: 7.938 GC heap before
{Heap before GC invocations=11 (full 1):
 PSYoungGen      total 72704K, used 72292K [0x00000000d5580000, 0x00000000dba80000, 0x0000000100000000)
  eden space 65536K, 100% used [0x00000000d5580000,0x00000000d9580000,0x00000000d9580000)
  from space 7168K, 94% used [0x00000000d9580000,0x00000000d9c19280,0x00000000d9c80000)
  to   space 7680K, 0% used [0x00000000db300000,0x00000000db300000,0x00000000dba80000)
 ParOldGen       total 33792K, used 8187K [0x0000000080000000, 0x0000000082100000, 0x00000000d5580000)
  object space 33792K, 24% used [0x0000000080000000,0x00000000807fecd8,0x0000000082100000)
 Metaspace       used 30282K, capacity 30832K, committed 31104K, reserved 1075200K
  class space    used 4257K, capacity 4449K, committed 4480K, reserved 1048576K
Event: 7.961 GC heap after
Heap after GC invocations=11 (full 1):
 PSYoungGen      total 93696K, used 7650K [0x00000000d5580000, 0x00000000dbe00000, 0x0000000100000000)
  eden space 86016K, 0% used [0x00000000d5580000,0x00000000d5580000,0x00000000da980000)
  from space 7680K, 99% used [0x00000000db300000,0x00000000dba78998,0x00000000dba80000)
  to   space 9728K, 0% used [0x00000000da980000,0x00000000da980000,0x00000000db300000)
 ParOldGen       total 33792K, used 10574K [0x0000000080000000, 0x0000000082100000, 0x00000000d5580000)
  object space 33792K, 31% used [0x0000000080000000,0x0000000080a53b68,0x0000000082100000)
 Metaspace       used 30282K, capacity 30832K, committed 31104K, reserved 1075200K
  class space    used 4257K, capacity 4449K, committed 4480K, reserved 1048576K
}
Event: 9.373 GC heap before
{Heap before GC invocations=12 (full 1):
 PSYoungGen      total 93696K, used 42485K [0x00000000d5580000, 0x00000000dbe00000, 0x0000000100000000)
  eden space 86016K, 40% used [0x00000000d5580000,0x00000000d7784be8,0x00000000da980000)
  from space 7680K, 99% used [0x00000000db300000,0x00000000dba78998,0x00000000dba80000)
  to   space 9728K, 0% used [0x00000000da980000,0x00000000da980000,0x00000000db300000)
 ParOldGen       total 33792K, used 10574K [0x0000000080000000, 0x0000000082100000, 0x00000000d5580000)
  object space 33792K, 31% used [0x0000000080000000,0x0000000080a53b68,0x0000000082100000)
 Metaspace       used 34605K, capacity 35300K, committed 35416K, reserved 1079296K
  class space    used 4835K, capacity 5091K, committed 5120K, reserved 1048576K
Event: 9.400 GC heap after
Heap after GC invocations=12 (full 1):
 PSYoungGen      total 95744K, used 4459K [0x00000000d5580000, 0x00000000dd880000, 0x0000000100000000)
  eden space 86016K, 0% used [0x00000000d5580000,0x00000000d5580000,0x00000000da980000)
  from space 9728K, 45% used [0x00000000da980000,0x00000000daddac70,0x00000000db300000)
  to   space 9216K, 0% used [0x00000000dcf80000,0x00000000dcf80000,0x00000000dd880000)
 ParOldGen       total 33792K, used 17124K [0x0000000080000000, 0x0000000082100000, 0x00000000d5580000)
  object space 33792K, 50% used [0x0000000080000000,0x00000000810b91f8,0x0000000082100000)
 Metaspace       used 34605K, capacity 35300K, committed 35416K, reserved 1079296K
  class space    used 4835K, capacity 5091K, committed 5120K, reserved 1048576K
}
Event: 9.400 GC heap before
{Heap before GC invocations=13 (full 2):
 PSYoungGen      total 95744K, used 4459K [0x00000000d5580000, 0x00000000dd880000, 0x0000000100000000)
  eden space 86016K, 0% used [0x00000000d5580000,0x00000000d5580000,0x00000000da980000)
  from space 9728K, 45% used [0x00000000da980000,0x00000000daddac70,0x00000000db300000)
  to   space 9216K, 0% used [0x00000000dcf80000,0x00000000dcf80000,0x00000000dd880000)
 ParOldGen       total 33792K, used 17124K [0x0000000080000000, 0x0000000082100000, 0x00000000d5580000)
  object space 33792K, 50% used [0x0000000080000000,0x00000000810b91f8,0x0000000082100000)
 Metaspace       used 34605K, capacity 35300K, committed 35416K, reserved 1079296K
  class space    used 4835K, capacity 5091K, committed 5120K, reserved 1048576K
Event: 9.485 GC heap after
Heap after GC invocations=13 (full 2):
 PSYoungGen      total 95744K, used 0K [0x00000000d5580000, 0x00000000dd880000, 0x0000000100000000)
  eden space 86016K, 0% used [0x00000000d5580000,0x00000000d5580000,0x00000000da980000)
  from space 9728K, 0% used [0x00000000da980000,0x00000000da980000,0x00000000db300000)
  to   space 9216K, 0% used [0x00000000dcf80000,0x00000000dcf80000,0x00000000dd880000)
 ParOldGen       total 56832K, used 17804K [0x0000000080000000, 0x0000000083780000, 0x00000000d5580000)
  object space 56832K, 31% used [0x0000000080000000,0x0000000081163010,0x0000000083780000)
 Metaspace       used 34605K, capacity 35300K, committed 35416K, reserved 1079296K
  class space    used 4835K, capacity 5091K, committed 5120K, reserved 1048576K
}
Event: 10.927 GC heap before
{Heap before GC invocations=14 (full 2):
 PSYoungGen      total 95744K, used 86016K [0x00000000d5580000, 0x00000000dd880000, 0x0000000100000000)
  eden space 86016K, 100% used [0x00000000d5580000,0x00000000da980000,0x00000000da980000)
  from space 9728K, 0% used [0x00000000da980000,0x00000000da980000,0x00000000db300000)
  to   space 9216K, 0% used [0x00000000dcf80000,0x00000000dcf80000,0x00000000dd880000)
 ParOldGen       total 56832K, used 17804K [0x0000000080000000, 0x0000000083780000, 0x00000000d5580000)
  object space 56832K, 31% used [0x0000000080000000,0x0000000081163010,0x0000000083780000)
 Metaspace       used 40503K, capacity 41392K, committed 41728K, reserved 1085440K
  class space    used 5523K, capacity 5811K, committed 5888K, reserved 1048576K
Event: 10.944 GC heap after
Heap after GC invocations=14 (full 2):
 PSYoungGen      total 120832K, used 9207K [0x00000000d5580000, 0x00000000dd880000, 0x0000000100000000)
  eden space 111616K, 0% used [0x00000000d5580000,0x00000000d5580000,0x00000000dc280000)
  from space 9216K, 99% used [0x00000000dcf80000,0x00000000dd87de70,0x00000000dd880000)
  to   space 10240K, 0% used [0x00000000dc480000,0x00000000dc480000,0x00000000dce80000)
 ParOldGen       total 56832K, used 18093K [0x0000000080000000, 0x0000000083780000, 0x00000000d5580000)
  object space 56832K, 31% used [0x0000000080000000,0x00000000811ab570,0x0000000083780000)
 Metaspace       used 40503K, capacity 41392K, committed 41728K, reserved 1085440K
  class space    used 5523K, capacity 5811K, committed 5888K, reserved 1048576K
}
Event: 13.393 GC heap before
{Heap before GC invocations=15 (full 2):
 PSYoungGen      total 120832K, used 120823K [0x00000000d5580000, 0x00000000dd880000, 0x0000000100000000)
  eden space 111616K, 100% used [0x00000000d5580000,0x00000000dc280000,0x00000000dc280000)
  from space 9216K, 99% used [0x00000000dcf80000,0x00000000dd87de70,0x00000000dd880000)
  to   space 10240K, 0% used [0x00000000dc480000,0x00000000dc480000,0x00000000dce80000)
 ParOldGen       total 56832K, used 18093K [0x0000000080000000, 0x0000000083780000, 0x00000000d5580000)
  object space 56832K, 31% used [0x0000000080000000,0x00000000811ab570,0x0000000083780000)
 Metaspace       used 50326K, capacity 51870K, committed 52224K, reserved 1093632K
  class space    used 6890K, capacity 7313K, committed 7424K, reserved 1048576K
Event: 13.419 GC heap after
Heap after GC invocations=15 (full 2):
 PSYoungGen      total 123904K, used 10212K [0x00000000d5580000, 0x00000000dfd80000, 0x0000000100000000)
  eden space 113664K, 0% used [0x00000000d5580000,0x00000000d5580000,0x00000000dc480000)
  from space 10240K, 99% used [0x00000000dc480000,0x00000000dce79280,0x00000000dce80000)
  to   space 14336K, 0% used [0x00000000def80000,0x00000000def80000,0x00000000dfd80000)
 ParOldGen       total 56832K, used 24665K [0x0000000080000000, 0x0000000083780000, 0x00000000d5580000)
  object space 56832K, 43% used [0x0000000080000000,0x00000000818164d0,0x0000000083780000)
 Metaspace       used 50326K, capacity 51870K, committed 52224K, reserved 1093632K
  class space    used 6890K, capacity 7313K, committed 7424K, reserved 1048576K
}

Deoptimization events (10 events):
Event: 12.909 Thread 0x000000001aad1800 Uncommon trap: reason=unstable_if action=reinterpret pc=0x0000000003b9fbcc method=org.objectweb.asm.ByteVector.putUTF8(Ljava/lang/String;)Lorg/objectweb/asm/ByteVector; @ 91
Event: 12.961 Thread 0x000000001aad1800 Uncommon trap: reason=unstable_if action=reinterpret pc=0x00000000039a4d74 method=java.lang.String.lastIndexOf([CII[CIII)I @ 118
Event: 12.968 Thread 0x000000001aad1800 Uncommon trap: reason=unstable_if action=reinterpret pc=0x0000000003937070 method=org.objectweb.asm.ByteVector.putUTF8(Ljava/lang/String;)Lorg/objectweb/asm/ByteVector; @ 91
Event: 13.273 Thread 0x000000001aad1800 Uncommon trap: reason=unstable_if action=reinterpret pc=0x0000000003f05be8 method=java.util.regex.Pattern$GroupTail.match(Ljava/util/regex/Matcher;ILjava/lang/CharSequence;)Z @ 73
Event: 13.273 Thread 0x000000001aad1800 Uncommon trap: reason=unstable_if action=reinterpret pc=0x0000000003ef9148 method=com.sun.org.apache.xerces.internal.impl.XMLEntityScanner.scanContent(Lcom/sun/org/apache/xerces/internal/xni/XMLString;)I @ 127
Event: 13.584 Thread 0x000000001aad1800 Uncommon trap: reason=unstable_if action=reinterpret pc=0x0000000003242510 method=org.objectweb.asm.Type.getArgumentsAndReturnSizes(Ljava/lang/String;)I @ 47
Event: 13.584 Thread 0x000000001aad1800 Uncommon trap: reason=unstable_if action=reinterpret pc=0x0000000003d964b8 method=org.objectweb.asm.Type.getArgumentsAndReturnSizes(Ljava/lang/String;)I @ 47
Event: 13.618 Thread 0x000000001aad1800 Uncommon trap: reason=unstable_if action=reinterpret pc=0x000000000406cb58 method=java.util.TreeMap.put(Ljava/lang/Object;Ljava/lang/Object;)Ljava/lang/Object; @ 163
Event: 13.812 Thread 0x000000001aad1800 Uncommon trap: reason=class_check action=maybe_recompile pc=0x00000000034a8e50 method=org.gradle.internal.logging.text.AbstractLineChoppingStyledTextOutput$StateContext.flushLineText()V @ 110
Event: 13.812 Thread 0x000000001aad1800 Uncommon trap: reason=class_check action=maybe_recompile pc=0x00000000034a8e50 method=org.gradle.internal.logging.text.AbstractLineChoppingStyledTextOutput$StateContext.flushLineText()V @ 110

Classes redefined (0 events):
No events

Internal exceptions (10 events):
Event: 12.842 Thread 0x000000001aad1800 Exception <a 'java/lang/ClassNotFoundException': org/gradle/api/plugins/BasePluginConventionCustomizer> (0x00000000dad43578) thrown at [D:\src\AOSP-openjdk-cygwin\jdk8u\hotspot\src\share\vm\classfile\systemDictionary.cpp, line 210]
Event: 13.493 Thread 0x000000001aad1800 Exception <a 'java/lang/NoSuchMethodError': java.lang.Object.lambda$static$0(Ljava/util/Set;Ljava/util/Set;)Z> (0x00000000d5ab7828) thrown at [D:\src\AOSP-openjdk-cygwin\jdk8u\hotspot\src\share\vm\interpreter\linkResolver.cpp, line 584]
Event: 13.493 Thread 0x000000001aad1800 Exception <a 'java/lang/NoSuchMethodError': java.lang.Object.lambda$static$1(Ljava/util/Set;Ljava/util/Set;)Z> (0x00000000d5aba3c8) thrown at [D:\src\AOSP-openjdk-cygwin\jdk8u\hotspot\src\share\vm\interpreter\linkResolver.cpp, line 584]
Event: 13.494 Thread 0x000000001aad1800 Exception <a 'java/lang/NoSuchMethodError': java.lang.Object.lambda$static$2(Ljava/util/Set;Ljava/util/Set;)Z> (0x00000000d5abcb38) thrown at [D:\src\AOSP-openjdk-cygwin\jdk8u\hotspot\src\share\vm\interpreter\linkResolver.cpp, line 584]
Event: 13.786 Thread 0x000000001aad1800 Exception <a 'java/lang/ClassNotFoundException': com/android/build/gradle/internal/api/ApkVariantOutputImpl_DecoratedBeanInfo> (0x00000000d6bcaf80) thrown at [D:\src\AOSP-openjdk-cygwin\jdk8u\hotspot\src\share\vm\classfile\systemDictionary.cpp, line 210]
Event: 13.787 Thread 0x000000001aad1800 Exception <a 'java/lang/ClassNotFoundException': com/android/build/gradle/internal/api/ApkVariantOutputImplBeanInfo> (0x00000000d6be1f40) thrown at [D:\src\AOSP-openjdk-cygwin\jdk8u\hotspot\src\share\vm\classfile\systemDictionary.cpp, line 210]
Event: 13.787 Thread 0x000000001aad1800 Exception <a 'java/lang/ClassNotFoundException': com/android/build/gradle/internal/api/BaseVariantOutputImplBeanInfo> (0x00000000d6bf9c60) thrown at [D:\src\AOSP-openjdk-cygwin\jdk8u\hotspot\src\share\vm\classfile\systemDictionary.cpp, line 210]
Event: 13.788 Thread 0x000000001aad1800 Exception <a 'java/lang/ClassNotFoundException': com/android/build/gradle/internal/api/BaseVariantOutputImplCustomizer> (0x00000000d6c11e28) thrown at [D:\src\AOSP-openjdk-cygwin\jdk8u\hotspot\src\share\vm\classfile\systemDictionary.cpp, line 210]
Event: 13.789 Thread 0x000000001aad1800 Exception <a 'java/lang/ClassNotFoundException': com/android/build/gradle/internal/api/ApkVariantOutputImplCustomizer> (0x00000000d6c45be8) thrown at [D:\src\AOSP-openjdk-cygwin\jdk8u\hotspot\src\share\vm\classfile\systemDictionary.cpp, line 210]
Event: 13.791 Thread 0x000000001aad1800 Exception <a 'java/lang/ClassNotFoundException': com/android/build/gradle/internal/api/ApkVariantOutputImpl_DecoratedCustomizer> (0x00000000d6c712a0) thrown at [D:\src\AOSP-openjdk-cygwin\jdk8u\hotspot\src\share\vm\classfile\systemDictionary.cpp, line 210

Events (10 events):
Event: 13.811 Thread 0x000000001aad1800 Uncommon trap: trap_request=0xffffffde fr.pc=0x00000000034a8e50
Event: 13.812 Thread 0x000000001aad1800 DEOPT PACKING pc=0x00000000034a8e50 sp=0x000000001bf1c370
Event: 13.812 Thread 0x000000001aad1800 DEOPT UNPACKING pc=0x00000000030f557b sp=0x000000001bf1c2e8 mode 2
Event: 13.812 Thread 0x000000001aad1800 Uncommon trap: trap_request=0xffffffde fr.pc=0x00000000034a8e50
Event: 13.812 Thread 0x000000001aad1800 DEOPT PACKING pc=0x00000000034a8e50 sp=0x000000001bf1c300
Event: 13.812 Thread 0x000000001aad1800 DEOPT UNPACKING pc=0x00000000030f557b sp=0x000000001bf1c278 mode 2
Event: 13.819 loading class org/gradle/model/internal/registry/DefaultModelRegistry$TryDefineScopeForType
Event: 13.819 loading class org/gradle/model/internal/registry/DefaultModelRegistry$TryDefineScopeForType done
Event: 13.820 loading class org/gradle/model/internal/registry/DefaultModelRegistry$TryResolvePath
Event: 13.820 loading class org/gradle/model/internal/registry/DefaultModelRegistry$TryResolvePath done


Dynamic libraries:
0x00007ff66ca40000 - 0x00007ff66ca71000 	C:\Program Files\Android\Android Studio\jre\bin\java.exe
0x00007fff80510000 - 0x00007fff806f1000 	C:\WINDOWS\SYSTEM32\ntdll.dll
0x00007fff7e470000 - 0x00007fff7e522000 	C:\WINDOWS\System32\KERNEL32.DLL
0x00007fff7caa0000 - 0x00007fff7cd13000 	C:\WINDOWS\System32\KERNELBASE.dll
0x00007fff7e240000 - 0x00007fff7e2e1000 	C:\WINDOWS\System32\ADVAPI32.dll
0x00007fff7e590000 - 0x00007fff7e62e000 	C:\WINDOWS\System32\msvcrt.dll
0x00007fff7e6b0000 - 0x00007fff7e70b000 	C:\WINDOWS\System32\sechost.dll
0x00007fff800d0000 - 0x00007fff801f4000 	C:\WINDOWS\System32\RPCRT4.dll
0x00007fff80350000 - 0x00007fff804e0000 	C:\WINDOWS\System32\USER32.dll
0x00007fff7ca80000 - 0x00007fff7caa0000 	C:\WINDOWS\System32\win32u.dll
0x00007fff80320000 - 0x00007fff80348000 	C:\WINDOWS\System32\GDI32.dll
0x00007fff7c8e0000 - 0x00007fff7ca72000 	C:\WINDOWS\System32\gdi32full.dll
0x00007fff7d710000 - 0x00007fff7d7af000 	C:\WINDOWS\System32\msvcp_win.dll
0x00007fff7d610000 - 0x00007fff7d70a000 	C:\WINDOWS\System32\ucrtbase.dll
0x00007fff6ee30000 - 0x00007fff6f099000 	C:\WINDOWS\WinSxS\amd64_microsoft.windows.common-controls_6595b64144ccf1df_6.0.17134.112_none_fb3f961b30681c12\COMCTL32.dll
0x00007fff7dd90000 - 0x00007fff7e0b3000 	C:\WINDOWS\System32\combase.dll
0x00007fff7cd20000 - 0x00007fff7cd9a000 	C:\WINDOWS\System32\bcryptPrimitives.dll
0x00007fff802f0000 - 0x00007fff8031d000 	C:\WINDOWS\System32\IMM32.DLL
0x0000000065f70000 - 0x0000000066042000 	C:\Program Files\Android\Android Studio\jre\jre\bin\msvcr100.dll
0x0000000066cc0000 - 0x00000000674ff000 	C:\Program Files\Android\Android Studio\jre\jre\bin\server\jvm.dll
0x00007fff7e0c0000 - 0x00007fff7e0c8000 	C:\WINDOWS\System32\PSAPI.DLL
0x00007fff6d320000 - 0x00007fff6d32a000 	C:\WINDOWS\SYSTEM32\VERSION.dll
0x00007fff784f0000 - 0x00007fff78513000 	C:\WINDOWS\SYSTEM32\WINMM.dll
0x00007fff784c0000 - 0x00007fff784ea000 	C:\WINDOWS\SYSTEM32\WINMMBASE.dll
0x00007fff7cda0000 - 0x00007fff7cde9000 	C:\WINDOWS\System32\cfgmgr32.dll
0x00007fff7b450000 - 0x00007fff7b459000 	C:\WINDOWS\SYSTEM32\WSOCK32.dll
0x00007fff80060000 - 0x00007fff800cc000 	C:\WINDOWS\System32\WS2_32.dll
0x00007fff773f0000 - 0x00007fff773ff000 	C:\Program Files\Android\Android Studio\jre\jre\bin\verify.dll
0x00007fff6e130000 - 0x00007fff6e159000 	C:\Program Files\Android\Android Studio\jre\jre\bin\java.dll
0x00007fff76ce0000 - 0x00007fff76cf6000 	C:\Program Files\Android\Android Studio\jre\jre\bin\zip.dll
0x00007fff7e710000 - 0x00007fff7fb50000 	C:\WINDOWS\System32\SHELL32.dll
0x00007fff7fb50000 - 0x00007fff7fbf9000 	C:\WINDOWS\System32\shcore.dll
0x00007fff7ce50000 - 0x00007fff7d55d000 	C:\WINDOWS\System32\windows.storage.dll
0x00007fff7e650000 - 0x00007fff7e6a1000 	C:\WINDOWS\System32\shlwapi.dll
0x00007fff7c8c0000 - 0x00007fff7c8d1000 	C:\WINDOWS\System32\kernel.appcore.dll
0x00007fff7c8a0000 - 0x00007fff7c8bf000 	C:\WINDOWS\System32\profapi.dll
0x00007fff7c830000 - 0x00007fff7c87c000 	C:\WINDOWS\System32\powrprof.dll
0x00007fff7c820000 - 0x00007fff7c82a000 	C:\WINDOWS\System32\FLTLIB.DLL
0x00007fff6f210000 - 0x00007fff6f22a000 	C:\Program Files\Android\Android Studio\jre\jre\bin\net.dll
0x00007fff7c0a0000 - 0x00007fff7c106000 	C:\WINDOWS\system32\mswsock.dll
0x00007fff6dfc0000 - 0x00007fff6dfd1000 	C:\Program Files\Android\Android Studio\jre\jre\bin\nio.dll
0x00007fff72d60000 - 0x00007fff72d7e000 	C:\Users\Ren\.gradle\native\25\windows-amd64\native-platform.dll
0x00007fff773e0000 - 0x00007fff773ed000 	C:\Program Files\Android\Android Studio\jre\jre\bin\management.dll
0x00007fff7c250000 - 0x00007fff7c267000 	C:\WINDOWS\SYSTEM32\CRYPTSP.dll
0x00007fff7bc80000 - 0x00007fff7bcb3000 	C:\WINDOWS\system32\rsaenh.dll
0x00007fff7c380000 - 0x00007fff7c3a5000 	C:\WINDOWS\SYSTEM32\bcrypt.dll
0x00007fff7c750000 - 0x00007fff7c778000 	C:\WINDOWS\SYSTEM32\USERENV.dll
0x00007fff7c270000 - 0x00007fff7c27b000 	C:\WINDOWS\SYSTEM32\CRYPTBASE.dll
0x00007fff7be20000 - 0x00007fff7be58000 	C:\WINDOWS\SYSTEM32\IPHLPAPI.DLL
0x00007fff80050000 - 0x00007fff80058000 	C:\WINDOWS\System32\NSI.dll
0x00007fff75880000 - 0x00007fff75896000 	C:\WINDOWS\SYSTEM32\dhcpcsvc6.DLL
0x00007fff75860000 - 0x00007fff7587a000 	C:\WINDOWS\SYSTEM32\dhcpcsvc.DLL

VM Arguments:
jvm_args: -Xmx2g -Dfile.encoding=GBK -Duser.country=US -Duser.language=en -Duser.variant 
java_command: org.gradle.launcher.daemon.bootstrap.GradleDaemon 4.4
java_class_path (initial): C:\Users\Ren\.gradle\wrapper\dists\gradle-4.4-all\9br9xq1tocpiv8o6njlyu5op1\gradle-4.4\lib\gradle-launcher-4.4.jar
Launcher Type: SUN_STANDARD

Environment Variables:
PATH=C:\Program Files (x86)\Intel\iCLS Client\;C:\Program Files\Intel\iCLS Client\;C:\Program Files\Microsoft MPI\Bin\;C:\Program Files\Dell\DW WLAN Card;C:\ProgramData\Oracle\Java\javapath;C:\WINDOWS\system32;C:\WINDOWS;C:\WINDOWS\System32\Wbem;C:\WINDOWS\System32\WindowsPowerShell\v1.0\;C:\Program Files\WIDCOMM\Bluetooth Software\;C:\Program Files\WIDCOMM\Bluetooth Software\syswow64;C:\Program Files\Git\cmd;C:\Program Files (x86)\Windows Kits\8.1\Windows Performance Toolkit\;C:\Program Files (x86)\GtkSharp\2.12\bin;C:\HashiCorp\Vagrant\bin;C:\Program Files\nodejs\;C:\WINDOWS\System32\OpenSSH\;C:\Program Files (x86)\Intel\Intel(R) Management Engine Components\DAL;C:\Program Files\Intel\Intel(R) Management Engine Components\DAL;C:\Program Files (x86)\Intel\Intel(R) Management Engine Components\IPT;C:\Program Files\Intel\Intel(R) Management Engine Components\IPT;C:\Program Files (x86)\Yarn\bin\;C:\altera\15.1\modelsim_ase\win32aloem;C:\Users\Ren\AppData\Local\Microsoft\WindowsApps;C:\Users\Ren\AppData\Local\atom\bin;C:\Users\Ren\AppData\Local\Microsoft\WindowsApps;C:\Users\Ren\Anaconda3;C:\Users\Ren\Anaconda3\Scripts;C:\Program Files (x86)\Windows Kits\10\bin\x64;C:\Users\Ren\Anaconda3\Lib\site-packages;C:\Users\Ren\AppData\Roaming\npm;C:\Users\Ren\AppData\Local\Yarn\bin
USERNAME=Ren
OS=Windows_NT
PROCESSOR_IDENTIFIER=Intel64 Family 6 Model 61 Stepping 4, GenuineIntel



---------------  S Y S T E M  ---------------

OS: Windows 10.0 , 64 bit Build 17134 (10.0.17134.1)

CPU:total 4 (initial active 4) (2 cores per cpu, 2 threads per core) family 6 model 61 stepping 4, cmov, cx8, fxsr, mmx, sse, sse2, sse3, ssse3, sse4.1, sse4.2, popcnt, avx, avx2, aes, clmul, erms, 3dnowpref, lzcnt, ht, tsc, tscinvbit, bmi1, bmi2, adx

Memory: 4k page, physical 4096716k(312928k free), swap 5530316k(6568k free)

vm_info: OpenJDK 64-Bit Server VM (25.152-b02) for windows-amd64 JRE (1.8.0_152-release-1024-b02), built by "builder" with MS VC++ 10.0 (VS2010)

time: Sat Jun 30 17:39:49 2018
elapsed time: 13 seconds (0d 0h 0m 13s)

