#
# There is insufficient memory for the Java Runtime Environment to continue.
# Native memory allocation (malloc) failed to allocate 1666416 bytes for Chunk::new
# Possible reasons:
#   The system is out of physical RAM or swap space
#   In 32 bit mode, the process size limit was hit
# Possible solutions:
#   Reduce memory load on the system
#   Increase physical memory or swap space
#   Check if swap backing store is full
#   Use 64 bit Java on a 64 bit OS
#   Decrease Java heap size (-Xmx/-Xms)
#   Decrease number of Java threads
#   Decrease Java thread stack sizes (-Xss)
#   Set larger code cache with -XX:ReservedCodeCacheSize=
# This output file may be truncated or incomplete.
#
#  Out of Memory Error (allocation.cpp:390), pid=5500, tid=0x0000000000001eb4
#
# JRE version: OpenJDK Runtime Environment (8.0_152-b02) (build 1.8.0_152-release-1024-b02)
# Java VM: OpenJDK 64-Bit Server VM (25.152-b02 mixed mode windows-amd64 compressed oops)
# Failed to write core dump. Minidumps are not enabled by default on client versions of Windows
#

---------------  T H R E A D  ---------------

Current thread (0x0000000017aaf800):  JavaThread "C2 CompilerThread1" daemon [_thread_in_native, id=7860, stack(0x00000000181a0000,0x00000000182a0000)]

Stack: [0x00000000181a0000,0x00000000182a0000]
[error occurred during error reporting (printing stack bounds), id 0xc0000005]

Native frames: (J=compiled Java code, j=interpreted, Vv=VM code, C=native code)


Current CompileTask:
C2:   9218 3643       4       java.lang.reflect.Method::toString (20 bytes)


---------------  P R O C E S S  ---------------

Java Threads: ( => current thread )
  0x000000001bf0d800 JavaThread "Memory manager" [_thread_blocked, id=820, stack(0x00000000215f0000,0x00000000216f0000)]
  0x000000001bf0c000 JavaThread "build operations Thread 4" [_thread_blocked, id=10340, stack(0x00000000210f0000,0x00000000211f0000)]
  0x000000001bf0b000 JavaThread "build operations Thread 3" [_thread_blocked, id=2488, stack(0x0000000020ff0000,0x00000000210f0000)]
  0x000000001bf0c800 JavaThread "build operations Thread 2" [_thread_blocked, id=7408, stack(0x000000001fc60000,0x000000001fd60000)]
  0x0000000017aae800 JavaThread "build operations" [_thread_blocked, id=3308, stack(0x000000001e920000,0x000000001ea20000)]
  0x0000000017ab3000 JavaThread "Cache worker for Artifact transforms cache (C:\Users\Ren\.gradle\caches\transforms-1)" [_thread_blocked, id=5152, stack(0x000000001e720000,0x000000001e820000)]
  0x000000001b48f800 JavaThread "Cache worker for file hash cache (C:\Users\Ren\Documents\EasyOnlineConverter\.gradle\4.4\fileHashes)" [_thread_blocked, id=6220, stack(0x000000001ce50000,0x000000001cf50000)]
  0x00000000198a2800 JavaThread "File lock request listener" [_thread_in_native, id=8888, stack(0x000000001bd80000,0x000000001be80000)]
  0x0000000019736800 JavaThread "Cache worker for file hash cache (C:\Users\Ren\.gradle\caches\4.4\fileHashes)" [_thread_blocked, id=2284, stack(0x000000001bc80000,0x000000001bd80000)]
  0x00000000196bd800 JavaThread "Stdin handler" [_thread_blocked, id=8696, stack(0x000000001a9b0000,0x000000001aab0000)]
  0x00000000195aa000 JavaThread "Asynchronous log dispatcher for DefaultDaemonConnection: socket connection from /127.0.0.1:60389 to /127.0.0.1:60390" [_thread_blocked, id=10092, stack(0x000000001a8b0000,0x000000001a9b0000)]
  0x00000000196c1000 JavaThread "Daemon worker" [_thread_in_Java, id=9152, stack(0x000000001a7b0000,0x000000001a8b0000)]
  0x00000000196c0000 JavaThread "Cancel handler" [_thread_blocked, id=3220, stack(0x000000001a6b0000,0x000000001a7b0000)]
  0x0000000019587800 JavaThread "Handler for socket connection from /127.0.0.1:60389 to /127.0.0.1:60390" [_thread_in_native, id=9208, stack(0x000000001a3b0000,0x000000001a4b0000)]
  0x0000000019585000 JavaThread "Daemon" [_thread_blocked, id=832, stack(0x000000001a2b0000,0x000000001a3b0000)]
  0x00000000191bf800 JavaThread "Daemon periodic checks" [_thread_blocked, id=10684, stack(0x000000001a1b0000,0x000000001a2b0000)]
  0x000000001945f000 JavaThread "Incoming local TCP Connector on port 60389" [_thread_in_native, id=9244, stack(0x0000000019f70000,0x000000001a070000)]
  0x0000000017b2a000 JavaThread "Service Thread" daemon [_thread_blocked, id=9308, stack(0x00000000183a0000,0x00000000184a0000)]
  0x0000000017ab0000 JavaThread "C1 CompilerThread2" daemon [_thread_blocked, id=7960, stack(0x00000000182a0000,0x00000000183a0000)]
=>0x0000000017aaf800 JavaThread "C2 CompilerThread1" daemon [_thread_in_native, id=7860, stack(0x00000000181a0000,0x00000000182a0000)]
  0x0000000016670000 JavaThread "C2 CompilerThread0" daemon [_thread_in_native, id=1420, stack(0x00000000180a0000,0x00000000181a0000)]
  0x000000001666f000 JavaThread "Attach Listener" daemon [_thread_blocked, id=3028, stack(0x0000000017fa0000,0x00000000180a0000)]
  0x0000000017aa8800 JavaThread "Signal Dispatcher" daemon [_thread_blocked, id=4784, stack(0x0000000017ea0000,0x0000000017fa0000)]
  0x0000000002ced800 JavaThread "Finalizer" daemon [_thread_blocked, id=1716, stack(0x00000000178b0000,0x00000000179b0000)]
  0x0000000002ce1800 JavaThread "Reference Handler" daemon [_thread_blocked, id=11160, stack(0x00000000177b0000,0x00000000178b0000)]
  0x0000000002bf2800 JavaThread "main" [_thread_blocked, id=3796, stack(0x0000000002af0000,0x0000000002bf0000)]

Other Threads:
  0x0000000016626000 VMThread [stack: 0x00000000176b0000,0x00000000177b0000] [id=8112]
  0x0000000017b2b000 WatcherThread [stack: 0x00000000184a0000,0x00000000185a0000] [id=2420]

VM state:not at safepoint (normal execution)

VM Mutex/Monitor currently owned by a thread: None

Heap:
 PSYoungGen      total 96768K, used 58983K [0x00000000e0000000, 0x00000000e6980000, 0x0000000100000000)
  eden space 87040K, 67% used [0x00000000e0000000,0x00000000e3999f60,0x00000000e5500000)
  from space 9728K, 0% used [0x00000000e5500000,0x00000000e5500000,0x00000000e5e80000)
  to   space 7680K, 0% used [0x00000000e5e80000,0x00000000e5e80000,0x00000000e6600000)
 ParOldGen       total 33280K, used 17710K [0x00000000a0000000, 0x00000000a2080000, 0x00000000e0000000)
  object space 33280K, 53% used [0x00000000a0000000,0x00000000a114b9b8,0x00000000a2080000)
 Metaspace       used 38528K, capacity 39338K, committed 39680K, reserved 1083392K
  class space    used 5275K, capacity 5562K, committed 5632K, reserved 1048576K

Card table byte_map: [0x00000000120b0000,0x00000000123c0000] byte_map_base: 0x0000000011bb0000

Marking Bits: (ParMarkBitMap*) 0x00000000674d4970
 Begin Bits: [0x00000000129c0000, 0x00000000141c0000)
 End Bits:   [0x00000000141c0000, 0x00000000159c0000)

Polling page: 0x0000000000c40000

CodeCache: size=245760Kb used=12516Kb max_used=12517Kb free=233243Kb
 bounds [0x0000000002cf0000, 0x0000000003940000, 0x0000000011cf0000]
 total_blobs=4229 nmethods=3520 adapters=621
 compilation: enabled

Compilation events (10 events):
Event: 9.202 Thread 0x0000000017ab0000 3825       3       java.io.ByteArrayInputStream::mark (9 bytes)
Event: 9.202 Thread 0x0000000017ab0000 nmethod 3825 0x0000000003928110 code [0x0000000003928260, 0x00000000039283b0]
Event: 9.202 Thread 0x0000000017ab0000 3826       3       java.io.ByteArrayInputStream::<init> (26 bytes)
Event: 9.202 Thread 0x0000000017ab0000 nmethod 3826 0x0000000003927c50 code [0x0000000003927dc0, 0x0000000003928010]
Event: 9.204 Thread 0x0000000017ab0000 3827       3       sun.security.util.DerInputStream::getLength (243 bytes)
Event: 9.206 Thread 0x0000000017ab0000 nmethod 3827 0x0000000003924290 code [0x00000000039246a0, 0x0000000003926b58]
Event: 9.206 Thread 0x0000000017ab0000 3829       3       java.lang.ThreadLocal::get (38 bytes)
Event: 9.207 Thread 0x0000000017ab0000 nmethod 3829 0x0000000003923bd0 code [0x0000000003923d60, 0x00000000039240e8]
Event: 9.207 Thread 0x0000000017ab0000 3828       3       sun.security.util.DerInputStream::available (8 bytes)
Event: 9.207 Thread 0x0000000017ab0000 nmethod 3828 0x0000000003923590 code [0x0000000003923700, 0x0000000003923ad0]

GC Heap History (10 events):
Event: 4.254 GC heap before
{Heap before GC invocations=9 (full 1):
 PSYoungGen      total 72704K, used 4828K [0x00000000e0000000, 0x00000000e4e00000, 0x0000000100000000)
  eden space 65536K, 0% used [0x00000000e0000000,0x00000000e0000000,0x00000000e4000000)
  from space 7168K, 67% used [0x00000000e4700000,0x00000000e4bb7198,0x00000000e4e00000)
  to   space 7168K, 0% used [0x00000000e4000000,0x00000000e4000000,0x00000000e4700000)
 ParOldGen       total 44032K, used 8092K [0x00000000a0000000, 0x00000000a2b00000, 0x00000000e0000000)
  object space 44032K, 18% used [0x00000000a0000000,0x00000000a07e72b0,0x00000000a2b00000)
 Metaspace       used 20775K, capacity 21168K, committed 21248K, reserved 1067008K
  class space    used 2882K, capacity 3007K, committed 3072K, reserved 1048576K
Event: 4.304 GC heap after
Heap after GC invocations=9 (full 1):
 PSYoungGen      total 72704K, used 0K [0x00000000e0000000, 0x00000000e4e00000, 0x0000000100000000)
  eden space 65536K, 0% used [0x00000000e0000000,0x00000000e0000000,0x00000000e4000000)
  from space 7168K, 0% used [0x00000000e4700000,0x00000000e4700000,0x00000000e4e00000)
  to   space 7168K, 0% used [0x00000000e4000000,0x00000000e4000000,0x00000000e4700000)
 ParOldGen       total 33280K, used 8098K [0x00000000a0000000, 0x00000000a2080000, 0x00000000e0000000)
  object space 33280K, 24% used [0x00000000a0000000,0x00000000a07e8830,0x00000000a2080000)
 Metaspace       used 20775K, capacity 21168K, committed 21248K, reserved 1067008K
  class space    used 2882K, capacity 3007K, committed 3072K, reserved 1048576K
}
Event: 5.590 GC heap before
{Heap before GC invocations=10 (full 1):
 PSYoungGen      total 72704K, used 65536K [0x00000000e0000000, 0x00000000e4e00000, 0x0000000100000000)
  eden space 65536K, 100% used [0x00000000e0000000,0x00000000e4000000,0x00000000e4000000)
  from space 7168K, 0% used [0x00000000e4700000,0x00000000e4700000,0x00000000e4e00000)
  to   space 7168K, 0% used [0x00000000e4000000,0x00000000e4000000,0x00000000e4700000)
 ParOldGen       total 33280K, used 8098K [0x00000000a0000000, 0x00000000a2080000, 0x00000000e0000000)
  object space 33280K, 24% used [0x00000000a0000000,0x00000000a07e8830,0x00000000a2080000)
 Metaspace       used 26068K, capacity 26528K, committed 26624K, reserved 1073152K
  class space    used 3631K, capacity 3805K, committed 3840K, reserved 1048576K
Event: 5.599 GC heap after
Heap after GC invocations=10 (full 1):
 PSYoungGen      total 72704K, used 7015K [0x00000000e0000000, 0x00000000e6600000, 0x0000000100000000)
  eden space 65536K, 0% used [0x00000000e0000000,0x00000000e0000000,0x00000000e4000000)
  from space 7168K, 97% used [0x00000000e4000000,0x00000000e46d9fa8,0x00000000e4700000)
  to   space 7680K, 0% used [0x00000000e5e80000,0x00000000e5e80000,0x00000000e6600000)
 ParOldGen       total 33280K, used 8106K [0x00000000a0000000, 0x00000000a2080000, 0x00000000e0000000)
  object space 33280K, 24% used [0x00000000a0000000,0x00000000a07ea830,0x00000000a2080000)
 Metaspace       used 26068K, capacity 26528K, committed 26624K, reserved 1073152K
  class space    used 3631K, capacity 3805K, committed 3840K, reserved 1048576K
}
Event: 6.757 GC heap before
{Heap before GC invocations=11 (full 1):
 PSYoungGen      total 72704K, used 72551K [0x00000000e0000000, 0x00000000e6600000, 0x0000000100000000)
  eden space 65536K, 100% used [0x00000000e0000000,0x00000000e4000000,0x00000000e4000000)
  from space 7168K, 97% used [0x00000000e4000000,0x00000000e46d9fa8,0x00000000e4700000)
  to   space 7680K, 0% used [0x00000000e5e80000,0x00000000e5e80000,0x00000000e6600000)
 ParOldGen       total 33280K, used 8106K [0x00000000a0000000, 0x00000000a2080000, 0x00000000e0000000)
  object space 33280K, 24% used [0x00000000a0000000,0x00000000a07ea830,0x00000000a2080000)
 Metaspace       used 30259K, capacity 30960K, committed 31104K, reserved 1075200K
  class space    used 4248K, capacity 4449K, committed 4480K, reserved 1048576K
Event: 6.775 GC heap after
Heap after GC invocations=11 (full 1):
 PSYoungGen      total 94720K, used 7656K [0x00000000e0000000, 0x00000000e6980000, 0x0000000100000000)
  eden space 87040K, 0% used [0x00000000e0000000,0x00000000e0000000,0x00000000e5500000)
  from space 7680K, 99% used [0x00000000e5e80000,0x00000000e65fa2c0,0x00000000e6600000)
  to   space 9728K, 0% used [0x00000000e5500000,0x00000000e5500000,0x00000000e5e80000)
 ParOldGen       total 33280K, used 10500K [0x00000000a0000000, 0x00000000a2080000, 0x00000000e0000000)
  object space 33280K, 31% used [0x00000000a0000000,0x00000000a0a41280,0x00000000a2080000)
 Metaspace       used 30259K, capacity 30960K, committed 31104K, reserved 1075200K
  class space    used 4248K, capacity 4449K, committed 4480K, reserved 1048576K
}
Event: 8.213 GC heap before
{Heap before GC invocations=12 (full 1):
 PSYoungGen      total 94720K, used 43392K [0x00000000e0000000, 0x00000000e6980000, 0x0000000100000000)
  eden space 87040K, 41% used [0x00000000e0000000,0x00000000e22e5df8,0x00000000e5500000)
  from space 7680K, 99% used [0x00000000e5e80000,0x00000000e65fa2c0,0x00000000e6600000)
  to   space 9728K, 0% used [0x00000000e5500000,0x00000000e5500000,0x00000000e5e80000)
 ParOldGen       total 33280K, used 10500K [0x00000000a0000000, 0x00000000a2080000, 0x00000000e0000000)
  object space 33280K, 31% used [0x00000000a0000000,0x00000000a0a41280,0x00000000a2080000)
 Metaspace       used 34525K, capacity 35300K, committed 35416K, reserved 1079296K
  class space    used 4827K, capacity 5091K, committed 5120K, reserved 1048576K
Event: 8.237 GC heap after
Heap after GC invocations=12 (full 1):
 PSYoungGen      total 96768K, used 4438K [0x00000000e0000000, 0x00000000e6980000, 0x0000000100000000)
  eden space 87040K, 0% used [0x00000000e0000000,0x00000000e0000000,0x00000000e5500000)
  from space 9728K, 45% used [0x00000000e5500000,0x00000000e5955890,0x00000000e5e80000)
  to   space 7680K, 0% used [0x00000000e5e80000,0x00000000e5e80000,0x00000000e6600000)
 ParOldGen       total 33280K, used 17137K [0x00000000a0000000, 0x00000000a2080000, 0x00000000e0000000)
  object space 33280K, 51% used [0x00000000a0000000,0x00000000a10bc510,0x00000000a2080000)
 Metaspace       used 34525K, capacity 35300K, committed 35416K, reserved 1079296K
  class space    used 4827K, capacity 5091K, committed 5120K, reserved 1048576K
}
Event: 8.237 GC heap before
{Heap before GC invocations=13 (full 2):
 PSYoungGen      total 96768K, used 4438K [0x00000000e0000000, 0x00000000e6980000, 0x0000000100000000)
  eden space 87040K, 0% used [0x00000000e0000000,0x00000000e0000000,0x00000000e5500000)
  from space 9728K, 45% used [0x00000000e5500000,0x00000000e5955890,0x00000000e5e80000)
  to   space 7680K, 0% used [0x00000000e5e80000,0x00000000e5e80000,0x00000000e6600000)
 ParOldGen       total 33280K, used 17137K [0x00000000a0000000, 0x00000000a2080000, 0x00000000e0000000)
  object space 33280K, 51% used [0x00000000a0000000,0x00000000a10bc510,0x00000000a2080000)
 Metaspace       used 34525K, capacity 35300K, committed 35416K, reserved 1079296K
  class space    used 4827K, capacity 5091K, committed 5120K, reserved 1048576K
Event: 8.335 GC heap after
Heap after GC invocations=13 (full 2):
 PSYoungGen      total 96768K, used 0K [0x00000000e0000000, 0x00000000e6980000, 0x0000000100000000)
  eden space 87040K, 0% used [0x00000000e0000000,0x00000000e0000000,0x00000000e5500000)
  from space 9728K, 0% used [0x00000000e5500000,0x00000000e5500000,0x00000000e5e80000)
  to   space 7680K, 0% used [0x00000000e5e80000,0x00000000e5e80000,0x00000000e6600000)
 ParOldGen       total 33280K, used 17710K [0x00000000a0000000, 0x00000000a2080000, 0x00000000e0000000)
  object space 33280K, 53% used [0x00000000a0000000,0x00000000a114b9b8,0x00000000a2080000)
 Metaspace       used 34525K, capacity 35300K, committed 35416K, reserved 1079296K
  class space    used 4827K, capacity 5091K, committed 5120K, reserved 1048576K
}

Deoptimization events (10 events):
Event: 8.023 Thread 0x00000000196c1000 Uncommon trap: reason=bimorphic action=maybe_recompile pc=0x0000000003690888 method=java.util.Arrays.binarySearch0([Ljava/lang/Object;IILjava/lang/Object;Ljava/util/Comparator;)I @ 48
Event: 8.071 Thread 0x00000000196c1000 Uncommon trap: reason=unstable_if action=reinterpret pc=0x000000000326df9c method=sun.misc.MetaIndex.mayContain(Ljava/lang/String;)Z @ 38
Event: 8.105 Thread 0x00000000196c1000 Uncommon trap: reason=unstable_if action=reinterpret pc=0x000000000351a464 method=java.util.regex.Pattern.has(I)Z @ 6
Event: 8.756 Thread 0x00000000196c1000 Uncommon trap: reason=unstable_if action=reinterpret pc=0x0000000003716778 method=java.util.HashMap.putVal(ILjava/lang/Object;Ljava/lang/Object;ZZ)Ljava/lang/Object; @ 162
Event: 8.756 Thread 0x00000000196c1000 Uncommon trap: reason=unstable_if action=reinterpret pc=0x0000000003706960 method=java.util.HashMap.putVal(ILjava/lang/Object;Ljava/lang/Object;ZZ)Ljava/lang/Object; @ 162
Event: 8.757 Thread 0x00000000196c1000 Uncommon trap: reason=unstable_if action=reinterpret pc=0x000000000313eb18 method=java.util.HashMap.resize()[Ljava/util/HashMap$Node; @ 206
Event: 8.972 Thread 0x00000000196c1000 Uncommon trap: reason=unstable_if action=reinterpret pc=0x000000000386572c method=java.lang.reflect.Modifier.toString(I)Ljava/lang/String; @ 123
Event: 8.972 Thread 0x00000000196c1000 Uncommon trap: reason=unstable_if action=reinterpret pc=0x000000000386e22c method=java.lang.reflect.Modifier.toString(I)Ljava/lang/String; @ 123
Event: 9.171 Thread 0x00000000196c1000 Uncommon trap: reason=unstable_if action=reinterpret pc=0x00000000034f08cc method=java.util.jar.Attributes$Name.isDigit(C)Z @ 3
Event: 9.179 Thread 0x00000000196c1000 Uncommon trap: reason=unstable_if action=reinterpret pc=0x0000000002e1e560 method=java.lang.ThreadLocal.get()Ljava/lang/Object; @ 11

Classes redefined (0 events):
No events

Internal exceptions (10 events):
Event: 7.678 Thread 0x00000000196c1000 Exception <a 'java/lang/ClassNotFoundException': org/gradle/api/DefaultTaskBeanInfo> (0x00000000e0edeca0) thrown at [D:\src\AOSP-openjdk-cygwin\jdk8u\hotspot\src\share\vm\classfile\systemDictionary.cpp, line 210]
Event: 7.680 Thread 0x00000000196c1000 Exception <a 'java/lang/ClassNotFoundException': org/gradle/api/internal/AbstractTaskBeanInfo> (0x00000000e0f07e88) thrown at [D:\src\AOSP-openjdk-cygwin\jdk8u\hotspot\src\share\vm\classfile\systemDictionary.cpp, line 210]
Event: 7.681 Thread 0x00000000196c1000 Exception <a 'java/lang/ClassNotFoundException': org/gradle/api/internal/AbstractTaskCustomizer> (0x00000000e0f31bf0) thrown at [D:\src\AOSP-openjdk-cygwin\jdk8u\hotspot\src\share\vm\classfile\systemDictionary.cpp, line 210]
Event: 7.687 Thread 0x00000000196c1000 Exception <a 'java/lang/ClassNotFoundException': org/gradle/api/DefaultTaskCustomizer> (0x00000000e0fb9980) thrown at [D:\src\AOSP-openjdk-cygwin\jdk8u\hotspot\src\share\vm\classfile\systemDictionary.cpp, line 210]
Event: 7.689 Thread 0x00000000196c1000 Exception <a 'java/lang/ClassNotFoundException': org/gradle/api/internal/ConventionTaskCustomizer> (0x00000000e0ff3120) thrown at [D:\src\AOSP-openjdk-cygwin\jdk8u\hotspot\src\share\vm\classfile\systemDictionary.cpp, line 210]
Event: 7.691 Thread 0x00000000196c1000 Exception <a 'java/lang/ClassNotFoundException': org/gradle/api/tasks/DeleteCustomizer> (0x00000000e102a9d0) thrown at [D:\src\AOSP-openjdk-cygwin\jdk8u\hotspot\src\share\vm\classfile\systemDictionary.cpp, line 210]
Event: 7.694 Thread 0x00000000196c1000 Exception <a 'java/lang/ClassNotFoundException': org/gradle/api/tasks/Delete_DecoratedCustomizer> (0x00000000e106fce0) thrown at [D:\src\AOSP-openjdk-cygwin\jdk8u\hotspot\src\share\vm\classfile\systemDictionary.cpp, line 210]
Event: 7.747 Thread 0x00000000196c1000 Exception <a 'java/lang/ClassNotFoundException': build_bxfyrabb9aa5svl443f3pfzfmBeanInfo> (0x00000000e11989c0) thrown at [D:\src\AOSP-openjdk-cygwin\jdk8u\hotspot\src\share\vm\classfile\systemDictionary.cpp, line 210]
Event: 7.747 Thread 0x00000000196c1000 Exception <a 'java/lang/ClassNotFoundException': build_bxfyrabb9aa5svl443f3pfzfmCustomizer> (0x00000000e11c64e0) thrown at [D:\src\AOSP-openjdk-cygwin\jdk8u\hotspot\src\share\vm\classfile\systemDictionary.cpp, line 210]
Event: 9.179 Thread 0x00000000196c1000 Implicit null exception at 0x0000000002e1e028 to 0x0000000002e1e549

Events (10 events):
Event: 9.203 loading class sun/nio/cs/US_ASCII$Decoder done
Event: 9.203 loading class sun/security/pkcs/SignerInfo
Event: 9.204 loading class sun/security/pkcs/SignerInfo done
Event: 9.204 loading class java/security/CryptoPrimitive
Event: 9.204 loading class java/security/CryptoPrimitive done
Event: 9.204 loading class sun/security/pkcs/PKCS9Attributes
Event: 9.205 loading class sun/security/pkcs/PKCS9Attributes done
Event: 9.205 loading class sun/security/pkcs/PKCS9Attribute
Event: 9.205 loading class sun/security/pkcs/PKCS9Attribute done
Event: 9.209 loading class sun/security/util/ConstraintsParameters


Dynamic libraries:
0x00007ff7fc750000 - 0x00007ff7fc781000 	C:\Program Files\Android\Android Studio\jre\bin\java.exe
0x00007fffbfd70000 - 0x00007fffbff51000 	C:\WINDOWS\SYSTEM32\ntdll.dll
0x00007fffbf230000 - 0x00007fffbf2e2000 	C:\WINDOWS\System32\KERNEL32.DLL
0x00007fffbcf30000 - 0x00007fffbd1a3000 	C:\WINDOWS\System32\KERNELBASE.dll
0x00007fffbecc0000 - 0x00007fffbed61000 	C:\WINDOWS\System32\ADVAPI32.dll
0x00007fffbfb70000 - 0x00007fffbfc0e000 	C:\WINDOWS\System32\msvcrt.dll
0x00007fffbf4f0000 - 0x00007fffbf54b000 	C:\WINDOWS\System32\sechost.dll
0x00007fffbfc10000 - 0x00007fffbfd34000 	C:\WINDOWS\System32\RPCRT4.dll
0x00007fffbe9d0000 - 0x00007fffbeb60000 	C:\WINDOWS\System32\USER32.dll
0x00007fffbc140000 - 0x00007fffbc160000 	C:\WINDOWS\System32\win32u.dll
0x00007fffbf4c0000 - 0x00007fffbf4e8000 	C:\WINDOWS\System32\GDI32.dll
0x00007fffbc160000 - 0x00007fffbc2f2000 	C:\WINDOWS\System32\gdi32full.dll
0x00007fffbce90000 - 0x00007fffbcf2f000 	C:\WINDOWS\System32\msvcp_win.dll
0x00007fffbcc60000 - 0x00007fffbcd5a000 	C:\WINDOWS\System32\ucrtbase.dll
0x00007fffadc40000 - 0x00007fffadea9000 	C:\WINDOWS\WinSxS\amd64_microsoft.windows.common-controls_6595b64144ccf1df_6.0.17134.112_none_fb3f961b30681c12\COMCTL32.dll
0x00007fffbe6a0000 - 0x00007fffbe9c3000 	C:\WINDOWS\System32\combase.dll
0x00007fffbcd60000 - 0x00007fffbcdda000 	C:\WINDOWS\System32\bcryptPrimitives.dll
0x00007fffbedf0000 - 0x00007fffbee1d000 	C:\WINDOWS\System32\IMM32.DLL
0x0000000068a70000 - 0x0000000068b42000 	C:\Program Files\Android\Android Studio\jre\jre\bin\msvcr100.dll
0x0000000066d10000 - 0x000000006754f000 	C:\Program Files\Android\Android Studio\jre\jre\bin\server\jvm.dll
0x00007fffbee30000 - 0x00007fffbee38000 	C:\WINDOWS\System32\PSAPI.DLL
0x00007fffb7e30000 - 0x00007fffb7e53000 	C:\WINDOWS\SYSTEM32\WINMM.dll
0x00007fffabe40000 - 0x00007fffabe4a000 	C:\WINDOWS\SYSTEM32\VERSION.dll
0x00007fffb7e00000 - 0x00007fffb7e2a000 	C:\WINDOWS\SYSTEM32\WINMMBASE.dll
0x00007fffbd1b0000 - 0x00007fffbd1f9000 	C:\WINDOWS\System32\cfgmgr32.dll
0x00007fffbacb0000 - 0x00007fffbacb9000 	C:\WINDOWS\SYSTEM32\WSOCK32.dll
0x00007fffbf450000 - 0x00007fffbf4bc000 	C:\WINDOWS\System32\WS2_32.dll
0x00007fffb1310000 - 0x00007fffb131f000 	C:\Program Files\Android\Android Studio\jre\jre\bin\verify.dll
0x00007fffaea10000 - 0x00007fffaea39000 	C:\Program Files\Android\Android Studio\jre\jre\bin\java.dll
0x00007fffaf470000 - 0x00007fffaf486000 	C:\Program Files\Android\Android Studio\jre\jre\bin\zip.dll
0x00007fffbd260000 - 0x00007fffbe6a0000 	C:\WINDOWS\System32\SHELL32.dll
0x00007fffbee40000 - 0x00007fffbeee9000 	C:\WINDOWS\System32\shcore.dll
0x00007fffbc300000 - 0x00007fffbca0d000 	C:\WINDOWS\System32\windows.storage.dll
0x00007fffbf550000 - 0x00007fffbf5a1000 	C:\WINDOWS\System32\shlwapi.dll
0x00007fffbc120000 - 0x00007fffbc131000 	C:\WINDOWS\System32\kernel.appcore.dll
0x00007fffbc100000 - 0x00007fffbc11f000 	C:\WINDOWS\System32\profapi.dll
0x00007fffbc090000 - 0x00007fffbc0dc000 	C:\WINDOWS\System32\powrprof.dll
0x00007fffbc080000 - 0x00007fffbc08a000 	C:\WINDOWS\System32\FLTLIB.DLL
0x00007fffab0d0000 - 0x00007fffab0ea000 	C:\Program Files\Android\Android Studio\jre\jre\bin\net.dll
0x00007fffbb900000 - 0x00007fffbb966000 	C:\WINDOWS\system32\mswsock.dll
0x00007fffaa940000 - 0x00007fffaa951000 	C:\Program Files\Android\Android Studio\jre\jre\bin\nio.dll
0x00007fffaef40000 - 0x00007fffaef5e000 	C:\Users\Ren\.gradle\native\25\windows-amd64\native-platform.dll
0x00007fffb7720000 - 0x00007fffb772d000 	C:\Program Files\Android\Android Studio\jre\jre\bin\management.dll
0x00007fffbbab0000 - 0x00007fffbbac7000 	C:\WINDOWS\SYSTEM32\CRYPTSP.dll
0x00007fffbb4e0000 - 0x00007fffbb513000 	C:\WINDOWS\system32\rsaenh.dll
0x00007fffbbbe0000 - 0x00007fffbbc05000 	C:\WINDOWS\SYSTEM32\bcrypt.dll
0x00007fffbbfb0000 - 0x00007fffbbfd8000 	C:\WINDOWS\SYSTEM32\USERENV.dll
0x00007fffbbad0000 - 0x00007fffbbadb000 	C:\WINDOWS\SYSTEM32\CRYPTBASE.dll
0x00007fffbb680000 - 0x00007fffbb6b8000 	C:\WINDOWS\SYSTEM32\IPHLPAPI.DLL
0x00007fffbf2f0000 - 0x00007fffbf2f8000 	C:\WINDOWS\System32\NSI.dll
0x00007fffb4800000 - 0x00007fffb4816000 	C:\WINDOWS\SYSTEM32\dhcpcsvc6.DLL
0x00007fffb47e0000 - 0x00007fffb47fa000 	C:\WINDOWS\SYSTEM32\dhcpcsvc.DLL

VM Arguments:
jvm_args: -Xmx1536m -Dfile.encoding=GBK -Duser.country=US -Duser.language=en -Duser.variant 
java_command: org.gradle.launcher.daemon.bootstrap.GradleDaemon 4.4
java_class_path (initial): C:\Users\Ren\.gradle\wrapper\dists\gradle-4.4-all\9br9xq1tocpiv8o6njlyu5op1\gradle-4.4\lib\gradle-launcher-4.4.jar
Launcher Type: SUN_STANDARD

Environment Variables:
PATH=C:\Program Files (x86)\Intel\iCLS Client\;C:\Program Files\Intel\iCLS Client\;C:\Program Files\Microsoft MPI\Bin\;C:\Program Files\Dell\DW WLAN Card;C:\ProgramData\Oracle\Java\javapath;C:\WINDOWS\system32;C:\WINDOWS;C:\WINDOWS\System32\Wbem;C:\WINDOWS\System32\WindowsPowerShell\v1.0\;C:\Program Files\WIDCOMM\Bluetooth Software\;C:\Program Files\WIDCOMM\Bluetooth Software\syswow64;C:\Program Files\Git\cmd;C:\Program Files (x86)\Windows Kits\8.1\Windows Performance Toolkit\;C:\Program Files (x86)\GtkSharp\2.12\bin;C:\HashiCorp\Vagrant\bin;C:\Program Files\nodejs\;C:\WINDOWS\System32\OpenSSH\;C:\Program Files (x86)\Intel\Intel(R) Management Engine Components\DAL;C:\Program Files\Intel\Intel(R) Management Engine Components\DAL;C:\Program Files (x86)\Intel\Intel(R) Management Engine Components\IPT;C:\Program Files\Intel\Intel(R) Management Engine Components\IPT;C:\Program Files (x86)\Yarn\bin\;C:\altera\15.1\modelsim_ase\win32aloem;C:\Users\Ren\AppData\Local\Microsoft\WindowsApps;C:\Users\Ren\AppData\Local\atom\bin;C:\Users\Ren\AppData\Local\Microsoft\WindowsApps;C:\Users\Ren\Anaconda3;C:\Users\Ren\Anaconda3\Scripts;C:\Program Files (x86)\Windows Kits\10\bin\x64;C:\Users\Ren\Anaconda3\Lib\site-packages;C:\Users\Ren\AppData\Roaming\npm;C:\Users\Ren\AppData\Local\Yarn\bin
USERNAME=Ren
OS=Windows_NT
PROCESSOR_IDENTIFIER=Intel64 Family 6 Model 61 Stepping 4, GenuineIntel



---------------  S Y S T E M  ---------------

OS: Windows 10.0 , 64 bit Build 17134 (10.0.17134.1)

CPU:total 4 (initial active 4) (2 cores per cpu, 2 threads per core) family 6 model 61 stepping 4, cmov, cx8, fxsr, mmx, sse, sse2, sse3, ssse3, sse4.1, sse4.2, popcnt, avx, avx2, aes, clmul, erms, 3dnowpref, lzcnt, ht, tsc, tscinvbit, bmi1, bmi2, adx

Memory: 4k page, physical 4096716k(350992k free), swap 5530316k(5272k free)

vm_info: OpenJDK 64-Bit Server VM (25.152-b02) for windows-amd64 JRE (1.8.0_152-release-1024-b02), built by "builder" with MS VC++ 10.0 (VS2010)

time: Sat Jun 30 15:55:45 2018
elapsed time: 9 seconds (0d 0h 0m 9s)

