#
# There is insufficient memory for the Java Runtime Environment to continue.
# Native memory allocation (malloc) failed to allocate 973536 bytes for Chunk::new
# Possible reasons:
#   The system is out of physical RAM or swap space
#   In 32 bit mode, the process size limit was hit
# Possible solutions:
#   Reduce memory load on the system
#   Increase physical memory or swap space
#   Check if swap backing store is full
#   Use 64 bit Java on a 64 bit OS
#   Decrease Java heap size (-Xmx/-Xms)
#   Decrease number of Java threads
#   Decrease Java thread stack sizes (-Xss)
#   Set larger code cache with -XX:ReservedCodeCacheSize=
# This output file may be truncated or incomplete.
#
#  Out of Memory Error (allocation.cpp:390), pid=6332, tid=0x00000000000008a8
#
# JRE version: OpenJDK Runtime Environment (8.0_152-b02) (build 1.8.0_152-release-1024-b02)
# Java VM: OpenJDK 64-Bit Server VM (25.152-b02 mixed mode windows-amd64 compressed oops)
# Failed to write core dump. Minidumps are not enabled by default on client versions of Windows
#

---------------  T H R E A D  ---------------

Current thread (0x00000000174d9800):  JavaThread "C2 CompilerThread0" daemon [_thread_in_native, id=2216, stack(0x0000000018ef0000,0x0000000018ff0000)]

Stack: [0x0000000018ef0000,0x0000000018ff0000]
[error occurred during error reporting (printing stack bounds), id 0xc0000005]

Native frames: (J=compiled Java code, j=interpreted, Vv=VM code, C=native code)


Current CompileTask:
C2:   3227 1344       4       java.net.URLClassLoader$1::run (5 bytes)


---------------  P R O C E S S  ---------------

Java Threads: ( => current thread )
  0x000000001a6a5800 JavaThread "File lock request listener" [_thread_in_native, id=2608, stack(0x000000001bc00000,0x000000001bd00000)]
  0x000000001a6c0800 JavaThread "Cache worker for file hash cache (C:\Users\Ren\.gradle\caches\4.4\fileHashes)" [_thread_blocked, id=6176, stack(0x000000001bb00000,0x000000001bc00000)]
  0x000000001a3b9000 JavaThread "Stdin handler" [_thread_blocked, id=1624, stack(0x000000001b800000,0x000000001b900000)]
  0x000000001a3b8000 JavaThread "Asynchronous log dispatcher for DefaultDaemonConnection: socket connection from /127.0.0.1:60418 to /127.0.0.1:60419" [_thread_blocked, id=8980, stack(0x000000001b700000,0x000000001b800000)]
  0x000000001a3db000 JavaThread "Daemon worker" [_thread_in_vm, id=2472, stack(0x000000001b600000,0x000000001b700000)]
  0x000000001a3da800 JavaThread "Cancel handler" [_thread_blocked, id=1316, stack(0x000000001b500000,0x000000001b600000)]
  0x000000001a378800 JavaThread "Handler for socket connection from /127.0.0.1:60418 to /127.0.0.1:60419" [_thread_in_native, id=2940, stack(0x000000001b200000,0x000000001b300000)]
  0x000000001a33e800 JavaThread "Daemon" [_thread_blocked, id=10956, stack(0x000000001b100000,0x000000001b200000)]
  0x000000001a342000 JavaThread "Daemon periodic checks" [_thread_blocked, id=1408, stack(0x000000001b000000,0x000000001b100000)]
  0x000000001a340800 JavaThread "Incoming local TCP Connector on port 60418" [_thread_in_native, id=5256, stack(0x000000001adc0000,0x000000001aec0000)]
  0x0000000018983800 JavaThread "Service Thread" daemon [_thread_blocked, id=10392, stack(0x00000000191f0000,0x00000000192f0000)]
  0x0000000018906800 JavaThread "C1 CompilerThread2" daemon [_thread_in_vm, id=11068, stack(0x00000000190f0000,0x00000000191f0000)]
  0x00000000174de000 JavaThread "C2 CompilerThread1" daemon [_thread_in_native, id=6224, stack(0x0000000018ff0000,0x00000000190f0000)]
=>0x00000000174d9800 JavaThread "C2 CompilerThread0" daemon [_thread_in_native, id=2216, stack(0x0000000018ef0000,0x0000000018ff0000)]
  0x00000000174d8800 JavaThread "Attach Listener" daemon [_thread_blocked, id=10748, stack(0x0000000018df0000,0x0000000018ef0000)]
  0x0000000017495000 JavaThread "Signal Dispatcher" daemon [_thread_blocked, id=7936, stack(0x0000000018cf0000,0x0000000018df0000)]
  0x000000000285d800 JavaThread "Finalizer" daemon [_thread_blocked, id=9488, stack(0x0000000018700000,0x0000000018800000)]
  0x0000000002851800 JavaThread "Reference Handler" daemon [_thread_blocked, id=11192, stack(0x0000000018600000,0x0000000018700000)]
  0x0000000002762800 JavaThread "main" [_thread_blocked, id=9516, stack(0x0000000002660000,0x0000000002760000)]

Other Threads:
  0x0000000017446000 VMThread [stack: 0x0000000018500000,0x0000000018600000] [id=1128]
  0x000000001898c000 WatcherThread [stack: 0x00000000192f0000,0x00000000193f0000] [id=5280]

VM state:not at safepoint (normal execution)

VM Mutex/Monitor currently owned by a thread: None

Heap:
 PSYoungGen      total 38400K, used 7491K [0x00000000d5580000, 0x00000000d8080000, 0x0000000100000000)
  eden space 32768K, 8% used [0x00000000d5580000,0x00000000d5858360,0x00000000d7580000)
  from space 5632K, 81% used [0x00000000d7b00000,0x00000000d7f78b68,0x00000000d8080000)
  to   space 5632K, 0% used [0x00000000d7580000,0x00000000d7580000,0x00000000d7b00000)
 ParOldGen       total 44032K, used 5661K [0x0000000080000000, 0x0000000082b00000, 0x00000000d5580000)
  object space 44032K, 12% used [0x0000000080000000,0x0000000080587400,0x0000000082b00000)
 Metaspace       used 14759K, capacity 15158K, committed 15360K, reserved 1062912K
  class space    used 2061K, capacity 2187K, committed 2304K, reserved 1048576K

Card table byte_map: [0x0000000011c20000,0x0000000012030000] byte_map_base: 0x0000000011820000

Marking Bits: (ParMarkBitMap*) 0x00000000674d4970
 Begin Bits: [0x00000000126e0000, 0x00000000146e0000)
 End Bits:   [0x00000000146e0000, 0x00000000166e0000)

Polling page: 0x00000000021c0000

CodeCache: size=245760Kb used=4783Kb max_used=4783Kb free=240976Kb
 bounds [0x0000000002860000, 0x0000000002d10000, 0x0000000011860000]
 total_blobs=1763 nmethods=1391 adapters=285
 compilation: enabled

Compilation events (10 events):
Event: 3.218 Thread 0x0000000018906800 nmethod 1374 0x0000000002cfdd50 code [0x0000000002cfdf20, 0x0000000002cfe778]
Event: 3.218 Thread 0x0000000018906800 1376       1       com.google.common.base.Splitter::access$200 (5 bytes)
Event: 3.218 Thread 0x0000000018906800 nmethod 1376 0x0000000002cfeb90 code [0x0000000002cfece0, 0x0000000002cfedd0]
Event: 3.218 Thread 0x0000000018906800 1377       1       com.google.common.base.Splitter::access$300 (5 bytes)
Event: 3.219 Thread 0x0000000018906800 nmethod 1377 0x0000000002cfee50 code [0x0000000002cfefa0, 0x0000000002cff090]
Event: 3.219 Thread 0x0000000018906800 1378       1       com.google.common.base.Splitter::access$400 (5 bytes)
Event: 3.219 Thread 0x0000000018906800 nmethod 1378 0x0000000002cff110 code [0x0000000002cff260, 0x0000000002cff350]
Event: 3.219 Thread 0x0000000018906800 1380       3       com.google.common.base.AbstractIterator::hasNext (65 bytes)
Event: 3.219 Thread 0x0000000018906800 nmethod 1380 0x0000000002cff3d0 code [0x0000000002cff560, 0x0000000002cff998]
Event: 3.219 Thread 0x0000000018906800 1382       3       com.google.common.base.Splitter$SplittingIterator::computeNext (279 bytes)

GC Heap History (10 events):
Event: 1.276 GC heap before
{Heap before GC invocations=2 (full 0):
 PSYoungGen      total 18944K, used 18930K [0x00000000d5580000, 0x00000000d6a80000, 0x0000000100000000)
  eden space 16384K, 100% used [0x00000000d5580000,0x00000000d6580000,0x00000000d6580000)
  from space 2560K, 99% used [0x00000000d6580000,0x00000000d67fca98,0x00000000d6800000)
  to   space 2560K, 0% used [0x00000000d6800000,0x00000000d6800000,0x00000000d6a80000)
 ParOldGen       total 44032K, used 529K [0x0000000080000000, 0x0000000082b00000, 0x00000000d5580000)
  object space 44032K, 1% used [0x0000000080000000,0x0000000080084740,0x0000000082b00000)
 Metaspace       used 6638K, capacity 6830K, committed 7040K, reserved 1056768K
  class space    used 806K, capacity 875K, committed 896K, reserved 1048576K
Event: 1.281 GC heap after
Heap after GC invocations=2 (full 0):
 PSYoungGen      total 18944K, used 2556K [0x00000000d5580000, 0x00000000d6a80000, 0x0000000100000000)
  eden space 16384K, 0% used [0x00000000d5580000,0x00000000d5580000,0x00000000d6580000)
  from space 2560K, 99% used [0x00000000d6800000,0x00000000d6a7f3a0,0x00000000d6a80000)
  to   space 2560K, 0% used [0x00000000d6580000,0x00000000d6580000,0x00000000d6800000)
 ParOldGen       total 44032K, used 728K [0x0000000080000000, 0x0000000082b00000, 0x00000000d5580000)
  object space 44032K, 1% used [0x0000000080000000,0x00000000800b6340,0x0000000082b00000)
 Metaspace       used 6638K, capacity 6830K, committed 7040K, reserved 1056768K
  class space    used 806K, capacity 875K, committed 896K, reserved 1048576K
}
Event: 1.487 GC heap before
{Heap before GC invocations=3 (full 0):
 PSYoungGen      total 18944K, used 18940K [0x00000000d5580000, 0x00000000d6a80000, 0x0000000100000000)
  eden space 16384K, 100% used [0x00000000d5580000,0x00000000d6580000,0x00000000d6580000)
  from space 2560K, 99% used [0x00000000d6800000,0x00000000d6a7f3a0,0x00000000d6a80000)
  to   space 2560K, 0% used [0x00000000d6580000,0x00000000d6580000,0x00000000d6800000)
 ParOldGen       total 44032K, used 728K [0x0000000080000000, 0x0000000082b00000, 0x00000000d5580000)
  object space 44032K, 1% used [0x0000000080000000,0x00000000800b6340,0x0000000082b00000)
 Metaspace       used 6970K, capacity 7176K, committed 7424K, reserved 1056768K
  class space    used 875K, capacity 948K, committed 1024K, reserved 1048576K
Event: 1.490 GC heap after
Heap after GC invocations=3 (full 0):
 PSYoungGen      total 18944K, used 2536K [0x00000000d5580000, 0x00000000d6a80000, 0x0000000100000000)
  eden space 16384K, 0% used [0x00000000d5580000,0x00000000d5580000,0x00000000d6580000)
  from space 2560K, 99% used [0x00000000d6580000,0x00000000d67fa040,0x00000000d6800000)
  to   space 2560K, 0% used [0x00000000d6800000,0x00000000d6800000,0x00000000d6a80000)
 ParOldGen       total 44032K, used 1264K [0x0000000080000000, 0x0000000082b00000, 0x00000000d5580000)
  object space 44032K, 2% used [0x0000000080000000,0x000000008013c278,0x0000000082b00000)
 Metaspace       used 6970K, capacity 7176K, committed 7424K, reserved 1056768K
  class space    used 875K, capacity 948K, committed 1024K, reserved 1048576K
}
Event: 2.734 GC heap before
{Heap before GC invocations=4 (full 0):
 PSYoungGen      total 18944K, used 18920K [0x00000000d5580000, 0x00000000d6a80000, 0x0000000100000000)
  eden space 16384K, 100% used [0x00000000d5580000,0x00000000d6580000,0x00000000d6580000)
  from space 2560K, 99% used [0x00000000d6580000,0x00000000d67fa040,0x00000000d6800000)
  to   space 2560K, 0% used [0x00000000d6800000,0x00000000d6800000,0x00000000d6a80000)
 ParOldGen       total 44032K, used 1264K [0x0000000080000000, 0x0000000082b00000, 0x00000000d5580000)
  object space 44032K, 2% used [0x0000000080000000,0x000000008013c278,0x0000000082b00000)
 Metaspace       used 11586K, capacity 11862K, committed 12160K, reserved 1060864K
  class space    used 1527K, capacity 1631K, committed 1664K, reserved 1048576K
Event: 2.739 GC heap after
Heap after GC invocations=4 (full 0):
 PSYoungGen      total 18944K, used 2536K [0x00000000d5580000, 0x00000000d6a80000, 0x0000000100000000)
  eden space 16384K, 0% used [0x00000000d5580000,0x00000000d5580000,0x00000000d6580000)
  from space 2560K, 99% used [0x00000000d6800000,0x00000000d6a7a040,0x00000000d6a80000)
  to   space 2560K, 0% used [0x00000000d6580000,0x00000000d6580000,0x00000000d6800000)
 ParOldGen       total 44032K, used 3862K [0x0000000080000000, 0x0000000082b00000, 0x00000000d5580000)
  object space 44032K, 8% used [0x0000000080000000,0x00000000803c5aa8,0x0000000082b00000)
 Metaspace       used 11586K, capacity 11862K, committed 12160K, reserved 1060864K
  class space    used 1527K, capacity 1631K, committed 1664K, reserved 1048576K
}
Event: 2.976 GC heap before
{Heap before GC invocations=5 (full 0):
 PSYoungGen      total 18944K, used 18920K [0x00000000d5580000, 0x00000000d6a80000, 0x0000000100000000)
  eden space 16384K, 100% used [0x00000000d5580000,0x00000000d6580000,0x00000000d6580000)
  from space 2560K, 99% used [0x00000000d6800000,0x00000000d6a7a040,0x00000000d6a80000)
  to   space 2560K, 0% used [0x00000000d6580000,0x00000000d6580000,0x00000000d6800000)
 ParOldGen       total 44032K, used 3862K [0x0000000080000000, 0x0000000082b00000, 0x00000000d5580000)
  object space 44032K, 8% used [0x0000000080000000,0x00000000803c5aa8,0x0000000082b00000)
 Metaspace       used 13074K, capacity 13394K, committed 13440K, reserved 1060864K
  class space    used 1775K, capacity 1897K, committed 1920K, reserved 1048576K
Event: 2.983 GC heap after
Heap after GC invocations=5 (full 0):
 PSYoungGen      total 18944K, used 2536K [0x00000000d5580000, 0x00000000d8080000, 0x0000000100000000)
  eden space 16384K, 0% used [0x00000000d5580000,0x00000000d5580000,0x00000000d6580000)
  from space 2560K, 99% used [0x00000000d6580000,0x00000000d67fa040,0x00000000d6800000)
  to   space 5632K, 0% used [0x00000000d7b00000,0x00000000d7b00000,0x00000000d8080000)
 ParOldGen       total 44032K, used 5661K [0x0000000080000000, 0x0000000082b00000, 0x00000000d5580000)
  object space 44032K, 12% used [0x0000000080000000,0x0000000080587400,0x0000000082b00000)
 Metaspace       used 13074K, capacity 13394K, committed 13440K, reserved 1060864K
  class space    used 1775K, capacity 1897K, committed 1920K, reserved 1048576K
}
Event: 3.184 GC heap before
{Heap before GC invocations=6 (full 0):
 PSYoungGen      total 18944K, used 18920K [0x00000000d5580000, 0x00000000d8080000, 0x0000000100000000)
  eden space 16384K, 100% used [0x00000000d5580000,0x00000000d6580000,0x00000000d6580000)
  from space 2560K, 99% used [0x00000000d6580000,0x00000000d67fa040,0x00000000d6800000)
  to   space 5632K, 0% used [0x00000000d7b00000,0x00000000d7b00000,0x00000000d8080000)
 ParOldGen       total 44032K, used 5661K [0x0000000080000000, 0x0000000082b00000, 0x00000000d5580000)
  object space 44032K, 12% used [0x0000000080000000,0x0000000080587400,0x0000000082b00000)
 Metaspace       used 14549K, capacity 14870K, committed 14976K, reserved 1062912K
  class space    used 2028K, capacity 2155K, committed 2176K, reserved 1048576K
Event: 3.191 GC heap after
Heap after GC invocations=6 (full 0):
 PSYoungGen      total 38400K, used 4578K [0x00000000d5580000, 0x00000000d8080000, 0x0000000100000000)
  eden space 32768K, 0% used [0x00000000d5580000,0x00000000d5580000,0x00000000d7580000)
  from space 5632K, 81% used [0x00000000d7b00000,0x00000000d7f78b68,0x00000000d8080000)
  to   space 5632K, 0% used [0x00000000d7580000,0x00000000d7580000,0x00000000d7b00000)
 ParOldGen       total 44032K, used 5661K [0x0000000080000000, 0x0000000082b00000, 0x00000000d5580000)
  object space 44032K, 12% used [0x0000000080000000,0x0000000080587400,0x0000000082b00000)
 Metaspace       used 14549K, capacity 14870K, committed 14976K, reserved 1062912K
  class space    used 2028K, capacity 2155K, committed 2176K, reserved 1048576K
}

Deoptimization events (10 events):
Event: 1.523 Thread 0x0000000002762800 Uncommon trap: reason=bimorphic action=maybe_recompile pc=0x0000000002adf534 method=java.util.HashMap.putVal(ILjava/lang/Object;Ljava/lang/Object;ZZ)Ljava/lang/Object; @ 91
Event: 1.529 Thread 0x0000000002762800 Uncommon trap: reason=bimorphic action=maybe_recompile pc=0x0000000002ad0a7c method=java.util.HashMap.putVal(ILjava/lang/Object;Ljava/lang/Object;ZZ)Ljava/lang/Object; @ 91
Event: 1.683 Thread 0x0000000002762800 Uncommon trap: reason=bimorphic action=maybe_recompile pc=0x0000000002b90ab4 method=java.util.HashMap.putVal(ILjava/lang/Object;Ljava/lang/Object;ZZ)Ljava/lang/Object; @ 203
Event: 1.924 Thread 0x0000000002762800 Uncommon trap: reason=unstable_if action=reinterpret pc=0x0000000002b2eb48 method=java.io.WinNTFileSystem.normalize(Ljava/lang/String;)Ljava/lang/String; @ 128
Event: 2.730 Thread 0x000000001a378800 Uncommon trap: reason=unstable_if action=reinterpret pc=0x0000000002bea460 method=java.util.concurrent.ConcurrentHashMap.putVal(Ljava/lang/Object;Ljava/lang/Object;Z)Ljava/lang/Object; @ 206
Event: 2.818 Thread 0x000000001a3db000 Uncommon trap: reason=bimorphic action=maybe_recompile pc=0x0000000002b90414 method=java.util.HashMap.putVal(ILjava/lang/Object;Ljava/lang/Object;ZZ)Ljava/lang/Object; @ 253
Event: 2.818 Thread 0x000000001a3db000 Uncommon trap: reason=bimorphic action=maybe_recompile pc=0x0000000002b90414 method=java.util.HashMap.putVal(ILjava/lang/Object;Ljava/lang/Object;ZZ)Ljava/lang/Object; @ 253
Event: 2.830 Thread 0x000000001a3db000 Uncommon trap: reason=class_check action=maybe_recompile pc=0x0000000002acae1c method=java.util.regex.Matcher.match(II)Z @ 86
Event: 3.103 Thread 0x000000001a3db000 Uncommon trap: reason=class_check action=maybe_recompile pc=0x0000000002acae1c method=java.util.regex.Matcher.match(II)Z @ 86
Event: 3.177 Thread 0x000000001a3db000 Uncommon trap: reason=unstable_if action=reinterpret pc=0x0000000002cc3ef4 method=java.lang.String.lastIndexOf([CII[CIII)I @ 66

Classes redefined (0 events):
No events

Internal exceptions (10 events):
Event: 2.753 Thread 0x000000001a378800 Exception <a 'java/lang/NoSuchMethodError': <clinit>> (0x00000000d5608f18) thrown at [D:\src\AOSP-openjdk-cygwin\jdk8u\hotspot\src\share\vm\prims\jni.cpp, line 1613]
Event: 2.755 Thread 0x000000001a378800 Exception <a 'java/lang/NoSuchMethodError': <clinit>> (0x00000000d5620a30) thrown at [D:\src\AOSP-openjdk-cygwin\jdk8u\hotspot\src\share\vm\prims\jni.cpp, line 1613]
Event: 2.755 Thread 0x000000001a378800 Exception <a 'java/lang/NoSuchMethodError': <clinit>> (0x00000000d56294f8) thrown at [D:\src\AOSP-openjdk-cygwin\jdk8u\hotspot\src\share\vm\prims\jni.cpp, line 1613]
Event: 2.757 Thread 0x000000001a378800 Exception <a 'java/lang/NoSuchMethodError': <clinit>> (0x00000000d563ab88) thrown at [D:\src\AOSP-openjdk-cygwin\jdk8u\hotspot\src\share\vm\prims\jni.cpp, line 1613]
Event: 2.772 Thread 0x000000001a378800 Exception <a 'java/lang/NoSuchMethodError': <clinit>> (0x00000000d56a7890) thrown at [D:\src\AOSP-openjdk-cygwin\jdk8u\hotspot\src\share\vm\prims\jni.cpp, line 1613]
Event: 2.776 Thread 0x000000001a378800 Exception <a 'java/lang/NoSuchMethodError': <clinit>> (0x00000000d56cb1d8) thrown at [D:\src\AOSP-openjdk-cygwin\jdk8u\hotspot\src\share\vm\prims\jni.cpp, line 1613]
Event: 2.780 Thread 0x000000001a378800 Exception <a 'java/lang/NoSuchMethodError': <clinit>> (0x00000000d56e6118) thrown at [D:\src\AOSP-openjdk-cygwin\jdk8u\hotspot\src\share\vm\prims\jni.cpp, line 1613]
Event: 2.783 Thread 0x000000001a378800 Exception <a 'java/lang/NoSuchMethodError': <clinit>> (0x00000000d570b958) thrown at [D:\src\AOSP-openjdk-cygwin\jdk8u\hotspot\src\share\vm\prims\jni.cpp, line 1613]
Event: 2.807 Thread 0x000000001a3db000 Exception <a 'java/lang/NoSuchMethodError': <clinit>> (0x00000000d57e6c68) thrown at [D:\src\AOSP-openjdk-cygwin\jdk8u\hotspot\src\share\vm\prims\jni.cpp, line 1613]
Event: 2.808 Thread 0x000000001a3db000 Exception <a 'java/lang/NoSuchMethodError': <clinit>> (0x00000000d57eeef0) thrown at [D:\src\AOSP-openjdk-cygwin\jdk8u\hotspot\src\share\vm\prims\jni.cpp, line 1613]

Events (10 events):
Event: 3.210 loading class com/google/common/base/Splitter$SplittingIterator
Event: 3.210 loading class com/google/common/base/Splitter$SplittingIterator done
Event: 3.210 loading class com/google/common/base/AbstractIterator
Event: 3.210 loading class com/google/common/base/AbstractIterator done
Event: 3.211 loading class com/google/common/base/Splitter$1$1
Event: 3.211 loading class com/google/common/base/Splitter$1$1 done
Event: 3.211 loading class com/google/common/base/AbstractIterator$State
Event: 3.211 loading class com/google/common/base/AbstractIterator$State done
Event: 3.212 loading class com/google/common/base/AbstractIterator$1
Event: 3.212 loading class com/google/common/base/AbstractIterator$1 done


Dynamic libraries:
0x00007ff7fc750000 - 0x00007ff7fc781000 	C:\Program Files\Android\Android Studio\jre\bin\java.exe
0x00007fffbfd70000 - 0x00007fffbff51000 	C:\WINDOWS\SYSTEM32\ntdll.dll
0x00007fffbf230000 - 0x00007fffbf2e2000 	C:\WINDOWS\System32\KERNEL32.DLL
0x00007fffbcf30000 - 0x00007fffbd1a3000 	C:\WINDOWS\System32\KERNELBASE.dll
0x00007fffbecc0000 - 0x00007fffbed61000 	C:\WINDOWS\System32\ADVAPI32.dll
0x00007fffbfb70000 - 0x00007fffbfc0e000 	C:\WINDOWS\System32\msvcrt.dll
0x00007fffbf4f0000 - 0x00007fffbf54b000 	C:\WINDOWS\System32\sechost.dll
0x00007fffbfc10000 - 0x00007fffbfd34000 	C:\WINDOWS\System32\RPCRT4.dll
0x00007fffbe9d0000 - 0x00007fffbeb60000 	C:\WINDOWS\System32\USER32.dll
0x00007fffbc140000 - 0x00007fffbc160000 	C:\WINDOWS\System32\win32u.dll
0x00007fffbf4c0000 - 0x00007fffbf4e8000 	C:\WINDOWS\System32\GDI32.dll
0x00007fffbc160000 - 0x00007fffbc2f2000 	C:\WINDOWS\System32\gdi32full.dll
0x00007fffbce90000 - 0x00007fffbcf2f000 	C:\WINDOWS\System32\msvcp_win.dll
0x00007fffbcc60000 - 0x00007fffbcd5a000 	C:\WINDOWS\System32\ucrtbase.dll
0x00007fffadc40000 - 0x00007fffadea9000 	C:\WINDOWS\WinSxS\amd64_microsoft.windows.common-controls_6595b64144ccf1df_6.0.17134.112_none_fb3f961b30681c12\COMCTL32.dll
0x00007fffbe6a0000 - 0x00007fffbe9c3000 	C:\WINDOWS\System32\combase.dll
0x00007fffbcd60000 - 0x00007fffbcdda000 	C:\WINDOWS\System32\bcryptPrimitives.dll
0x00007fffbedf0000 - 0x00007fffbee1d000 	C:\WINDOWS\System32\IMM32.DLL
0x0000000068a70000 - 0x0000000068b42000 	C:\Program Files\Android\Android Studio\jre\jre\bin\msvcr100.dll
0x0000000066d10000 - 0x000000006754f000 	C:\Program Files\Android\Android Studio\jre\jre\bin\server\jvm.dll
0x00007fffbee30000 - 0x00007fffbee38000 	C:\WINDOWS\System32\PSAPI.DLL
0x00007fffbacb0000 - 0x00007fffbacb9000 	C:\WINDOWS\SYSTEM32\WSOCK32.dll
0x00007fffabe40000 - 0x00007fffabe4a000 	C:\WINDOWS\SYSTEM32\VERSION.dll
0x00007fffb7e30000 - 0x00007fffb7e53000 	C:\WINDOWS\SYSTEM32\WINMM.dll
0x00007fffbf450000 - 0x00007fffbf4bc000 	C:\WINDOWS\System32\WS2_32.dll
0x00007fffb7e00000 - 0x00007fffb7e2a000 	C:\WINDOWS\SYSTEM32\WINMMBASE.dll
0x00007fffbd1b0000 - 0x00007fffbd1f9000 	C:\WINDOWS\System32\cfgmgr32.dll
0x00007fffb1310000 - 0x00007fffb131f000 	C:\Program Files\Android\Android Studio\jre\jre\bin\verify.dll
0x00007fffaea10000 - 0x00007fffaea39000 	C:\Program Files\Android\Android Studio\jre\jre\bin\java.dll
0x00007fffaf470000 - 0x00007fffaf486000 	C:\Program Files\Android\Android Studio\jre\jre\bin\zip.dll
0x00007fffbd260000 - 0x00007fffbe6a0000 	C:\WINDOWS\System32\SHELL32.dll
0x00007fffbee40000 - 0x00007fffbeee9000 	C:\WINDOWS\System32\shcore.dll
0x00007fffbc300000 - 0x00007fffbca0d000 	C:\WINDOWS\System32\windows.storage.dll
0x00007fffbf550000 - 0x00007fffbf5a1000 	C:\WINDOWS\System32\shlwapi.dll
0x00007fffbc120000 - 0x00007fffbc131000 	C:\WINDOWS\System32\kernel.appcore.dll
0x00007fffbc100000 - 0x00007fffbc11f000 	C:\WINDOWS\System32\profapi.dll
0x00007fffbc090000 - 0x00007fffbc0dc000 	C:\WINDOWS\System32\powrprof.dll
0x00007fffbc080000 - 0x00007fffbc08a000 	C:\WINDOWS\System32\FLTLIB.DLL
0x00007fffab0d0000 - 0x00007fffab0ea000 	C:\Program Files\Android\Android Studio\jre\jre\bin\net.dll
0x00007fffbb900000 - 0x00007fffbb966000 	C:\WINDOWS\system32\mswsock.dll
0x00007fffaa940000 - 0x00007fffaa951000 	C:\Program Files\Android\Android Studio\jre\jre\bin\nio.dll
0x00007fffaef40000 - 0x00007fffaef5e000 	C:\Users\Ren\.gradle\native\25\windows-amd64\native-platform.dll
0x00007fffb7720000 - 0x00007fffb772d000 	C:\Program Files\Android\Android Studio\jre\jre\bin\management.dll
0x00007fffbbab0000 - 0x00007fffbbac7000 	C:\WINDOWS\SYSTEM32\CRYPTSP.dll
0x00007fffbb4e0000 - 0x00007fffbb513000 	C:\WINDOWS\system32\rsaenh.dll
0x00007fffbbbe0000 - 0x00007fffbbc05000 	C:\WINDOWS\SYSTEM32\bcrypt.dll
0x00007fffbbfb0000 - 0x00007fffbbfd8000 	C:\WINDOWS\SYSTEM32\USERENV.dll
0x00007fffbbad0000 - 0x00007fffbbadb000 	C:\WINDOWS\SYSTEM32\CRYPTBASE.dll
0x00007fffbb680000 - 0x00007fffbb6b8000 	C:\WINDOWS\SYSTEM32\IPHLPAPI.DLL
0x00007fffbf2f0000 - 0x00007fffbf2f8000 	C:\WINDOWS\System32\NSI.dll
0x00007fffb4800000 - 0x00007fffb4816000 	C:\WINDOWS\SYSTEM32\dhcpcsvc6.DLL
0x00007fffb47e0000 - 0x00007fffb47fa000 	C:\WINDOWS\SYSTEM32\dhcpcsvc.DLL

VM Arguments:
jvm_args: -Xmx2g -Dfile.encoding=GBK -Duser.country=US -Duser.language=en -Duser.variant 
java_command: org.gradle.launcher.daemon.bootstrap.GradleDaemon 4.4
java_class_path (initial): C:\Users\Ren\.gradle\wrapper\dists\gradle-4.4-all\9br9xq1tocpiv8o6njlyu5op1\gradle-4.4\lib\gradle-launcher-4.4.jar
Launcher Type: SUN_STANDARD

Environment Variables:
PATH=C:\Program Files (x86)\Intel\iCLS Client\;C:\Program Files\Intel\iCLS Client\;C:\Program Files\Microsoft MPI\Bin\;C:\Program Files\Dell\DW WLAN Card;C:\ProgramData\Oracle\Java\javapath;C:\WINDOWS\system32;C:\WINDOWS;C:\WINDOWS\System32\Wbem;C:\WINDOWS\System32\WindowsPowerShell\v1.0\;C:\Program Files\WIDCOMM\Bluetooth Software\;C:\Program Files\WIDCOMM\Bluetooth Software\syswow64;C:\Program Files\Git\cmd;C:\Program Files (x86)\Windows Kits\8.1\Windows Performance Toolkit\;C:\Program Files (x86)\GtkSharp\2.12\bin;C:\HashiCorp\Vagrant\bin;C:\Program Files\nodejs\;C:\WINDOWS\System32\OpenSSH\;C:\Program Files (x86)\Intel\Intel(R) Management Engine Components\DAL;C:\Program Files\Intel\Intel(R) Management Engine Components\DAL;C:\Program Files (x86)\Intel\Intel(R) Management Engine Components\IPT;C:\Program Files\Intel\Intel(R) Management Engine Components\IPT;C:\Program Files (x86)\Yarn\bin\;C:\altera\15.1\modelsim_ase\win32aloem;C:\Users\Ren\AppData\Local\Microsoft\WindowsApps;C:\Users\Ren\AppData\Local\atom\bin;C:\Users\Ren\AppData\Local\Microsoft\WindowsApps;C:\Users\Ren\Anaconda3;C:\Users\Ren\Anaconda3\Scripts;C:\Program Files (x86)\Windows Kits\10\bin\x64;C:\Users\Ren\Anaconda3\Lib\site-packages;C:\Users\Ren\AppData\Roaming\npm;C:\Users\Ren\AppData\Local\Yarn\bin
USERNAME=Ren
OS=Windows_NT
PROCESSOR_IDENTIFIER=Intel64 Family 6 Model 61 Stepping 4, GenuineIntel



---------------  S Y S T E M  ---------------

OS: Windows 10.0 , 64 bit Build 17134 (10.0.17134.1)

CPU:total 4 (initial active 4) (2 cores per cpu, 2 threads per core) family 6 model 61 stepping 4, cmov, cx8, fxsr, mmx, sse, sse2, sse3, ssse3, sse4.1, sse4.2, popcnt, avx, avx2, aes, clmul, erms, 3dnowpref, lzcnt, ht, tsc, tscinvbit, bmi1, bmi2, adx

Memory: 4k page, physical 4096716k(492996k free), swap 5530316k(3460k free)

vm_info: OpenJDK 64-Bit Server VM (25.152-b02) for windows-amd64 JRE (1.8.0_152-release-1024-b02), built by "builder" with MS VC++ 10.0 (VS2010)

time: Sat Jun 30 16:01:11 2018
elapsed time: 3 seconds (0d 0h 0m 3s)

