#
# There is insufficient memory for the Java Runtime Environment to continue.
# Native memory allocation (malloc) failed to allocate 1478192 bytes for Chunk::new
# Possible reasons:
#   The system is out of physical RAM or swap space
#   In 32 bit mode, the process size limit was hit
# Possible solutions:
#   Reduce memory load on the system
#   Increase physical memory or swap space
#   Check if swap backing store is full
#   Use 64 bit Java on a 64 bit OS
#   Decrease Java heap size (-Xmx/-Xms)
#   Decrease number of Java threads
#   Decrease Java thread stack sizes (-Xss)
#   Set larger code cache with -XX:ReservedCodeCacheSize=
# This output file may be truncated or incomplete.
#
#  Out of Memory Error (allocation.cpp:390), pid=1856, tid=0x000000000000015c
#
# JRE version: OpenJDK Runtime Environment (8.0_152-b02) (build 1.8.0_152-release-1024-b02)
# Java VM: OpenJDK 64-Bit Server VM (25.152-b02 mixed mode windows-amd64 compressed oops)
# Failed to write core dump. Minidumps are not enabled by default on client versions of Windows
#

---------------  T H R E A D  ---------------

Current thread (0x0000000015419800):  JavaThread "C2 CompilerThread0" daemon [_thread_in_native, id=348, stack(0x0000000016e10000,0x0000000016f10000)]

Stack: [0x0000000016e10000,0x0000000016f10000]
[error occurred during error reporting (printing stack bounds), id 0xc0000005]

Native frames: (J=compiled Java code, j=interpreted, Vv=VM code, C=native code)


Current CompileTask:
C2:   7332 2474       4       groovy.lang.MetaClassImpl$1MOPIter::methodNameAction (479 bytes)


---------------  P R O C E S S  ---------------

Java Threads: ( => current thread )
  0x00000000176ee800 JavaThread "build operations Thread 4" [_thread_blocked, id=7116, stack(0x000000001efb0000,0x000000001f0b0000)]
  0x000000001a05a800 JavaThread "build operations Thread 3" [_thread_blocked, id=6076, stack(0x000000001eeb0000,0x000000001efb0000)]
  0x000000001a058800 JavaThread "build operations Thread 2" [_thread_blocked, id=2688, stack(0x000000001edb0000,0x000000001eeb0000)]
  0x000000001a057000 JavaThread "build operations" [_thread_blocked, id=236, stack(0x000000001e3d0000,0x000000001e4d0000)]
  0x000000001a05b800 JavaThread "Cache worker for Artifact transforms cache (C:\Users\Ren\.gradle\caches\transforms-1)" [_thread_blocked, id=9272, stack(0x000000001c0c0000,0x000000001c1c0000)]
  0x000000001898c000 JavaThread "Cache worker for file hash cache (C:\Users\Ren\Documents\EasyOnlineConverter\.gradle\4.4\fileHashes)" [_thread_blocked, id=2548, stack(0x000000001abf0000,0x000000001acf0000)]
  0x00000000185f4000 JavaThread "File lock request listener" [_thread_in_native, id=8580, stack(0x0000000019b20000,0x0000000019c20000)]
  0x00000000183c9800 JavaThread "Cache worker for file hash cache (C:\Users\Ren\.gradle\caches\4.4\fileHashes)" [_thread_blocked, id=2020, stack(0x0000000019a20000,0x0000000019b20000)]
  0x00000000183c6800 JavaThread "Stdin handler" [_thread_blocked, id=6532, stack(0x0000000019720000,0x0000000019820000)]
  0x00000000183c6000 JavaThread "Asynchronous log dispatcher for DefaultDaemonConnection: socket connection from /127.0.0.1:50126 to /127.0.0.1:50127" [_thread_blocked, id=468, stack(0x0000000019620000,0x0000000019720000)]
  0x00000000183a2000 JavaThread "Daemon worker" [_thread_in_Java, id=7660, stack(0x0000000019520000,0x0000000019620000)]
  0x000000001839f800 JavaThread "Cancel handler" [_thread_blocked, id=3932, stack(0x0000000019420000,0x0000000019520000)]
  0x0000000018364000 JavaThread "Handler for socket connection from /127.0.0.1:50126 to /127.0.0.1:50127" [_thread_in_native, id=4584, stack(0x0000000019120000,0x0000000019220000)]
  0x0000000018361000 JavaThread "Daemon" [_thread_blocked, id=8216, stack(0x0000000019020000,0x0000000019120000)]
  0x0000000018309000 JavaThread "Daemon periodic checks" [_thread_blocked, id=8268, stack(0x0000000018f20000,0x0000000019020000)]
  0x000000001830c800 JavaThread "Incoming local TCP Connector on port 50126" [_thread_in_native, id=9540, stack(0x0000000018ce0000,0x0000000018de0000)]
  0x0000000016896800 JavaThread "Service Thread" daemon [_thread_blocked, id=5060, stack(0x0000000017110000,0x0000000017210000)]
  0x0000000016826800 JavaThread "C1 CompilerThread2" daemon [_thread_in_vm, id=9176, stack(0x0000000017010000,0x0000000017110000)]
  0x000000001541d800 JavaThread "C2 CompilerThread1" daemon [_thread_blocked, id=2784, stack(0x0000000016f10000,0x0000000017010000)]
=>0x0000000015419800 JavaThread "C2 CompilerThread0" daemon [_thread_in_native, id=348, stack(0x0000000016e10000,0x0000000016f10000)]
  0x00000000153b7800 JavaThread "Attach Listener" daemon [_thread_blocked, id=8340, stack(0x0000000016d10000,0x0000000016e10000)]
  0x00000000153d4800 JavaThread "Signal Dispatcher" daemon [_thread_blocked, id=9920, stack(0x0000000016c10000,0x0000000016d10000)]
  0x00000000153a7000 JavaThread "Finalizer" daemon [_thread_blocked, id=6252, stack(0x0000000016620000,0x0000000016720000)]
  0x0000000002ce4000 JavaThread "Reference Handler" daemon [_thread_blocked, id=7472, stack(0x0000000016520000,0x0000000016620000)]
  0x0000000002bf2800 JavaThread "main" [_thread_blocked, id=9560, stack(0x0000000002af0000,0x0000000002bf0000)]

Other Threads:
  0x0000000015385800 VMThread [stack: 0x0000000016420000,0x0000000016520000] [id=3592]
  0x0000000016897800 WatcherThread [stack: 0x0000000017210000,0x0000000017310000] [id=1708]

VM state:not at safepoint (normal execution)

VM Mutex/Monitor currently owned by a thread: None

Heap:
 PSYoungGen      total 96256K, used 34887K [0x00000000eab00000, 0x00000000f1700000, 0x0000000100000000)
  eden space 88576K, 30% used [0x00000000eab00000,0x00000000ec597b68,0x00000000f0180000)
  from space 7680K, 99% used [0x00000000f0b00000,0x00000000f127a2c0,0x00000000f1280000)
  to   space 9728K, 0% used [0x00000000f0180000,0x00000000f0180000,0x00000000f0b00000)
 ParOldGen       total 32768K, used 10617K [0x00000000c0000000, 0x00000000c2000000, 0x00000000eab00000)
  object space 32768K, 32% used [0x00000000c0000000,0x00000000c0a5e6a8,0x00000000c2000000)
 Metaspace       used 33109K, capacity 33908K, committed 34176K, reserved 1079296K
  class space    used 4633K, capacity 4904K, committed 4992K, reserved 1048576K

Card table byte_map: [0x00000000120b0000,0x00000000122c0000] byte_map_base: 0x0000000011ab0000

Marking Bits: (ParMarkBitMap*) 0x0000000067484970
 Begin Bits: [0x0000000012820000, 0x0000000013820000)
 End Bits:   [0x0000000013820000, 0x0000000014820000)

Polling page: 0x0000000000d00000

CodeCache: size=245760Kb used=9756Kb max_used=10069Kb free=236003Kb
 bounds [0x0000000002cf0000, 0x00000000036d0000, 0x0000000011cf0000]
 total_blobs=3582 nmethods=2900 adapters=595
 compilation: enabled

Compilation events (10 events):
Event: 7.298 Thread 0x0000000016826800 3221       3       java.lang.ClassLoader::findClass (9 bytes)
Event: 7.298 Thread 0x0000000016826800 nmethod 3221 0x0000000002fb03d0 code [0x0000000002fb0540, 0x0000000002fb0728]
Event: 7.299 Thread 0x000000001541d800 nmethod 3213 0x0000000002f7e110 code [0x0000000002f7e3a0, 0x0000000002f7ebf8]
Event: 7.299 Thread 0x000000001541d800 3219   !   4       java.lang.ClassLoader::loadClass (122 bytes)
Event: 7.310 Thread 0x0000000016826800 3222       1       java.util.logging.LogManager::access$500 (5 bytes)
Event: 7.310 Thread 0x0000000016826800 nmethod 3222 0x0000000002fafed0 code [0x0000000002fb0020, 0x0000000002fb0110]
Event: 7.319 Thread 0x0000000016826800 3223       3       java.lang.String$CaseInsensitiveComparator::compare (13 bytes)
Event: 7.320 Thread 0x0000000016826800 nmethod 3223 0x0000000002e6f5d0 code [0x0000000002e6f740, 0x0000000002e6faa8]
Event: 7.321 Thread 0x0000000016826800 3225       3       java.util.TreeMap::getEntryUsingComparator (74 bytes)
Event: 7.321 Thread 0x0000000016826800 nmethod 3225 0x0000000002e6e810 code [0x0000000002e6e9a0, 0x0000000002e6ed88]

GC Heap History (10 events):
Event: 3.591 GC heap before
{Heap before GC invocations=7 (full 0):
 PSYoungGen      total 38400K, used 37409K [0x00000000eab00000, 0x00000000ed600000, 0x0000000100000000)
  eden space 32768K, 100% used [0x00000000eab00000,0x00000000ecb00000,0x00000000ecb00000)
  from space 5632K, 82% used [0x00000000ed080000,0x00000000ed508788,0x00000000ed600000)
  to   space 5632K, 0% used [0x00000000ecb00000,0x00000000ecb00000,0x00000000ed080000)
 ParOldGen       total 44032K, used 5643K [0x00000000c0000000, 0x00000000c2b00000, 0x00000000eab00000)
  object space 44032K, 12% used [0x00000000c0000000,0x00000000c0582e70,0x00000000c2b00000)
 Metaspace       used 17789K, capacity 18218K, committed 18304K, reserved 1064960K
  class space    used 2562K, capacity 2685K, committed 2688K, reserved 1048576K
Event: 3.614 GC heap after
Heap after GC invocations=7 (full 0):
 PSYoungGen      total 38400K, used 5612K [0x00000000eab00000, 0x00000000ef900000, 0x0000000100000000)
  eden space 32768K, 0% used [0x00000000eab00000,0x00000000eab00000,0x00000000ecb00000)
  from space 5632K, 99% used [0x00000000ecb00000,0x00000000ed07b200,0x00000000ed080000)
  to   space 7168K, 0% used [0x00000000ef200000,0x00000000ef200000,0x00000000ef900000)
 ParOldGen       total 44032K, used 7110K [0x00000000c0000000, 0x00000000c2b00000, 0x00000000eab00000)
  object space 44032K, 16% used [0x00000000c0000000,0x00000000c06f19a0,0x00000000c2b00000)
 Metaspace       used 17789K, capacity 18218K, committed 18304K, reserved 1064960K
  class space    used 2562K, capacity 2685K, committed 2688K, reserved 1048576K
}
Event: 4.026 GC heap before
{Heap before GC invocations=8 (full 0):
 PSYoungGen      total 38400K, used 18898K [0x00000000eab00000, 0x00000000ef900000, 0x0000000100000000)
  eden space 32768K, 40% used [0x00000000eab00000,0x00000000eb7f98b8,0x00000000ecb00000)
  from space 5632K, 99% used [0x00000000ecb00000,0x00000000ed07b200,0x00000000ed080000)
  to   space 7168K, 0% used [0x00000000ef200000,0x00000000ef200000,0x00000000ef900000)
 ParOldGen       total 44032K, used 7110K [0x00000000c0000000, 0x00000000c2b00000, 0x00000000eab00000)
  object space 44032K, 16% used [0x00000000c0000000,0x00000000c06f19a0,0x00000000c2b00000)
 Metaspace       used 20788K, capacity 21200K, committed 21248K, reserved 1067008K
  class space    used 2896K, capacity 3039K, committed 3072K, reserved 1048576K
Event: 4.038 GC heap after
Heap after GC invocations=8 (full 0):
 PSYoungGen      total 72704K, used 4782K [0x00000000eab00000, 0x00000000ef900000, 0x0000000100000000)
  eden space 65536K, 0% used [0x00000000eab00000,0x00000000eab00000,0x00000000eeb00000)
  from space 7168K, 66% used [0x00000000ef200000,0x00000000ef6aba98,0x00000000ef900000)
  to   space 7168K, 0% used [0x00000000eeb00000,0x00000000eeb00000,0x00000000ef200000)
 ParOldGen       total 44032K, used 8090K [0x00000000c0000000, 0x00000000c2b00000, 0x00000000eab00000)
  object space 44032K, 18% used [0x00000000c0000000,0x00000000c07e6a68,0x00000000c2b00000)
 Metaspace       used 20788K, capacity 21200K, committed 21248K, reserved 1067008K
  class space    used 2896K, capacity 3039K, committed 3072K, reserved 1048576K
}
Event: 4.038 GC heap before
{Heap before GC invocations=9 (full 1):
 PSYoungGen      total 72704K, used 4782K [0x00000000eab00000, 0x00000000ef900000, 0x0000000100000000)
  eden space 65536K, 0% used [0x00000000eab00000,0x00000000eab00000,0x00000000eeb00000)
  from space 7168K, 66% used [0x00000000ef200000,0x00000000ef6aba98,0x00000000ef900000)
  to   space 7168K, 0% used [0x00000000eeb00000,0x00000000eeb00000,0x00000000ef200000)
 ParOldGen       total 44032K, used 8090K [0x00000000c0000000, 0x00000000c2b00000, 0x00000000eab00000)
  object space 44032K, 18% used [0x00000000c0000000,0x00000000c07e6a68,0x00000000c2b00000)
 Metaspace       used 20788K, capacity 21200K, committed 21248K, reserved 1067008K
  class space    used 2896K, capacity 3039K, committed 3072K, reserved 1048576K
Event: 4.088 GC heap after
Heap after GC invocations=9 (full 1):
 PSYoungGen      total 72704K, used 0K [0x00000000eab00000, 0x00000000ef900000, 0x0000000100000000)
  eden space 65536K, 0% used [0x00000000eab00000,0x00000000eab00000,0x00000000eeb00000)
  from space 7168K, 0% used [0x00000000ef200000,0x00000000ef200000,0x00000000ef900000)
  to   space 7168K, 0% used [0x00000000eeb00000,0x00000000eeb00000,0x00000000ef200000)
 ParOldGen       total 32768K, used 8137K [0x00000000c0000000, 0x00000000c2000000, 0x00000000eab00000)
  object space 32768K, 24% used [0x00000000c0000000,0x00000000c07f2610,0x00000000c2000000)
 Metaspace       used 20788K, capacity 21200K, committed 21248K, reserved 1067008K
  class space    used 2896K, capacity 3039K, committed 3072K, reserved 1048576K
}
Event: 5.412 GC heap before
{Heap before GC invocations=10 (full 1):
 PSYoungGen      total 72704K, used 65476K [0x00000000eab00000, 0x00000000ef900000, 0x0000000100000000)
  eden space 65536K, 99% used [0x00000000eab00000,0x00000000eeaf13d8,0x00000000eeb00000)
  from space 7168K, 0% used [0x00000000ef200000,0x00000000ef200000,0x00000000ef900000)
  to   space 7168K, 0% used [0x00000000eeb00000,0x00000000eeb00000,0x00000000ef200000)
 ParOldGen       total 32768K, used 8137K [0x00000000c0000000, 0x00000000c2000000, 0x00000000eab00000)
  object space 32768K, 24% used [0x00000000c0000000,0x00000000c07f2610,0x00000000c2000000)
 Metaspace       used 26090K, capacity 26592K, committed 26880K, reserved 1073152K
  class space    used 3633K, capacity 3805K, committed 3840K, reserved 1048576K
Event: 5.423 GC heap after
Heap after GC invocations=10 (full 1):
 PSYoungGen      total 72704K, used 6975K [0x00000000eab00000, 0x00000000f1280000, 0x0000000100000000)
  eden space 65536K, 0% used [0x00000000eab00000,0x00000000eab00000,0x00000000eeb00000)
  from space 7168K, 97% used [0x00000000eeb00000,0x00000000ef1cfe40,0x00000000ef200000)
  to   space 7680K, 0% used [0x00000000f0b00000,0x00000000f0b00000,0x00000000f1280000)
 ParOldGen       total 32768K, used 8145K [0x00000000c0000000, 0x00000000c2000000, 0x00000000eab00000)
  object space 32768K, 24% used [0x00000000c0000000,0x00000000c07f4610,0x00000000c2000000)
 Metaspace       used 26090K, capacity 26592K, committed 26880K, reserved 1073152K
  class space    used 3633K, capacity 3805K, committed 3840K, reserved 1048576K
}
Event: 6.519 GC heap before
{Heap before GC invocations=11 (full 1):
 PSYoungGen      total 72704K, used 72511K [0x00000000eab00000, 0x00000000f1280000, 0x0000000100000000)
  eden space 65536K, 100% used [0x00000000eab00000,0x00000000eeb00000,0x00000000eeb00000)
  from space 7168K, 97% used [0x00000000eeb00000,0x00000000ef1cfe40,0x00000000ef200000)
  to   space 7680K, 0% used [0x00000000f0b00000,0x00000000f0b00000,0x00000000f1280000)
 ParOldGen       total 32768K, used 8145K [0x00000000c0000000, 0x00000000c2000000, 0x00000000eab00000)
  object space 32768K, 24% used [0x00000000c0000000,0x00000000c07f4610,0x00000000c2000000)
 Metaspace       used 30274K, capacity 30960K, committed 31104K, reserved 1075200K
  class space    used 4252K, capacity 4449K, committed 4480K, reserved 1048576K
Event: 6.544 GC heap after
Heap after GC invocations=11 (full 1):
 PSYoungGen      total 96256K, used 7656K [0x00000000eab00000, 0x00000000f1700000, 0x0000000100000000)
  eden space 88576K, 0% used [0x00000000eab00000,0x00000000eab00000,0x00000000f0180000)
  from space 7680K, 99% used [0x00000000f0b00000,0x00000000f127a2c0,0x00000000f1280000)
  to   space 9728K, 0% used [0x00000000f0180000,0x00000000f0180000,0x00000000f0b00000)
 ParOldGen       total 32768K, used 10617K [0x00000000c0000000, 0x00000000c2000000, 0x00000000eab00000)
  object space 32768K, 32% used [0x00000000c0000000,0x00000000c0a5e6a8,0x00000000c2000000)
 Metaspace       used 30274K, capacity 30960K, committed 31104K, reserved 1075200K
  class space    used 4252K, capacity 4449K, committed 4480K, reserved 1048576K
}

Deoptimization events (10 events):
Event: 5.989 Thread 0x00000000183a2000 Uncommon trap: reason=unstable_if action=reinterpret pc=0x000000000345ef88 method=java.net.URLClassLoader.isSealed(Ljava/lang/String;Ljava/util/jar/Manifest;)Z @ 26
Event: 6.001 Thread 0x00000000183a2000 Uncommon trap: reason=bimorphic action=maybe_recompile pc=0x000000000351483c method=org.codehaus.groovy.runtime.metaclass.MetaMethodIndex.addMethodToList(Ljava/lang/Object;Lgroovy/lang/MetaMethod;)Ljava/lang/Object; @ 96
Event: 6.030 Thread 0x00000000183a2000 Uncommon trap: reason=unstable_if action=reinterpret pc=0x0000000003560e60 method=org.objectweb.asm.Item.isEqualTo(Lorg/objectweb/asm/Item;)Z @ 345
Event: 6.284 Thread 0x00000000183a2000 Uncommon trap: reason=unstable_if action=reinterpret pc=0x0000000003250cac method=java.net.URI.match(CJJ)Z @ 45
Event: 6.627 Thread 0x00000000183a2000 Uncommon trap: reason=unstable_if action=reinterpret pc=0x00000000031ba418 method=java.util.concurrent.ConcurrentHashMap.putVal(Ljava/lang/Object;Ljava/lang/Object;Z)Ljava/lang/Object; @ 98
Event: 7.016 Thread 0x00000000183a2000 Uncommon trap: reason=unstable_if action=reinterpret pc=0x0000000002fc3a3c method=java.util.jar.JarFile.match([C[B[I[I)Z @ 29
Event: 7.080 Thread 0x00000000183a2000 Uncommon trap: reason=unstable_if action=reinterpret pc=0x000000000369bf30 method=org.codehaus.groovy.reflection.CachedMethod.compareToMethod(Ljava/lang/reflect/Method;)I @ 111
Event: 7.211 Thread 0x00000000183a2000 Uncommon trap: reason=class_check action=maybe_recompile pc=0x00000000036ba288 method=java.io.BufferedInputStream.read1([BII)I @ 39
Event: 7.211 Thread 0x00000000183a2000 Uncommon trap: reason=class_check action=maybe_recompile pc=0x00000000036ba288 method=java.io.BufferedInputStream.read1([BII)I @ 39
Event: 7.211 Thread 0x00000000183a2000 Uncommon trap: reason=class_check action=maybe_recompile pc=0x00000000036ba288 method=java.io.BufferedInputStream.read1([BII)I @ 39

Classes redefined (0 events):
No events

Internal exceptions (10 events):
Event: 7.064 Thread 0x00000000183a2000 Exception <a 'java/lang/ClassNotFoundException': org/gradle/api/internal/ConventionTaskBeanInfo> (0x00000000eb941ae0) thrown at [D:\src\AOSP-openjdk-cygwin\jdk8u\hotspot\src\share\vm\classfile\systemDictionary.cpp, line 210]
Event: 7.065 Thread 0x00000000183a2000 Exception <a 'java/lang/ClassNotFoundException': org/gradle/api/DefaultTaskBeanInfo> (0x00000000eb9646b8) thrown at [D:\src\AOSP-openjdk-cygwin\jdk8u\hotspot\src\share\vm\classfile\systemDictionary.cpp, line 210]
Event: 7.066 Thread 0x00000000183a2000 Exception <a 'java/lang/ClassNotFoundException': org/gradle/api/internal/AbstractTaskBeanInfo> (0x00000000eb98d8a0) thrown at [D:\src\AOSP-openjdk-cygwin\jdk8u\hotspot\src\share\vm\classfile\systemDictionary.cpp, line 210]
Event: 7.068 Thread 0x00000000183a2000 Exception <a 'java/lang/ClassNotFoundException': org/gradle/api/internal/AbstractTaskCustomizer> (0x00000000eb9b7608) thrown at [D:\src\AOSP-openjdk-cygwin\jdk8u\hotspot\src\share\vm\classfile\systemDictionary.cpp, line 210]
Event: 7.072 Thread 0x00000000183a2000 Exception <a 'java/lang/ClassNotFoundException': org/gradle/api/DefaultTaskCustomizer> (0x00000000eba3f2f0) thrown at [D:\src\AOSP-openjdk-cygwin\jdk8u\hotspot\src\share\vm\classfile\systemDictionary.cpp, line 210]
Event: 7.074 Thread 0x00000000183a2000 Exception <a 'java/lang/ClassNotFoundException': org/gradle/api/internal/ConventionTaskCustomizer> (0x00000000eba78af8) thrown at [D:\src\AOSP-openjdk-cygwin\jdk8u\hotspot\src\share\vm\classfile\systemDictionary.cpp, line 210]
Event: 7.076 Thread 0x00000000183a2000 Exception <a 'java/lang/ClassNotFoundException': org/gradle/api/tasks/DeleteCustomizer> (0x00000000ebab0240) thrown at [D:\src\AOSP-openjdk-cygwin\jdk8u\hotspot\src\share\vm\classfile\systemDictionary.cpp, line 210]
Event: 7.078 Thread 0x00000000183a2000 Exception <a 'java/lang/ClassNotFoundException': org/gradle/api/tasks/Delete_DecoratedCustomizer> (0x00000000ebaf5550) thrown at [D:\src\AOSP-openjdk-cygwin\jdk8u\hotspot\src\share\vm\classfile\systemDictionary.cpp, line 210]
Event: 7.126 Thread 0x00000000183a2000 Exception <a 'java/lang/ClassNotFoundException': build_bxfyrabb9aa5svl443f3pfzfmBeanInfo> (0x00000000ebc42080) thrown at [D:\src\AOSP-openjdk-cygwin\jdk8u\hotspot\src\share\vm\classfile\systemDictionary.cpp, line 210]
Event: 7.127 Thread 0x00000000183a2000 Exception <a 'java/lang/ClassNotFoundException': build_bxfyrabb9aa5svl443f3pfzfmCustomizer> (0x00000000ebc4c520) thrown at [D:\src\AOSP-openjdk-cygwin\jdk8u\hotspot\src\share\vm\classfile\systemDictionary.cpp, line 210]

Events (10 events):
Event: 7.322 loading class javax/management/StandardEmitterMBean
Event: 7.322 loading class javax/management/StandardEmitterMBean done
Event: 7.323 loading class java/lang/management/MemoryUsage
Event: 7.323 loading class java/lang/management/MemoryUsage done
Event: 7.323 loading class javax/management/openmbean/CompositeType
Event: 7.323 loading class javax/management/openmbean/CompositeType done
Event: 7.323 loading class com/sun/jmx/mbeanserver/DefaultMXBeanMappingFactory$CompositeMapping
Event: 7.323 loading class com/sun/jmx/mbeanserver/DefaultMXBeanMappingFactory$CompositeMapping done
Event: 7.324 loading class javax/management/MBeanParameterInfo
Event: 7.324 loading class javax/management/MBeanParameterInfo done


Dynamic libraries:
0x00007ff66ca40000 - 0x00007ff66ca71000 	C:\Program Files\Android\Android Studio\jre\bin\java.exe
0x00007fff80510000 - 0x00007fff806f1000 	C:\WINDOWS\SYSTEM32\ntdll.dll
0x00007fff7e470000 - 0x00007fff7e522000 	C:\WINDOWS\System32\KERNEL32.DLL
0x00007fff7caa0000 - 0x00007fff7cd13000 	C:\WINDOWS\System32\KERNELBASE.dll
0x00007fff7e240000 - 0x00007fff7e2e1000 	C:\WINDOWS\System32\ADVAPI32.dll
0x00007fff7e590000 - 0x00007fff7e62e000 	C:\WINDOWS\System32\msvcrt.dll
0x00007fff7e6b0000 - 0x00007fff7e70b000 	C:\WINDOWS\System32\sechost.dll
0x00007fff800d0000 - 0x00007fff801f4000 	C:\WINDOWS\System32\RPCRT4.dll
0x00007fff80350000 - 0x00007fff804e0000 	C:\WINDOWS\System32\USER32.dll
0x00007fff7ca80000 - 0x00007fff7caa0000 	C:\WINDOWS\System32\win32u.dll
0x00007fff80320000 - 0x00007fff80348000 	C:\WINDOWS\System32\GDI32.dll
0x00007fff7c8e0000 - 0x00007fff7ca72000 	C:\WINDOWS\System32\gdi32full.dll
0x00007fff7d710000 - 0x00007fff7d7af000 	C:\WINDOWS\System32\msvcp_win.dll
0x00007fff7d610000 - 0x00007fff7d70a000 	C:\WINDOWS\System32\ucrtbase.dll
0x00007fff6ee30000 - 0x00007fff6f099000 	C:\WINDOWS\WinSxS\amd64_microsoft.windows.common-controls_6595b64144ccf1df_6.0.17134.112_none_fb3f961b30681c12\COMCTL32.dll
0x00007fff7dd90000 - 0x00007fff7e0b3000 	C:\WINDOWS\System32\combase.dll
0x00007fff7cd20000 - 0x00007fff7cd9a000 	C:\WINDOWS\System32\bcryptPrimitives.dll
0x00007fff802f0000 - 0x00007fff8031d000 	C:\WINDOWS\System32\IMM32.DLL
0x0000000065f70000 - 0x0000000066042000 	C:\Program Files\Android\Android Studio\jre\jre\bin\msvcr100.dll
0x0000000066cc0000 - 0x00000000674ff000 	C:\Program Files\Android\Android Studio\jre\jre\bin\server\jvm.dll
0x00007fff7e0c0000 - 0x00007fff7e0c8000 	C:\WINDOWS\System32\PSAPI.DLL
0x00007fff7b450000 - 0x00007fff7b459000 	C:\WINDOWS\SYSTEM32\WSOCK32.dll
0x00007fff784f0000 - 0x00007fff78513000 	C:\WINDOWS\SYSTEM32\WINMM.dll
0x00007fff80060000 - 0x00007fff800cc000 	C:\WINDOWS\System32\WS2_32.dll
0x00007fff6d320000 - 0x00007fff6d32a000 	C:\WINDOWS\SYSTEM32\VERSION.dll
0x00007fff784c0000 - 0x00007fff784ea000 	C:\WINDOWS\SYSTEM32\WINMMBASE.dll
0x00007fff7cda0000 - 0x00007fff7cde9000 	C:\WINDOWS\System32\cfgmgr32.dll
0x00007fff72d60000 - 0x00007fff72d6f000 	C:\Program Files\Android\Android Studio\jre\jre\bin\verify.dll
0x00007fff6eda0000 - 0x00007fff6edc9000 	C:\Program Files\Android\Android Studio\jre\jre\bin\java.dll
0x00007fff6e5a0000 - 0x00007fff6e5b6000 	C:\Program Files\Android\Android Studio\jre\jre\bin\zip.dll
0x00007fff7e710000 - 0x00007fff7fb50000 	C:\WINDOWS\System32\SHELL32.dll
0x00007fff7fb50000 - 0x00007fff7fbf9000 	C:\WINDOWS\System32\shcore.dll
0x00007fff7ce50000 - 0x00007fff7d55d000 	C:\WINDOWS\System32\windows.storage.dll
0x00007fff7e650000 - 0x00007fff7e6a1000 	C:\WINDOWS\System32\shlwapi.dll
0x00007fff7c8c0000 - 0x00007fff7c8d1000 	C:\WINDOWS\System32\kernel.appcore.dll
0x00007fff7c8a0000 - 0x00007fff7c8bf000 	C:\WINDOWS\System32\profapi.dll
0x00007fff7c830000 - 0x00007fff7c87c000 	C:\WINDOWS\System32\powrprof.dll
0x00007fff7c820000 - 0x00007fff7c82a000 	C:\WINDOWS\System32\FLTLIB.DLL
0x00007fff6dc40000 - 0x00007fff6dc5a000 	C:\Program Files\Android\Android Studio\jre\jre\bin\net.dll
0x00007fff7c0a0000 - 0x00007fff7c106000 	C:\WINDOWS\system32\mswsock.dll
0x00007fff6e000000 - 0x00007fff6e011000 	C:\Program Files\Android\Android Studio\jre\jre\bin\nio.dll
0x00007fff537e0000 - 0x00007fff537fe000 	C:\Users\Ren\.gradle\native\25\windows-amd64\native-platform.dll
0x00007fff785c0000 - 0x00007fff785cd000 	C:\Program Files\Android\Android Studio\jre\jre\bin\management.dll
0x00007fff7c250000 - 0x00007fff7c267000 	C:\WINDOWS\SYSTEM32\CRYPTSP.dll
0x00007fff7bc80000 - 0x00007fff7bcb3000 	C:\WINDOWS\system32\rsaenh.dll
0x00007fff7c380000 - 0x00007fff7c3a5000 	C:\WINDOWS\SYSTEM32\bcrypt.dll
0x00007fff7c750000 - 0x00007fff7c778000 	C:\WINDOWS\SYSTEM32\USERENV.dll
0x00007fff7c270000 - 0x00007fff7c27b000 	C:\WINDOWS\SYSTEM32\CRYPTBASE.dll
0x00007fff7be20000 - 0x00007fff7be58000 	C:\WINDOWS\SYSTEM32\IPHLPAPI.DLL
0x00007fff80050000 - 0x00007fff80058000 	C:\WINDOWS\System32\NSI.dll
0x00007fff75880000 - 0x00007fff75896000 	C:\WINDOWS\SYSTEM32\dhcpcsvc6.DLL
0x00007fff75860000 - 0x00007fff7587a000 	C:\WINDOWS\SYSTEM32\dhcpcsvc.DLL

VM Arguments:
jvm_args: -Xmx1024m -Dfile.encoding=GBK -Duser.country=US -Duser.language=en -Duser.variant 
java_command: org.gradle.launcher.daemon.bootstrap.GradleDaemon 4.4
java_class_path (initial): C:\Users\Ren\.gradle\wrapper\dists\gradle-4.4-all\9br9xq1tocpiv8o6njlyu5op1\gradle-4.4\lib\gradle-launcher-4.4.jar
Launcher Type: SUN_STANDARD

Environment Variables:
PATH=C:\Program Files (x86)\Intel\iCLS Client\;C:\Program Files\Intel\iCLS Client\;C:\Program Files\Microsoft MPI\Bin\;C:\Program Files\Dell\DW WLAN Card;C:\ProgramData\Oracle\Java\javapath;C:\WINDOWS\system32;C:\WINDOWS;C:\WINDOWS\System32\Wbem;C:\WINDOWS\System32\WindowsPowerShell\v1.0\;C:\Program Files\WIDCOMM\Bluetooth Software\;C:\Program Files\WIDCOMM\Bluetooth Software\syswow64;C:\Program Files\Git\cmd;C:\Program Files (x86)\Windows Kits\8.1\Windows Performance Toolkit\;C:\Program Files (x86)\GtkSharp\2.12\bin;C:\HashiCorp\Vagrant\bin;C:\Program Files\nodejs\;C:\WINDOWS\System32\OpenSSH\;C:\Program Files (x86)\Intel\Intel(R) Management Engine Components\DAL;C:\Program Files\Intel\Intel(R) Management Engine Components\DAL;C:\Program Files (x86)\Intel\Intel(R) Management Engine Components\IPT;C:\Program Files\Intel\Intel(R) Management Engine Components\IPT;C:\Program Files (x86)\Yarn\bin\;C:\altera\15.1\modelsim_ase\win32aloem;C:\Users\Ren\AppData\Local\Microsoft\WindowsApps;C:\Users\Ren\AppData\Local\atom\bin;C:\Users\Ren\AppData\Local\Microsoft\WindowsApps;C:\Users\Ren\Anaconda3;C:\Users\Ren\Anaconda3\Scripts;C:\Program Files (x86)\Windows Kits\10\bin\x64;C:\Users\Ren\Anaconda3\Lib\site-packages;C:\Users\Ren\AppData\Roaming\npm;C:\Users\Ren\AppData\Local\Yarn\bin
USERNAME=Ren
OS=Windows_NT
PROCESSOR_IDENTIFIER=Intel64 Family 6 Model 61 Stepping 4, GenuineIntel



---------------  S Y S T E M  ---------------

OS: Windows 10.0 , 64 bit Build 17134 (10.0.17134.1)

CPU:total 4 (initial active 4) (2 cores per cpu, 2 threads per core) family 6 model 61 stepping 4, cmov, cx8, fxsr, mmx, sse, sse2, sse3, ssse3, sse4.1, sse4.2, popcnt, avx, avx2, aes, clmul, erms, 3dnowpref, lzcnt, ht, tsc, tscinvbit, bmi1, bmi2, adx

Memory: 4k page, physical 4096716k(891788k free), swap 5530316k(6040k free)

vm_info: OpenJDK 64-Bit Server VM (25.152-b02) for windows-amd64 JRE (1.8.0_152-release-1024-b02), built by "builder" with MS VC++ 10.0 (VS2010)

time: Sat Jun 30 16:52:38 2018
elapsed time: 7 seconds (0d 0h 0m 7s)

