#
# There is insufficient memory for the Java Runtime Environment to continue.
# Native memory allocation (malloc) failed to allocate 1536656 bytes for Chunk::new
# Possible reasons:
#   The system is out of physical RAM or swap space
#   In 32 bit mode, the process size limit was hit
# Possible solutions:
#   Reduce memory load on the system
#   Increase physical memory or swap space
#   Check if swap backing store is full
#   Use 64 bit Java on a 64 bit OS
#   Decrease Java heap size (-Xmx/-Xms)
#   Decrease number of Java threads
#   Decrease Java thread stack sizes (-Xss)
#   Set larger code cache with -XX:ReservedCodeCacheSize=
# This output file may be truncated or incomplete.
#
#  Out of Memory Error (allocation.cpp:390), pid=4692, tid=0x0000000000001494
#
# JRE version: OpenJDK Runtime Environment (8.0_152-b02) (build 1.8.0_152-release-1024-b02)
# Java VM: OpenJDK 64-Bit Server VM (25.152-b02 mixed mode windows-amd64 compressed oops)
# Failed to write core dump. Minidumps are not enabled by default on client versions of Windows
#

---------------  T H R E A D  ---------------

Current thread (0x0000000017bda000):  JavaThread "C2 CompilerThread1" daemon [_thread_in_native, id=5268, stack(0x00000000182d0000,0x00000000183d0000)]

Stack: [0x00000000182d0000,0x00000000183d0000]
[error occurred during error reporting (printing stack bounds), id 0xc0000005]

Native frames: (J=compiled Java code, j=interpreted, Vv=VM code, C=native code)


Current CompileTask:
C2:   5954 2130       4       org.codehaus.groovy.runtime.metaclass.MetaMethodIndex::addMethodToList (298 bytes)


---------------  P R O C E S S  ---------------

Java Threads: ( => current thread )
  0x000000001985e000 JavaThread "Cache worker for Artifact transforms cache (C:\Users\Ren\.gradle\caches\transforms-1)" [_thread_blocked, id=9252, stack(0x000000001ea80000,0x000000001eb80000)]
  0x0000000019ad9000 JavaThread "Cache worker for file hash cache (C:\Users\Ren\Documents\EasyOnlineConverter\.gradle\4.4\fileHashes)" [_thread_blocked, id=7204, stack(0x000000001cf80000,0x000000001d080000)]
  0x0000000019886800 JavaThread "File lock request listener" [_thread_in_native, id=9324, stack(0x000000001beb0000,0x000000001bfb0000)]
  0x0000000019824800 JavaThread "Cache worker for file hash cache (C:\Users\Ren\.gradle\caches\4.4\fileHashes)" [_thread_blocked, id=3388, stack(0x000000001bdb0000,0x000000001beb0000)]
  0x0000000019824000 JavaThread "Stdin handler" [_thread_blocked, id=5568, stack(0x000000001aae0000,0x000000001abe0000)]
  0x0000000019817800 JavaThread "Asynchronous log dispatcher for DefaultDaemonConnection: socket connection from /127.0.0.1:50114 to /127.0.0.1:50115" [_thread_blocked, id=3408, stack(0x000000001a9e0000,0x000000001aae0000)]
  0x0000000019822000 JavaThread "Daemon worker" [_thread_in_vm, id=5188, stack(0x000000001a8e0000,0x000000001a9e0000)]
  0x0000000019821800 JavaThread "Cancel handler" [_thread_blocked, id=2860, stack(0x000000001a7e0000,0x000000001a8e0000)]
  0x00000000197e3800 JavaThread "Handler for socket connection from /127.0.0.1:50114 to /127.0.0.1:50115" [_thread_in_native, id=10116, stack(0x000000001a4e0000,0x000000001a5e0000)]
  0x00000000197e3000 JavaThread "Daemon" [_thread_blocked, id=6348, stack(0x000000001a3e0000,0x000000001a4e0000)]
  0x000000001951a800 JavaThread "Daemon periodic checks" [_thread_blocked, id=4812, stack(0x000000001a2e0000,0x000000001a3e0000)]
  0x000000001932f800 JavaThread "Incoming local TCP Connector on port 50114" [_thread_in_native, id=3564, stack(0x000000001a0a0000,0x000000001a1a0000)]
  0x0000000017c5c800 JavaThread "Service Thread" daemon [_thread_blocked, id=3368, stack(0x00000000184d0000,0x00000000185d0000)]
  0x0000000017be1800 JavaThread "C1 CompilerThread2" daemon [_thread_blocked, id=10228, stack(0x00000000183d0000,0x00000000184d0000)]
=>0x0000000017bda000 JavaThread "C2 CompilerThread1" daemon [_thread_in_native, id=5268, stack(0x00000000182d0000,0x00000000183d0000)]
  0x00000000167ea000 JavaThread "C2 CompilerThread0" daemon [_thread_in_native, id=8856, stack(0x00000000181d0000,0x00000000182d0000)]
  0x00000000167e9800 JavaThread "Attach Listener" daemon [_thread_blocked, id=5260, stack(0x00000000180d0000,0x00000000181d0000)]
  0x00000000167a4800 JavaThread "Signal Dispatcher" daemon [_thread_blocked, id=4384, stack(0x0000000017fd0000,0x00000000180d0000)]
  0x0000000016778800 JavaThread "Finalizer" daemon [_thread_blocked, id=3756, stack(0x00000000179e0000,0x0000000017ae0000)]
  0x0000000002e11800 JavaThread "Reference Handler" daemon [_thread_blocked, id=4252, stack(0x00000000178e0000,0x00000000179e0000)]
  0x0000000002d22800 JavaThread "main" [_thread_blocked, id=9672, stack(0x0000000002810000,0x0000000002910000)]

Other Threads:
  0x0000000016756000 VMThread [stack: 0x00000000177e0000,0x00000000178e0000] [id=4100]
  0x0000000017c5d800 WatcherThread [stack: 0x00000000185d0000,0x00000000186d0000] [id=2740]

VM state:not at safepoint (normal execution)

VM Mutex/Monitor currently owned by a thread: None

Heap:
 PSYoungGen      total 72704K, used 14219K [0x00000000e0000000, 0x00000000e6680000, 0x0000000100000000)
  eden space 65536K, 10% used [0x00000000e0000000,0x00000000e0700e80,0x00000000e4000000)
  from space 7168K, 98% used [0x00000000e4000000,0x00000000e46e1fa8,0x00000000e4700000)
  to   space 7680K, 0% used [0x00000000e5f00000,0x00000000e5f00000,0x00000000e6680000)
 ParOldGen       total 34304K, used 9262K [0x00000000a0000000, 0x00000000a2180000, 0x00000000e0000000)
  object space 34304K, 26% used [0x00000000a0000000,0x00000000a090b818,0x00000000a2180000)
 Metaspace       used 26864K, capacity 27532K, committed 27776K, reserved 1073152K
  class space    used 3675K, capacity 3841K, committed 3968K, reserved 1048576K

Card table byte_map: [0x00000000121e0000,0x00000000124f0000] byte_map_base: 0x0000000011ce0000

Marking Bits: (ParMarkBitMap*) 0x0000000067484970
 Begin Bits: [0x0000000012af0000, 0x00000000142f0000)
 End Bits:   [0x00000000142f0000, 0x0000000015af0000)

Polling page: 0x0000000000ab0000

CodeCache: size=245760Kb used=8535Kb max_used=8535Kb free=237224Kb
 bounds [0x0000000002e20000, 0x0000000003680000, 0x0000000011e20000]
 total_blobs=2866 nmethods=2219 adapters=560
 compilation: enabled

Compilation events (10 events):
Event: 5.945 Thread 0x0000000017be1800 2221       3       java.beans.FeatureDescriptor::getWeakReference (17 bytes)
Event: 5.945 Thread 0x0000000017be1800 nmethod 2221 0x00000000036751d0 code [0x0000000003675360, 0x0000000003675730]
Event: 5.945 Thread 0x0000000017be1800 2222       3       java.lang.Class$MethodArray::addIfNotPresent (47 bytes)
Event: 5.946 Thread 0x0000000017be1800 nmethod 2222 0x00000000036758d0 code [0x0000000003675a60, 0x0000000003675e58]
Event: 5.946 Thread 0x0000000017be1800 2223       3       sun.reflect.generics.repository.AbstractRepository::getReifier (8 bytes)
Event: 5.946 Thread 0x0000000017be1800 nmethod 2223 0x0000000003676010 code [0x0000000003676180, 0x0000000003676470]
Event: 5.946 Thread 0x0000000017be1800 2224       3       sun.reflect.generics.reflectiveObjects.ParameterizedTypeImpl::<init> (35 bytes)
Event: 5.946 Thread 0x0000000017be1800 nmethod 2224 0x0000000003676990 code [0x0000000003676b40, 0x00000000036770d8]
Event: 5.946 Thread 0x0000000017be1800 2225       3       sun.reflect.NativeConstructorAccessorImpl::newInstance (89 bytes)
Event: 5.949 Thread 0x0000000017be1800 nmethod 2225 0x0000000003677390 code [0x0000000003677600, 0x0000000003678938]

GC Heap History (10 events):
Event: 3.061 GC heap before
{Heap before GC invocations=6 (full 0):
 PSYoungGen      total 18944K, used 18936K [0x00000000e0000000, 0x00000000e2b00000, 0x0000000100000000)
  eden space 16384K, 100% used [0x00000000e0000000,0x00000000e1000000,0x00000000e1000000)
  from space 2560K, 99% used [0x00000000e1000000,0x00000000e127e050,0x00000000e1280000)
  to   space 5632K, 0% used [0x00000000e2580000,0x00000000e2580000,0x00000000e2b00000)
 ParOldGen       total 44032K, used 5601K [0x00000000a0000000, 0x00000000a2b00000, 0x00000000e0000000)
  object space 44032K, 12% used [0x00000000a0000000,0x00000000a05785a8,0x00000000a2b00000)
 Metaspace       used 14551K, capacity 14870K, committed 14976K, reserved 1062912K
  class space    used 2032K, capacity 2155K, committed 2176K, reserved 1048576K
Event: 3.069 GC heap after
Heap after GC invocations=6 (full 0):
 PSYoungGen      total 38400K, used 4641K [0x00000000e0000000, 0x00000000e2b00000, 0x0000000100000000)
  eden space 32768K, 0% used [0x00000000e0000000,0x00000000e0000000,0x00000000e2000000)
  from space 5632K, 82% used [0x00000000e2580000,0x00000000e2a08788,0x00000000e2b00000)
  to   space 5632K, 0% used [0x00000000e2000000,0x00000000e2000000,0x00000000e2580000)
 ParOldGen       total 44032K, used 5601K [0x00000000a0000000, 0x00000000a2b00000, 0x00000000e0000000)
  object space 44032K, 12% used [0x00000000a0000000,0x00000000a05785a8,0x00000000a2b00000)
 Metaspace       used 14551K, capacity 14870K, committed 14976K, reserved 1062912K
  class space    used 2032K, capacity 2155K, committed 2176K, reserved 1048576K
}
Event: 3.732 GC heap before
{Heap before GC invocations=7 (full 0):
 PSYoungGen      total 38400K, used 37409K [0x00000000e0000000, 0x00000000e2b00000, 0x0000000100000000)
  eden space 32768K, 100% used [0x00000000e0000000,0x00000000e2000000,0x00000000e2000000)
  from space 5632K, 82% used [0x00000000e2580000,0x00000000e2a08788,0x00000000e2b00000)
  to   space 5632K, 0% used [0x00000000e2000000,0x00000000e2000000,0x00000000e2580000)
 ParOldGen       total 44032K, used 5601K [0x00000000a0000000, 0x00000000a2b00000, 0x00000000e0000000)
  object space 44032K, 12% used [0x00000000a0000000,0x00000000a05785a8,0x00000000a2b00000)
 Metaspace       used 17711K, capacity 18090K, committed 18304K, reserved 1064960K
  class space    used 2555K, capacity 2685K, committed 2688K, reserved 1048576K
Event: 3.750 GC heap after
Heap after GC invocations=7 (full 0):
 PSYoungGen      total 38400K, used 5627K [0x00000000e0000000, 0x00000000e4e00000, 0x0000000100000000)
  eden space 32768K, 0% used [0x00000000e0000000,0x00000000e0000000,0x00000000e2000000)
  from space 5632K, 99% used [0x00000000e2000000,0x00000000e257ec28,0x00000000e2580000)
  to   space 7168K, 0% used [0x00000000e4700000,0x00000000e4700000,0x00000000e4e00000)
 ParOldGen       total 44032K, used 7049K [0x00000000a0000000, 0x00000000a2b00000, 0x00000000e0000000)
  object space 44032K, 16% used [0x00000000a0000000,0x00000000a06e2490,0x00000000a2b00000)
 Metaspace       used 17711K, capacity 18090K, committed 18304K, reserved 1064960K
  class space    used 2555K, capacity 2685K, committed 2688K, reserved 1048576K
}
Event: 4.211 GC heap before
{Heap before GC invocations=8 (full 0):
 PSYoungGen      total 38400K, used 19437K [0x00000000e0000000, 0x00000000e4e00000, 0x0000000100000000)
  eden space 32768K, 42% used [0x00000000e0000000,0x00000000e0d7ca68,0x00000000e2000000)
  from space 5632K, 99% used [0x00000000e2000000,0x00000000e257ec28,0x00000000e2580000)
  to   space 7168K, 0% used [0x00000000e4700000,0x00000000e4700000,0x00000000e4e00000)
 ParOldGen       total 44032K, used 7049K [0x00000000a0000000, 0x00000000a2b00000, 0x00000000e0000000)
  object space 44032K, 16% used [0x00000000a0000000,0x00000000a06e2490,0x00000000a2b00000)
 Metaspace       used 20776K, capacity 21168K, committed 21248K, reserved 1067008K
  class space    used 2884K, capacity 3007K, committed 3072K, reserved 1048576K
Event: 4.222 GC heap after
Heap after GC invocations=8 (full 0):
 PSYoungGen      total 72704K, used 4836K [0x00000000e0000000, 0x00000000e4e00000, 0x0000000100000000)
  eden space 65536K, 0% used [0x00000000e0000000,0x00000000e0000000,0x00000000e4000000)
  from space 7168K, 67% used [0x00000000e4700000,0x00000000e4bb91e8,0x00000000e4e00000)
  to   space 7168K, 0% used [0x00000000e4000000,0x00000000e4000000,0x00000000e4700000)
 ParOldGen       total 44032K, used 7877K [0x00000000a0000000, 0x00000000a2b00000, 0x00000000e0000000)
  object space 44032K, 17% used [0x00000000a0000000,0x00000000a07b1558,0x00000000a2b00000)
 Metaspace       used 20776K, capacity 21168K, committed 21248K, reserved 1067008K
  class space    used 2884K, capacity 3007K, committed 3072K, reserved 1048576K
}
Event: 4.222 GC heap before
{Heap before GC invocations=9 (full 1):
 PSYoungGen      total 72704K, used 4836K [0x00000000e0000000, 0x00000000e4e00000, 0x0000000100000000)
  eden space 65536K, 0% used [0x00000000e0000000,0x00000000e0000000,0x00000000e4000000)
  from space 7168K, 67% used [0x00000000e4700000,0x00000000e4bb91e8,0x00000000e4e00000)
  to   space 7168K, 0% used [0x00000000e4000000,0x00000000e4000000,0x00000000e4700000)
 ParOldGen       total 44032K, used 7877K [0x00000000a0000000, 0x00000000a2b00000, 0x00000000e0000000)
  object space 44032K, 17% used [0x00000000a0000000,0x00000000a07b1558,0x00000000a2b00000)
 Metaspace       used 20776K, capacity 21168K, committed 21248K, reserved 1067008K
  class space    used 2884K, capacity 3007K, committed 3072K, reserved 1048576K
Event: 4.269 GC heap after
Heap after GC invocations=9 (full 1):
 PSYoungGen      total 72704K, used 0K [0x00000000e0000000, 0x00000000e4e00000, 0x0000000100000000)
  eden space 65536K, 0% used [0x00000000e0000000,0x00000000e0000000,0x00000000e4000000)
  from space 7168K, 0% used [0x00000000e4700000,0x00000000e4700000,0x00000000e4e00000)
  to   space 7168K, 0% used [0x00000000e4000000,0x00000000e4000000,0x00000000e4700000)
 ParOldGen       total 34304K, used 9254K [0x00000000a0000000, 0x00000000a2180000, 0x00000000e0000000)
  object space 34304K, 26% used [0x00000000a0000000,0x00000000a0909818,0x00000000a2180000)
 Metaspace       used 20776K, capacity 21168K, committed 21248K, reserved 1067008K
  class space    used 2884K, capacity 3007K, committed 3072K, reserved 1048576K
}
Event: 5.788 GC heap before
{Heap before GC invocations=10 (full 1):
 PSYoungGen      total 72704K, used 65509K [0x00000000e0000000, 0x00000000e4e00000, 0x0000000100000000)
  eden space 65536K, 99% used [0x00000000e0000000,0x00000000e3ff96b0,0x00000000e4000000)
  from space 7168K, 0% used [0x00000000e4700000,0x00000000e4700000,0x00000000e4e00000)
  to   space 7168K, 0% used [0x00000000e4000000,0x00000000e4000000,0x00000000e4700000)
 ParOldGen       total 34304K, used 9254K [0x00000000a0000000, 0x00000000a2180000, 0x00000000e0000000)
  object space 34304K, 26% used [0x00000000a0000000,0x00000000a0909818,0x00000000a2180000)
 Metaspace       used 26070K, capacity 26528K, committed 26624K, reserved 1073152K
  class space    used 3633K, capacity 3805K, committed 3840K, reserved 1048576K
Event: 5.799 GC heap after
Heap after GC invocations=10 (full 1):
 PSYoungGen      total 72704K, used 7047K [0x00000000e0000000, 0x00000000e6680000, 0x0000000100000000)
  eden space 65536K, 0% used [0x00000000e0000000,0x00000000e0000000,0x00000000e4000000)
  from space 7168K, 98% used [0x00000000e4000000,0x00000000e46e1fa8,0x00000000e4700000)
  to   space 7680K, 0% used [0x00000000e5f00000,0x00000000e5f00000,0x00000000e6680000)
 ParOldGen       total 34304K, used 9262K [0x00000000a0000000, 0x00000000a2180000, 0x00000000e0000000)
  object space 34304K, 26% used [0x00000000a0000000,0x00000000a090b818,0x00000000a2180000)
 Metaspace       used 26070K, capacity 26528K, committed 26624K, reserved 1073152K
  class space    used 3633K, capacity 3805K, committed 3840K, reserved 1048576K
}

Deoptimization events (10 events):
Event: 3.999 Thread 0x0000000019822000 Uncommon trap: reason=class_check action=maybe_recompile pc=0x000000000337bd84 method=sun.misc.URLClassPath.getResource(Ljava/lang/String;Z)Lsun/misc/Resource; @ 62
Event: 4.399 Thread 0x0000000019822000 Uncommon trap: reason=class_check action=maybe_recompile pc=0x0000000002ff4814 method=sun.misc.URLClassPath.getLoader(I)Lsun/misc/URLClassPath$Loader; @ 239
Event: 4.413 Thread 0x0000000019822000 Uncommon trap: reason=class_check action=maybe_recompile pc=0x0000000002ff4814 method=sun.misc.URLClassPath.getLoader(I)Lsun/misc/URLClassPath$Loader; @ 239
Event: 4.454 Thread 0x0000000019822000 Uncommon trap: reason=class_check action=maybe_recompile pc=0x0000000002ff4814 method=sun.misc.URLClassPath.getLoader(I)Lsun/misc/URLClassPath$Loader; @ 239
Event: 4.591 Thread 0x0000000019822000 Uncommon trap: reason=class_check action=maybe_recompile pc=0x0000000002fee8c4 method=sun.misc.URLClassPath.getLoader(I)Lsun/misc/URLClassPath$Loader; @ 239
Event: 4.650 Thread 0x0000000019822000 Uncommon trap: reason=unstable_if action=reinterpret pc=0x00000000032341e0 method=java.util.HashMap.hash(Ljava/lang/Object;)I @ 1
Event: 4.731 Thread 0x0000000019822000 Uncommon trap: reason=unstable_if action=reinterpret pc=0x000000000309874c method=java.io.WinNTFileSystem.resolve(Ljava/lang/String;Ljava/lang/String;)Ljava/lang/String; @ 49
Event: 5.589 Thread 0x0000000019822000 Uncommon trap: reason=unstable_if action=reinterpret pc=0x000000000360c2cc method=org.objectweb.asm.Item.isEqualTo(Lorg/objectweb/asm/Item;)Z @ 251
Event: 5.658 Thread 0x0000000019822000 Uncommon trap: reason=unstable_if action=reinterpret pc=0x00000000035fb284 method=java.lang.ClassLoader.getClassLoadingLock(Ljava/lang/String;)Ljava/lang/Object; @ 6
Event: 5.944 Thread 0x0000000019822000 Uncommon trap: reason=unstable_if action=reinterpret pc=0x000000000366c538 method=java.lang.Class$MethodArray.addIfNotPresent(Ljava/lang/reflect/Method;)V @ 19

Classes redefined (0 events):
No events

Internal exceptions (10 events):
Event: 5.904 Thread 0x0000000019822000 Exception <a 'java/lang/ClassNotFoundException': org/jetbrains/plugins/gradle/tooling/builder/IntelliJProjectSettingsBuilderBeanInfo> (0x00000000e04a2228) thrown at [D:\src\AOSP-openjdk-cygwin\jdk8u\hotspot\src\share\vm\classfile\systemDictionary.cpp, lin
Event: 5.905 Thread 0x0000000019822000 Exception <a 'java/lang/ClassNotFoundException': org/jetbrains/plugins/gradle/tooling/builder/IntelliJProjectSettingsBuilderCustomizer> (0x00000000e04ae298) thrown at [D:\src\AOSP-openjdk-cygwin\jdk8u\hotspot\src\share\vm\classfile\systemDictionary.cpp, l
Event: 5.923 Thread 0x0000000019822000 Exception <a 'java/lang/ClassNotFoundException': groovy/lang/ReferenceBeanInfo> (0x00000000e0531868) thrown at [D:\src\AOSP-openjdk-cygwin\jdk8u\hotspot\src\share\vm\classfile\systemDictionary.cpp, line 210]
Event: 5.926 Thread 0x0000000019822000 Exception <a 'java/lang/ClassNotFoundException': groovy/lang/ReferenceCustomizer> (0x00000000e054ff58) thrown at [D:\src\AOSP-openjdk-cygwin\jdk8u\hotspot\src\share\vm\classfile\systemDictionary.cpp, line 210]
Event: 5.939 Thread 0x0000000019822000 Exception <a 'java/lang/ClassNotFoundException': java/util/HashSetBeanInfo> (0x00000000e05a2e18) thrown at [D:\src\AOSP-openjdk-cygwin\jdk8u\hotspot\src\share\vm\classfile\systemDictionary.cpp, line 210]
Event: 5.939 Thread 0x0000000019822000 Exception <a 'java/lang/ClassNotFoundException': java/util/AbstractSetBeanInfo> (0x00000000e05a9500) thrown at [D:\src\AOSP-openjdk-cygwin\jdk8u\hotspot\src\share\vm\classfile\systemDictionary.cpp, line 210]
Event: 5.940 Thread 0x0000000019822000 Exception <a 'java/lang/ClassNotFoundException': java/util/AbstractCollectionBeanInfo> (0x00000000e05afff0) thrown at [D:\src\AOSP-openjdk-cygwin\jdk8u\hotspot\src\share\vm\classfile\systemDictionary.cpp, line 210]
Event: 5.941 Thread 0x0000000019822000 Exception <a 'java/lang/ClassNotFoundException': java/util/AbstractCollectionCustomizer> (0x00000000e05b6bc0) thrown at [D:\src\AOSP-openjdk-cygwin\jdk8u\hotspot\src\share\vm\classfile\systemDictionary.cpp, line 210]
Event: 5.944 Thread 0x0000000019822000 Exception <a 'java/lang/ClassNotFoundException': java/util/AbstractSetCustomizer> (0x00000000e05c9988) thrown at [D:\src\AOSP-openjdk-cygwin\jdk8u\hotspot\src\share\vm\classfile\systemDictionary.cpp, line 210]
Event: 5.945 Thread 0x0000000019822000 Exception <a 'java/lang/ClassNotFoundException': java/util/HashSetCustomizer> (0x00000000e05d5768) thrown at [D:\src\AOSP-openjdk-cygwin\jdk8u\hotspot\src\share\vm\classfile\systemDictionary.cpp, line 210]

Events (10 events):
Event: 5.945 loading class java/util/HashSetCustomizer
Event: 5.945 loading class java/util/HashSetCustomizer done
Event: 5.946 loading class JetGradlePlugin$_apply_closure2
Event: 5.946 loading class JetGradlePlugin$_apply_closure2 done
Event: 5.948 loading class groovy/runtime/metaclass/JetGradlePlugin$_apply_closure2MetaClass
Event: 5.948 loading class groovy/runtime/metaclass/JetGradlePlugin$_apply_closure2MetaClass done
Event: 5.949 loading class org/codehaus/groovy/runtime/metaclass/ClosureMetaClass$3
Event: 5.949 loading class org/codehaus/groovy/runtime/metaclass/ClosureMetaClass$3 done
Event: 5.949 loading class groovy/runtime/metaclass/org/gradle/invocation/DefaultGradle_DecoratedMetaClass
Event: 5.949 loading class groovy/runtime/metaclass/org/gradle/invocation/DefaultGradle_DecoratedMetaClass done


Dynamic libraries:
0x00007ff66ca40000 - 0x00007ff66ca71000 	C:\Program Files\Android\Android Studio\jre\bin\java.exe
0x00007fff80510000 - 0x00007fff806f1000 	C:\WINDOWS\SYSTEM32\ntdll.dll
0x00007fff7e470000 - 0x00007fff7e522000 	C:\WINDOWS\System32\KERNEL32.DLL
0x00007fff7caa0000 - 0x00007fff7cd13000 	C:\WINDOWS\System32\KERNELBASE.dll
0x00007fff7e240000 - 0x00007fff7e2e1000 	C:\WINDOWS\System32\ADVAPI32.dll
0x00007fff7e590000 - 0x00007fff7e62e000 	C:\WINDOWS\System32\msvcrt.dll
0x00007fff7e6b0000 - 0x00007fff7e70b000 	C:\WINDOWS\System32\sechost.dll
0x00007fff800d0000 - 0x00007fff801f4000 	C:\WINDOWS\System32\RPCRT4.dll
0x00007fff80350000 - 0x00007fff804e0000 	C:\WINDOWS\System32\USER32.dll
0x00007fff7ca80000 - 0x00007fff7caa0000 	C:\WINDOWS\System32\win32u.dll
0x00007fff80320000 - 0x00007fff80348000 	C:\WINDOWS\System32\GDI32.dll
0x00007fff7c8e0000 - 0x00007fff7ca72000 	C:\WINDOWS\System32\gdi32full.dll
0x00007fff7d710000 - 0x00007fff7d7af000 	C:\WINDOWS\System32\msvcp_win.dll
0x00007fff7d610000 - 0x00007fff7d70a000 	C:\WINDOWS\System32\ucrtbase.dll
0x00007fff6ee30000 - 0x00007fff6f099000 	C:\WINDOWS\WinSxS\amd64_microsoft.windows.common-controls_6595b64144ccf1df_6.0.17134.112_none_fb3f961b30681c12\COMCTL32.dll
0x00007fff7dd90000 - 0x00007fff7e0b3000 	C:\WINDOWS\System32\combase.dll
0x00007fff7cd20000 - 0x00007fff7cd9a000 	C:\WINDOWS\System32\bcryptPrimitives.dll
0x00007fff802f0000 - 0x00007fff8031d000 	C:\WINDOWS\System32\IMM32.DLL
0x0000000065f70000 - 0x0000000066042000 	C:\Program Files\Android\Android Studio\jre\jre\bin\msvcr100.dll
0x0000000066cc0000 - 0x00000000674ff000 	C:\Program Files\Android\Android Studio\jre\jre\bin\server\jvm.dll
0x00007fff7e0c0000 - 0x00007fff7e0c8000 	C:\WINDOWS\System32\PSAPI.DLL
0x00007fff6d320000 - 0x00007fff6d32a000 	C:\WINDOWS\SYSTEM32\VERSION.dll
0x00007fff784f0000 - 0x00007fff78513000 	C:\WINDOWS\SYSTEM32\WINMM.dll
0x00007fff7b450000 - 0x00007fff7b459000 	C:\WINDOWS\SYSTEM32\WSOCK32.dll
0x00007fff80060000 - 0x00007fff800cc000 	C:\WINDOWS\System32\WS2_32.dll
0x00007fff784c0000 - 0x00007fff784ea000 	C:\WINDOWS\SYSTEM32\winmmbase.dll
0x00007fff7cda0000 - 0x00007fff7cde9000 	C:\WINDOWS\System32\cfgmgr32.dll
0x00007fff72d60000 - 0x00007fff72d6f000 	C:\Program Files\Android\Android Studio\jre\jre\bin\verify.dll
0x00007fff6eda0000 - 0x00007fff6edc9000 	C:\Program Files\Android\Android Studio\jre\jre\bin\java.dll
0x00007fff6e5a0000 - 0x00007fff6e5b6000 	C:\Program Files\Android\Android Studio\jre\jre\bin\zip.dll
0x00007fff7e710000 - 0x00007fff7fb50000 	C:\WINDOWS\System32\SHELL32.dll
0x00007fff7fb50000 - 0x00007fff7fbf9000 	C:\WINDOWS\System32\shcore.dll
0x00007fff7ce50000 - 0x00007fff7d55d000 	C:\WINDOWS\System32\windows.storage.dll
0x00007fff7e650000 - 0x00007fff7e6a1000 	C:\WINDOWS\System32\shlwapi.dll
0x00007fff7c8c0000 - 0x00007fff7c8d1000 	C:\WINDOWS\System32\kernel.appcore.dll
0x00007fff7c8a0000 - 0x00007fff7c8bf000 	C:\WINDOWS\System32\profapi.dll
0x00007fff7c830000 - 0x00007fff7c87c000 	C:\WINDOWS\System32\powrprof.dll
0x00007fff7c820000 - 0x00007fff7c82a000 	C:\WINDOWS\System32\FLTLIB.DLL
0x00007fff6dc40000 - 0x00007fff6dc5a000 	C:\Program Files\Android\Android Studio\jre\jre\bin\net.dll
0x00007fff7c0a0000 - 0x00007fff7c106000 	C:\WINDOWS\system32\mswsock.dll
0x00007fff6e000000 - 0x00007fff6e011000 	C:\Program Files\Android\Android Studio\jre\jre\bin\nio.dll
0x00007fff537e0000 - 0x00007fff537fe000 	C:\Users\Ren\.gradle\native\25\windows-amd64\native-platform.dll
0x00007fff785c0000 - 0x00007fff785cd000 	C:\Program Files\Android\Android Studio\jre\jre\bin\management.dll
0x00007fff7c250000 - 0x00007fff7c267000 	C:\WINDOWS\SYSTEM32\CRYPTSP.dll
0x00007fff7bc80000 - 0x00007fff7bcb3000 	C:\WINDOWS\system32\rsaenh.dll
0x00007fff7c380000 - 0x00007fff7c3a5000 	C:\WINDOWS\SYSTEM32\bcrypt.dll
0x00007fff7c750000 - 0x00007fff7c778000 	C:\WINDOWS\SYSTEM32\USERENV.dll
0x00007fff7c270000 - 0x00007fff7c27b000 	C:\WINDOWS\SYSTEM32\CRYPTBASE.dll
0x00007fff7be20000 - 0x00007fff7be58000 	C:\WINDOWS\SYSTEM32\IPHLPAPI.DLL
0x00007fff80050000 - 0x00007fff80058000 	C:\WINDOWS\System32\NSI.dll
0x00007fff75880000 - 0x00007fff75896000 	C:\WINDOWS\SYSTEM32\dhcpcsvc6.DLL
0x00007fff75860000 - 0x00007fff7587a000 	C:\WINDOWS\SYSTEM32\dhcpcsvc.DLL

VM Arguments:
jvm_args: -Xmx1536m -Dfile.encoding=GBK -Duser.country=US -Duser.language=en -Duser.variant 
java_command: org.gradle.launcher.daemon.bootstrap.GradleDaemon 4.4
java_class_path (initial): C:\Users\Ren\.gradle\wrapper\dists\gradle-4.4-all\9br9xq1tocpiv8o6njlyu5op1\gradle-4.4\lib\gradle-launcher-4.4.jar
Launcher Type: SUN_STANDARD

Environment Variables:
PATH=C:\Program Files (x86)\Intel\iCLS Client\;C:\Program Files\Intel\iCLS Client\;C:\Program Files\Microsoft MPI\Bin\;C:\Program Files\Dell\DW WLAN Card;C:\ProgramData\Oracle\Java\javapath;C:\WINDOWS\system32;C:\WINDOWS;C:\WINDOWS\System32\Wbem;C:\WINDOWS\System32\WindowsPowerShell\v1.0\;C:\Program Files\WIDCOMM\Bluetooth Software\;C:\Program Files\WIDCOMM\Bluetooth Software\syswow64;C:\Program Files\Git\cmd;C:\Program Files (x86)\Windows Kits\8.1\Windows Performance Toolkit\;C:\Program Files (x86)\GtkSharp\2.12\bin;C:\HashiCorp\Vagrant\bin;C:\Program Files\nodejs\;C:\WINDOWS\System32\OpenSSH\;C:\Program Files (x86)\Intel\Intel(R) Management Engine Components\DAL;C:\Program Files\Intel\Intel(R) Management Engine Components\DAL;C:\Program Files (x86)\Intel\Intel(R) Management Engine Components\IPT;C:\Program Files\Intel\Intel(R) Management Engine Components\IPT;C:\Program Files (x86)\Yarn\bin\;C:\altera\15.1\modelsim_ase\win32aloem;C:\Users\Ren\AppData\Local\Microsoft\WindowsApps;C:\Users\Ren\AppData\Local\atom\bin;C:\Users\Ren\AppData\Local\Microsoft\WindowsApps;C:\Users\Ren\Anaconda3;C:\Users\Ren\Anaconda3\Scripts;C:\Program Files (x86)\Windows Kits\10\bin\x64;C:\Users\Ren\Anaconda3\Lib\site-packages;C:\Users\Ren\AppData\Roaming\npm;C:\Users\Ren\AppData\Local\Yarn\bin
USERNAME=Ren
OS=Windows_NT
PROCESSOR_IDENTIFIER=Intel64 Family 6 Model 61 Stepping 4, GenuineIntel



---------------  S Y S T E M  ---------------

OS: Windows 10.0 , 64 bit Build 17134 (10.0.17134.1)

CPU:total 4 (initial active 4) (2 cores per cpu, 2 threads per core) family 6 model 61 stepping 4, cmov, cx8, fxsr, mmx, sse, sse2, sse3, ssse3, sse4.1, sse4.2, popcnt, avx, avx2, aes, clmul, erms, 3dnowpref, lzcnt, ht, tsc, tscinvbit, bmi1, bmi2, adx

Memory: 4k page, physical 4096716k(563448k free), swap 5530316k(5308k free)

vm_info: OpenJDK 64-Bit Server VM (25.152-b02) for windows-amd64 JRE (1.8.0_152-release-1024-b02), built by "builder" with MS VC++ 10.0 (VS2010)

time: Sat Jun 30 16:51:32 2018
elapsed time: 5 seconds (0d 0h 0m 5s)

