#
# There is insufficient memory for the Java Runtime Environment to continue.
# Native memory allocation (malloc) failed to allocate 1846672 bytes for Chunk::new
# Possible reasons:
#   The system is out of physical RAM or swap space
#   In 32 bit mode, the process size limit was hit
# Possible solutions:
#   Reduce memory load on the system
#   Increase physical memory or swap space
#   Check if swap backing store is full
#   Use 64 bit Java on a 64 bit OS
#   Decrease Java heap size (-Xmx/-Xms)
#   Decrease number of Java threads
#   Decrease Java thread stack sizes (-Xss)
#   Set larger code cache with -XX:ReservedCodeCacheSize=
# This output file may be truncated or incomplete.
#
#  Out of Memory Error (allocation.cpp:390), pid=9352, tid=0x000000000000170c
#
# JRE version: OpenJDK Runtime Environment (8.0_152-b02) (build 1.8.0_152-release-1024-b02)
# Java VM: OpenJDK 64-Bit Server VM (25.152-b02 mixed mode windows-amd64 compressed oops)
# Failed to write core dump. Minidumps are not enabled by default on client versions of Windows
#

---------------  T H R E A D  ---------------

Current thread (0x00000000164ea000):  JavaThread "C2 CompilerThread0" daemon [_thread_in_native, id=5900, stack(0x0000000017ee0000,0x0000000017fe0000)]

Stack: [0x0000000017ee0000,0x0000000017fe0000]
[error occurred during error reporting (printing stack bounds), id 0xc0000005]

Native frames: (J=compiled Java code, j=interpreted, Vv=VM code, C=native code)


Current CompileTask:
C2:   3808 1328       4       java.net.URLClassLoader$1::run (5 bytes)


---------------  P R O C E S S  ---------------

Java Threads: ( => current thread )
  0x0000000019a60800 JavaThread "Cache worker for file hash cache (C:\Users\Ren\Documents\EasyOnlineConverter\.gradle\4.4\fileHashes)" [_thread_blocked, id=9472, stack(0x000000001bcc0000,0x000000001bdc0000)]
  0x0000000019347800 JavaThread "File lock request listener" [_thread_in_native, id=9860, stack(0x000000001abf0000,0x000000001acf0000)]
  0x0000000019764800 JavaThread "Cache worker for file hash cache (C:\Users\Ren\.gradle\caches\4.4\fileHashes)" [_thread_blocked, id=9312, stack(0x000000001aaf0000,0x000000001abf0000)]
  0x0000000019347000 JavaThread "Stdin handler" [_thread_blocked, id=7452, stack(0x000000001a7f0000,0x000000001a8f0000)]
  0x0000000019343800 JavaThread "Asynchronous log dispatcher for DefaultDaemonConnection: socket connection from /127.0.0.1:50149 to /127.0.0.1:50150" [_thread_blocked, id=8036, stack(0x000000001a6f0000,0x000000001a7f0000)]
  0x000000001934b800 JavaThread "Daemon worker" [_thread_in_vm, id=2040, stack(0x000000001a5f0000,0x000000001a6f0000)]
  0x000000001934c800 JavaThread "Cancel handler" [_thread_blocked, id=4280, stack(0x000000001a4f0000,0x000000001a5f0000)]
  0x0000000019006800 JavaThread "Handler for socket connection from /127.0.0.1:50149 to /127.0.0.1:50150" [_thread_in_native, id=3960, stack(0x000000001a1f0000,0x000000001a2f0000)]
  0x0000000019004000 JavaThread "Daemon" [_thread_blocked, id=804, stack(0x000000001a0f0000,0x000000001a1f0000)]
  0x0000000019474000 JavaThread "Daemon periodic checks" [_thread_blocked, id=10124, stack(0x0000000019ff0000,0x000000001a0f0000)]
  0x0000000019473000 JavaThread "Incoming local TCP Connector on port 50149" [_thread_in_native, id=1740, stack(0x0000000019db0000,0x0000000019eb0000)]
  0x0000000017975000 JavaThread "Service Thread" daemon [_thread_blocked, id=5784, stack(0x00000000181e0000,0x00000000182e0000)]
  0x00000000178f8000 JavaThread "C1 CompilerThread2" daemon [_thread_in_vm, id=4372, stack(0x00000000180e0000,0x00000000181e0000)]
  0x00000000178f2000 JavaThread "C2 CompilerThread1" daemon [_thread_in_native, id=7964, stack(0x0000000017fe0000,0x00000000180e0000)]
=>0x00000000164ea000 JavaThread "C2 CompilerThread0" daemon [_thread_in_native, id=5900, stack(0x0000000017ee0000,0x0000000017fe0000)]
  0x00000000164e9800 JavaThread "Attach Listener" daemon [_thread_blocked, id=5012, stack(0x0000000017de0000,0x0000000017ee0000)]
  0x00000000178e8800 JavaThread "Signal Dispatcher" daemon [_thread_blocked, id=9564, stack(0x0000000017ce0000,0x0000000017de0000)]
  0x0000000002b1c800 JavaThread "Finalizer" daemon [_thread_blocked, id=9872, stack(0x00000000176f0000,0x00000000177f0000)]
  0x0000000002b11800 JavaThread "Reference Handler" daemon [_thread_blocked, id=9900, stack(0x00000000175f0000,0x00000000176f0000)]
  0x0000000002a22800 JavaThread "main" [_thread_blocked, id=9876, stack(0x0000000002920000,0x0000000002a20000)]

Other Threads:
  0x0000000016456000 VMThread [stack: 0x00000000174f0000,0x00000000175f0000] [id=3732]
  0x0000000017975800 WatcherThread [stack: 0x00000000182e0000,0x00000000183e0000] [id=976]

VM state:not at safepoint (normal execution)

VM Mutex/Monitor currently owned by a thread:  ([mutex/lock_event])
[0x00000000003ed4e0] SymbolTable_lock - owner thread: 0x0000000000000000

Heap:
 PSYoungGen      total 38400K, used 12198K [0x00000000e0000000, 0x00000000e2b00000, 0x0000000100000000)
  eden space 32768K, 20% used [0x00000000e0000000,0x00000000e066be18,0x00000000e2000000)
  from space 5632K, 99% used [0x00000000e2000000,0x00000000e257da70,0x00000000e2580000)
  to   space 5632K, 0% used [0x00000000e2580000,0x00000000e2580000,0x00000000e2b00000)
 ParOldGen       total 44032K, used 7394K [0x00000000a0000000, 0x00000000a2b00000, 0x00000000e0000000)
  object space 44032K, 16% used [0x00000000a0000000,0x00000000a0738860,0x00000000a2b00000)
 Metaspace       used 19127K, capacity 19498K, committed 19712K, reserved 1067008K
  class space    used 2656K, capacity 2761K, committed 2816K, reserved 1048576K

Card table byte_map: [0x0000000011ee0000,0x00000000121f0000] byte_map_base: 0x00000000119e0000

Marking Bits: (ParMarkBitMap*) 0x0000000067484970
 Begin Bits: [0x00000000127f0000, 0x0000000013ff0000)
 End Bits:   [0x0000000013ff0000, 0x00000000157f0000)

Polling page: 0x00000000003f0000

CodeCache: size=245760Kb used=5338Kb max_used=5338Kb free=240421Kb
 bounds [0x0000000002b20000, 0x0000000003060000, 0x0000000011b20000]
 total_blobs=1992 nmethods=1609 adapters=296
 compilation: enabled

Compilation events (10 events):
Event: 3.781 Thread 0x00000000178f8000 nmethod 1602 0x000000000304fd10 code [0x000000000304ff20, 0x00000000030507f8]
Event: 3.782 Thread 0x00000000178f8000 1604       3       org.codehaus.groovy.reflection.CachedMethod::compareToCachedMethod (160 bytes)
Event: 3.784 Thread 0x00000000178f8000 nmethod 1604 0x0000000003050f90 code [0x0000000003051280, 0x0000000003052dc8]
Event: 3.784 Thread 0x00000000178f8000 1603       3       org.codehaus.groovy.reflection.CachedMethod::compareTo (25 bytes)
Event: 3.784 Thread 0x00000000178f8000 nmethod 1603 0x0000000003053a50 code [0x0000000003053be0, 0x0000000003054098]
Event: 3.784 Thread 0x00000000178f8000 1606       3       org.codehaus.groovy.reflection.CachedClass::getCachedSuperClass (11 bytes)
Event: 3.785 Thread 0x00000000178f8000 nmethod 1606 0x0000000003054190 code [0x0000000003054300, 0x0000000003054608]
Event: 3.790 Thread 0x00000000178f8000 1607       3       java.util.regex.Pattern$BitClass::isSatisfiedBy (22 bytes)
Event: 3.791 Thread 0x00000000178f8000 nmethod 1607 0x00000000030546d0 code [0x0000000003054840, 0x0000000003054a50]
Event: 3.800 Thread 0x00000000178f8000 1608       3       java.lang.reflect.Method::getAnnotation (6 bytes)

GC Heap History (10 events):
Event: 1.424 GC heap before
{Heap before GC invocations=3 (full 0):
 PSYoungGen      total 18944K, used 18924K [0x00000000e0000000, 0x00000000e1500000, 0x0000000100000000)
  eden space 16384K, 100% used [0x00000000e0000000,0x00000000e1000000,0x00000000e1000000)
  from space 2560K, 99% used [0x00000000e1280000,0x00000000e14fb3b0,0x00000000e1500000)
  to   space 2560K, 0% used [0x00000000e1000000,0x00000000e1000000,0x00000000e1280000)
 ParOldGen       total 44032K, used 733K [0x00000000a0000000, 0x00000000a2b00000, 0x00000000e0000000)
  object space 44032K, 1% used [0x00000000a0000000,0x00000000a00b7598,0x00000000a2b00000)
 Metaspace       used 6965K, capacity 7176K, committed 7424K, reserved 1056768K
  class space    used 875K, capacity 948K, committed 1024K, reserved 1048576K
Event: 1.427 GC heap after
Heap after GC invocations=3 (full 0):
 PSYoungGen      total 18944K, used 2536K [0x00000000e0000000, 0x00000000e2500000, 0x0000000100000000)
  eden space 16384K, 0% used [0x00000000e0000000,0x00000000e0000000,0x00000000e1000000)
  from space 2560K, 99% used [0x00000000e1000000,0x00000000e127a040,0x00000000e1280000)
  to   space 2560K, 0% used [0x00000000e2280000,0x00000000e2280000,0x00000000e2500000)
 ParOldGen       total 44032K, used 1264K [0x00000000a0000000, 0x00000000a2b00000, 0x00000000e0000000)
  object space 44032K, 2% used [0x00000000a0000000,0x00000000a013c1d8,0x00000000a2b00000)
 Metaspace       used 6965K, capacity 7176K, committed 7424K, reserved 1056768K
  class space    used 875K, capacity 948K, committed 1024K, reserved 1048576K
}
Event: 2.598 GC heap before
{Heap before GC invocations=4 (full 0):
 PSYoungGen      total 18944K, used 18920K [0x00000000e0000000, 0x00000000e2500000, 0x0000000100000000)
  eden space 16384K, 100% used [0x00000000e0000000,0x00000000e1000000,0x00000000e1000000)
  from space 2560K, 99% used [0x00000000e1000000,0x00000000e127a040,0x00000000e1280000)
  to   space 2560K, 0% used [0x00000000e2280000,0x00000000e2280000,0x00000000e2500000)
 ParOldGen       total 44032K, used 1264K [0x00000000a0000000, 0x00000000a2b00000, 0x00000000e0000000)
  object space 44032K, 2% used [0x00000000a0000000,0x00000000a013c1d8,0x00000000a2b00000)
 Metaspace       used 11597K, capacity 11932K, committed 12160K, reserved 1060864K
  class space    used 1530K, capacity 1632K, committed 1664K, reserved 1048576K
Event: 2.605 GC heap after
Heap after GC invocations=4 (full 0):
 PSYoungGen      total 18944K, used 2536K [0x00000000e0000000, 0x00000000e2500000, 0x0000000100000000)
  eden space 16384K, 0% used [0x00000000e0000000,0x00000000e0000000,0x00000000e1000000)
  from space 2560K, 99% used [0x00000000e2280000,0x00000000e24fa040,0x00000000e2500000)
  to   space 2560K, 0% used [0x00000000e1000000,0x00000000e1000000,0x00000000e1280000)
 ParOldGen       total 44032K, used 3873K [0x00000000a0000000, 0x00000000a2b00000, 0x00000000e0000000)
  object space 44032K, 8% used [0x00000000a0000000,0x00000000a03c85c8,0x00000000a2b00000)
 Metaspace       used 11597K, capacity 11932K, committed 12160K, reserved 1060864K
  class space    used 1530K, capacity 1632K, committed 1664K, reserved 1048576K
}
Event: 2.824 GC heap before
{Heap before GC invocations=5 (full 0):
 PSYoungGen      total 18944K, used 18920K [0x00000000e0000000, 0x00000000e2500000, 0x0000000100000000)
  eden space 16384K, 100% used [0x00000000e0000000,0x00000000e1000000,0x00000000e1000000)
  from space 2560K, 99% used [0x00000000e2280000,0x00000000e24fa040,0x00000000e2500000)
  to   space 2560K, 0% used [0x00000000e1000000,0x00000000e1000000,0x00000000e1280000)
 ParOldGen       total 44032K, used 3873K [0x00000000a0000000, 0x00000000a2b00000, 0x00000000e0000000)
  object space 44032K, 8% used [0x00000000a0000000,0x00000000a03c85c8,0x00000000a2b00000)
 Metaspace       used 13023K, capacity 13320K, committed 13568K, reserved 1060864K
  class space    used 1775K, capacity 1922K, committed 2048K, reserved 1048576K
Event: 2.830 GC heap after
Heap after GC invocations=5 (full 0):
 PSYoungGen      total 18944K, used 2536K [0x00000000e0000000, 0x00000000e2b00000, 0x0000000100000000)
  eden space 16384K, 0% used [0x00000000e0000000,0x00000000e0000000,0x00000000e1000000)
  from space 2560K, 99% used [0x00000000e1000000,0x00000000e127a060,0x00000000e1280000)
  to   space 5632K, 0% used [0x00000000e2580000,0x00000000e2580000,0x00000000e2b00000)
 ParOldGen       total 44032K, used 5676K [0x00000000a0000000, 0x00000000a2b00000, 0x00000000e0000000)
  object space 44032K, 12% used [0x00000000a0000000,0x00000000a058b378,0x00000000a2b00000)
 Metaspace       used 13023K, capacity 13320K, committed 13568K, reserved 1060864K
  class space    used 1775K, capacity 1922K, committed 2048K, reserved 1048576K
}
Event: 3.038 GC heap before
{Heap before GC invocations=6 (full 0):
 PSYoungGen      total 18944K, used 18920K [0x00000000e0000000, 0x00000000e2b00000, 0x0000000100000000)
  eden space 16384K, 100% used [0x00000000e0000000,0x00000000e1000000,0x00000000e1000000)
  from space 2560K, 99% used [0x00000000e1000000,0x00000000e127a060,0x00000000e1280000)
  to   space 5632K, 0% used [0x00000000e2580000,0x00000000e2580000,0x00000000e2b00000)
 ParOldGen       total 44032K, used 5676K [0x00000000a0000000, 0x00000000a2b00000, 0x00000000e0000000)
  object space 44032K, 12% used [0x00000000a0000000,0x00000000a058b378,0x00000000a2b00000)
 Metaspace       used 14541K, capacity 14892K, committed 14976K, reserved 1062912K
  class space    used 2033K, capacity 2148K, committed 2176K, reserved 1048576K
Event: 3.045 GC heap after
Heap after GC invocations=6 (full 0):
 PSYoungGen      total 38400K, used 4626K [0x00000000e0000000, 0x00000000e2b00000, 0x0000000100000000)
  eden space 32768K, 0% used [0x00000000e0000000,0x00000000e0000000,0x00000000e2000000)
  from space 5632K, 82% used [0x00000000e2580000,0x00000000e2a04b78,0x00000000e2b00000)
  to   space 5632K, 0% used [0x00000000e2000000,0x00000000e2000000,0x00000000e2580000)
 ParOldGen       total 44032K, used 5676K [0x00000000a0000000, 0x00000000a2b00000, 0x00000000e0000000)
  object space 44032K, 12% used [0x00000000a0000000,0x00000000a058b378,0x00000000a2b00000)
 Metaspace       used 14541K, capacity 14892K, committed 14976K, reserved 1062912K
  class space    used 2033K, capacity 2148K, committed 2176K, reserved 1048576K
}
Event: 3.648 GC heap before
{Heap before GC invocations=7 (full 0):
 PSYoungGen      total 38400K, used 37394K [0x00000000e0000000, 0x00000000e2b00000, 0x0000000100000000)
  eden space 32768K, 100% used [0x00000000e0000000,0x00000000e2000000,0x00000000e2000000)
  from space 5632K, 82% used [0x00000000e2580000,0x00000000e2a04b78,0x00000000e2b00000)
  to   space 5632K, 0% used [0x00000000e2000000,0x00000000e2000000,0x00000000e2580000)
 ParOldGen       total 44032K, used 5676K [0x00000000a0000000, 0x00000000a2b00000, 0x00000000e0000000)
  object space 44032K, 12% used [0x00000000a0000000,0x00000000a058b378,0x00000000a2b00000)
 Metaspace       used 17878K, capacity 18250K, committed 18560K, reserved 1064960K
  class space    used 2552K, capacity 2665K, committed 2688K, reserved 1048576K
Event: 3.664 GC heap after
Heap after GC invocations=7 (full 0):
 PSYoungGen      total 38400K, used 5622K [0x00000000e0000000, 0x00000000e2b00000, 0x0000000100000000)
  eden space 32768K, 0% used [0x00000000e0000000,0x00000000e0000000,0x00000000e2000000)
  from space 5632K, 99% used [0x00000000e2000000,0x00000000e257da70,0x00000000e2580000)
  to   space 5632K, 0% used [0x00000000e2580000,0x00000000e2580000,0x00000000e2b00000)
 ParOldGen       total 44032K, used 7394K [0x00000000a0000000, 0x00000000a2b00000, 0x00000000e0000000)
  object space 44032K, 16% used [0x00000000a0000000,0x00000000a0738860,0x00000000a2b00000)
 Metaspace       used 17878K, capacity 18250K, committed 18560K, reserved 1064960K
  class space    used 2552K, capacity 2665K, committed 2688K, reserved 1048576K
}

Deoptimization events (10 events):
Event: 2.679 Thread 0x000000001934b800 Uncommon trap: reason=bimorphic action=maybe_recompile pc=0x0000000002e596e8 method=java.util.HashMap.putVal(ILjava/lang/Object;Ljava/lang/Object;ZZ)Ljava/lang/Object; @ 253
Event: 2.679 Thread 0x000000001934b800 Uncommon trap: reason=bimorphic action=maybe_recompile pc=0x0000000002e596e8 method=java.util.HashMap.putVal(ILjava/lang/Object;Ljava/lang/Object;ZZ)Ljava/lang/Object; @ 253
Event: 2.679 Thread 0x000000001934b800 Uncommon trap: reason=bimorphic action=maybe_recompile pc=0x0000000002e568d4 method=java.util.HashMap.putVal(ILjava/lang/Object;Ljava/lang/Object;ZZ)Ljava/lang/Object; @ 253
Event: 2.693 Thread 0x000000001934b800 Uncommon trap: reason=class_check action=maybe_recompile pc=0x0000000002dbda18 method=java.util.regex.Matcher.match(II)Z @ 86
Event: 2.948 Thread 0x000000001934b800 Uncommon trap: reason=class_check action=maybe_recompile pc=0x0000000002dbda18 method=java.util.regex.Matcher.match(II)Z @ 86
Event: 2.948 Thread 0x000000001934b800 Uncommon trap: reason=class_check action=maybe_recompile pc=0x0000000002d86edc method=java.util.regex.Matcher.match(II)Z @ 86
Event: 3.024 Thread 0x000000001934b800 Uncommon trap: reason=unstable_if action=reinterpret pc=0x0000000002f89674 method=java.lang.String.lastIndexOf([CII[CIII)I @ 66
Event: 3.382 Thread 0x000000001934b800 Uncommon trap: reason=unstable_if action=reinterpret pc=0x0000000002c740c8 method=java.net.URI.match(CJJ)Z @ 19
Event: 3.382 Thread 0x000000001934b800 Uncommon trap: reason=unstable_if action=reinterpret pc=0x0000000002db6a80 method=java.net.URI.match(CJJ)Z @ 19
Event: 3.446 Thread 0x000000001934b800 Uncommon trap: reason=unstable_if action=reinterpret pc=0x0000000002db61d8 method=java.io.File.getName()Ljava/lang/String; @ 16

Classes redefined (0 events):
No events

Internal exceptions (10 events):
Event: 2.623 Thread 0x0000000019006800 Exception <a 'java/lang/NoSuchMethodError': <clinit>> (0x00000000e00c4b78) thrown at [D:\src\AOSP-openjdk-cygwin\jdk8u\hotspot\src\share\vm\prims\jni.cpp, line 1613]
Event: 2.628 Thread 0x0000000019006800 Exception <a 'java/lang/NoSuchMethodError': <clinit>> (0x00000000e0105d20) thrown at [D:\src\AOSP-openjdk-cygwin\jdk8u\hotspot\src\share\vm\prims\jni.cpp, line 1613]
Event: 2.630 Thread 0x0000000019006800 Exception <a 'java/lang/NoSuchMethodError': <clinit>> (0x00000000e01138b8) thrown at [D:\src\AOSP-openjdk-cygwin\jdk8u\hotspot\src\share\vm\prims\jni.cpp, line 1613]
Event: 2.634 Thread 0x0000000019006800 Exception <a 'java/lang/NoSuchMethodError': <clinit>> (0x00000000e0139208) thrown at [D:\src\AOSP-openjdk-cygwin\jdk8u\hotspot\src\share\vm\prims\jni.cpp, line 1613]
Event: 2.667 Thread 0x000000001934b800 Exception <a 'java/lang/NoSuchMethodError': <clinit>> (0x00000000e0214c38) thrown at [D:\src\AOSP-openjdk-cygwin\jdk8u\hotspot\src\share\vm\prims\jni.cpp, line 1613]
Event: 2.668 Thread 0x000000001934b800 Exception <a 'java/lang/NoSuchMethodError': <clinit>> (0x00000000e021cec0) thrown at [D:\src\AOSP-openjdk-cygwin\jdk8u\hotspot\src\share\vm\prims\jni.cpp, line 1613]
Event: 3.466 Thread 0x000000001934b800 Exception <a 'java/lang/NoSuchMethodError': <clinit>> (0x00000000e16c5740) thrown at [D:\src\AOSP-openjdk-cygwin\jdk8u\hotspot\src\share\vm\prims\jni.cpp, line 1613]
Event: 3.466 Thread 0x000000001934b800 Exception <a 'java/lang/NoSuchMethodError': <clinit>> (0x00000000e16c80e0) thrown at [D:\src\AOSP-openjdk-cygwin\jdk8u\hotspot\src\share\vm\prims\jni.cpp, line 1613]
Event: 3.467 Thread 0x000000001934b800 Exception <a 'java/lang/NoSuchMethodError': <clinit>> (0x00000000e16d56d0) thrown at [D:\src\AOSP-openjdk-cygwin\jdk8u\hotspot\src\share\vm\prims\jni.cpp, line 1613]
Event: 3.468 Thread 0x000000001934b800 Exception <a 'java/lang/NoSuchMethodError': <clinit>> (0x00000000e16e0e50) thrown at [D:\src\AOSP-openjdk-cygwin\jdk8u\hotspot\src\share\vm\prims\jni.cpp, line 1613]

Events (10 events):
Event: 3.800 loading class java/nio/file/CopyOption done
Event: 3.800 loading class java/nio/file/LinkOption done
Event: 3.800 loading class java/nio/file/WatchService
Event: 3.800 loading class java/nio/file/WatchService done
Event: 3.800 loading class java/nio/file/WatchEvent$Kind
Event: 3.800 loading class java/nio/file/WatchEvent$Kind done
Event: 3.800 loading class java/nio/file/WatchEvent$Modifier
Event: 3.800 loading class java/nio/file/WatchEvent$Modifier done
Event: 3.800 loading class java/nio/file/WatchKey
Event: 3.800 loading class java/nio/file/WatchKey done


Dynamic libraries:
0x00007ff66ca40000 - 0x00007ff66ca71000 	C:\Program Files\Android\Android Studio\jre\bin\java.exe
0x00007fff80510000 - 0x00007fff806f1000 	C:\WINDOWS\SYSTEM32\ntdll.dll
0x00007fff7e470000 - 0x00007fff7e522000 	C:\WINDOWS\System32\KERNEL32.DLL
0x00007fff7caa0000 - 0x00007fff7cd13000 	C:\WINDOWS\System32\KERNELBASE.dll
0x00007fff7e240000 - 0x00007fff7e2e1000 	C:\WINDOWS\System32\ADVAPI32.dll
0x00007fff7e590000 - 0x00007fff7e62e000 	C:\WINDOWS\System32\msvcrt.dll
0x00007fff7e6b0000 - 0x00007fff7e70b000 	C:\WINDOWS\System32\sechost.dll
0x00007fff800d0000 - 0x00007fff801f4000 	C:\WINDOWS\System32\RPCRT4.dll
0x00007fff80350000 - 0x00007fff804e0000 	C:\WINDOWS\System32\USER32.dll
0x00007fff7ca80000 - 0x00007fff7caa0000 	C:\WINDOWS\System32\win32u.dll
0x00007fff80320000 - 0x00007fff80348000 	C:\WINDOWS\System32\GDI32.dll
0x00007fff7c8e0000 - 0x00007fff7ca72000 	C:\WINDOWS\System32\gdi32full.dll
0x00007fff7d710000 - 0x00007fff7d7af000 	C:\WINDOWS\System32\msvcp_win.dll
0x00007fff7d610000 - 0x00007fff7d70a000 	C:\WINDOWS\System32\ucrtbase.dll
0x00007fff6ee30000 - 0x00007fff6f099000 	C:\WINDOWS\WinSxS\amd64_microsoft.windows.common-controls_6595b64144ccf1df_6.0.17134.112_none_fb3f961b30681c12\COMCTL32.dll
0x00007fff7dd90000 - 0x00007fff7e0b3000 	C:\WINDOWS\System32\combase.dll
0x00007fff7cd20000 - 0x00007fff7cd9a000 	C:\WINDOWS\System32\bcryptPrimitives.dll
0x00007fff802f0000 - 0x00007fff8031d000 	C:\WINDOWS\System32\IMM32.DLL
0x0000000065f70000 - 0x0000000066042000 	C:\Program Files\Android\Android Studio\jre\jre\bin\msvcr100.dll
0x0000000066cc0000 - 0x00000000674ff000 	C:\Program Files\Android\Android Studio\jre\jre\bin\server\jvm.dll
0x00007fff7e0c0000 - 0x00007fff7e0c8000 	C:\WINDOWS\System32\PSAPI.DLL
0x00007fff7b450000 - 0x00007fff7b459000 	C:\WINDOWS\SYSTEM32\WSOCK32.dll
0x00007fff784f0000 - 0x00007fff78513000 	C:\WINDOWS\SYSTEM32\WINMM.dll
0x00007fff80060000 - 0x00007fff800cc000 	C:\WINDOWS\System32\WS2_32.dll
0x00007fff6d320000 - 0x00007fff6d32a000 	C:\WINDOWS\SYSTEM32\VERSION.dll
0x00007fff784c0000 - 0x00007fff784ea000 	C:\WINDOWS\SYSTEM32\WINMMBASE.dll
0x00007fff7cda0000 - 0x00007fff7cde9000 	C:\WINDOWS\System32\cfgmgr32.dll
0x00007fff72d60000 - 0x00007fff72d6f000 	C:\Program Files\Android\Android Studio\jre\jre\bin\verify.dll
0x00007fff6eda0000 - 0x00007fff6edc9000 	C:\Program Files\Android\Android Studio\jre\jre\bin\java.dll
0x00007fff6e5a0000 - 0x00007fff6e5b6000 	C:\Program Files\Android\Android Studio\jre\jre\bin\zip.dll
0x00007fff7e710000 - 0x00007fff7fb50000 	C:\WINDOWS\System32\SHELL32.dll
0x00007fff7fb50000 - 0x00007fff7fbf9000 	C:\WINDOWS\System32\shcore.dll
0x00007fff7ce50000 - 0x00007fff7d55d000 	C:\WINDOWS\System32\windows.storage.dll
0x00007fff7e650000 - 0x00007fff7e6a1000 	C:\WINDOWS\System32\shlwapi.dll
0x00007fff7c8c0000 - 0x00007fff7c8d1000 	C:\WINDOWS\System32\kernel.appcore.dll
0x00007fff7c8a0000 - 0x00007fff7c8bf000 	C:\WINDOWS\System32\profapi.dll
0x00007fff7c830000 - 0x00007fff7c87c000 	C:\WINDOWS\System32\powrprof.dll
0x00007fff7c820000 - 0x00007fff7c82a000 	C:\WINDOWS\System32\FLTLIB.DLL
0x00007fff6dc40000 - 0x00007fff6dc5a000 	C:\Program Files\Android\Android Studio\jre\jre\bin\net.dll
0x00007fff7c0a0000 - 0x00007fff7c106000 	C:\WINDOWS\system32\mswsock.dll
0x00007fff6e000000 - 0x00007fff6e011000 	C:\Program Files\Android\Android Studio\jre\jre\bin\nio.dll
0x00007fff537e0000 - 0x00007fff537fe000 	C:\Users\Ren\.gradle\native\25\windows-amd64\native-platform.dll
0x00007fff785c0000 - 0x00007fff785cd000 	C:\Program Files\Android\Android Studio\jre\jre\bin\management.dll
0x00007fff7c250000 - 0x00007fff7c267000 	C:\WINDOWS\SYSTEM32\CRYPTSP.dll
0x00007fff7bc80000 - 0x00007fff7bcb3000 	C:\WINDOWS\system32\rsaenh.dll
0x00007fff7c380000 - 0x00007fff7c3a5000 	C:\WINDOWS\SYSTEM32\bcrypt.dll
0x00007fff7c750000 - 0x00007fff7c778000 	C:\WINDOWS\SYSTEM32\USERENV.dll
0x00007fff7c270000 - 0x00007fff7c27b000 	C:\WINDOWS\SYSTEM32\CRYPTBASE.dll
0x00007fff7be20000 - 0x00007fff7be58000 	C:\WINDOWS\SYSTEM32\IPHLPAPI.DLL
0x00007fff80050000 - 0x00007fff80058000 	C:\WINDOWS\System32\NSI.dll
0x00007fff75880000 - 0x00007fff75896000 	C:\WINDOWS\SYSTEM32\dhcpcsvc6.DLL
0x00007fff75860000 - 0x00007fff7587a000 	C:\WINDOWS\SYSTEM32\dhcpcsvc.DLL

VM Arguments:
jvm_args: -Xmx1536m -Dfile.encoding=GBK -Duser.country=US -Duser.language=en -Duser.variant 
java_command: org.gradle.launcher.daemon.bootstrap.GradleDaemon 4.4
java_class_path (initial): C:\Users\Ren\.gradle\wrapper\dists\gradle-4.4-all\9br9xq1tocpiv8o6njlyu5op1\gradle-4.4\lib\gradle-launcher-4.4.jar
Launcher Type: SUN_STANDARD

Environment Variables:
PATH=C:\Program Files (x86)\Intel\iCLS Client\;C:\Program Files\Intel\iCLS Client\;C:\Program Files\Microsoft MPI\Bin\;C:\Program Files\Dell\DW WLAN Card;C:\ProgramData\Oracle\Java\javapath;C:\WINDOWS\system32;C:\WINDOWS;C:\WINDOWS\System32\Wbem;C:\WINDOWS\System32\WindowsPowerShell\v1.0\;C:\Program Files\WIDCOMM\Bluetooth Software\;C:\Program Files\WIDCOMM\Bluetooth Software\syswow64;C:\Program Files\Git\cmd;C:\Program Files (x86)\Windows Kits\8.1\Windows Performance Toolkit\;C:\Program Files (x86)\GtkSharp\2.12\bin;C:\HashiCorp\Vagrant\bin;C:\Program Files\nodejs\;C:\WINDOWS\System32\OpenSSH\;C:\Program Files (x86)\Intel\Intel(R) Management Engine Components\DAL;C:\Program Files\Intel\Intel(R) Management Engine Components\DAL;C:\Program Files (x86)\Intel\Intel(R) Management Engine Components\IPT;C:\Program Files\Intel\Intel(R) Management Engine Components\IPT;C:\Program Files (x86)\Yarn\bin\;C:\altera\15.1\modelsim_ase\win32aloem;C:\Users\Ren\AppData\Local\Microsoft\WindowsApps;C:\Users\Ren\AppData\Local\atom\bin;C:\Users\Ren\AppData\Local\Microsoft\WindowsApps;C:\Users\Ren\Anaconda3;C:\Users\Ren\Anaconda3\Scripts;C:\Program Files (x86)\Windows Kits\10\bin\x64;C:\Users\Ren\Anaconda3\Lib\site-packages;C:\Users\Ren\AppData\Roaming\npm;C:\Users\Ren\AppData\Local\Yarn\bin
USERNAME=Ren
OS=Windows_NT
PROCESSOR_IDENTIFIER=Intel64 Family 6 Model 61 Stepping 4, GenuineIntel



---------------  S Y S T E M  ---------------

OS: Windows 10.0 , 64 bit Build 17134 (10.0.17134.1)

CPU:total 4 (initial active 4) (2 cores per cpu, 2 threads per core) family 6 model 61 stepping 4, cmov, cx8, fxsr, mmx, sse, sse2, sse3, ssse3, sse4.1, sse4.2, popcnt, avx, avx2, aes, clmul, erms, 3dnowpref, lzcnt, ht, tsc, tscinvbit, bmi1, bmi2, adx

Memory: 4k page, physical 4096716k(906548k free), swap 5530316k(5196k free)

vm_info: OpenJDK 64-Bit Server VM (25.152-b02) for windows-amd64 JRE (1.8.0_152-release-1024-b02), built by "builder" with MS VC++ 10.0 (VS2010)

time: Sat Jun 30 16:58:40 2018
elapsed time: 3 seconds (0d 0h 0m 3s)

