#
# There is insufficient memory for the Java Runtime Environment to continue.
# Native memory allocation (malloc) failed to allocate 1369936 bytes for Chunk::new
# Possible reasons:
#   The system is out of physical RAM or swap space
#   In 32 bit mode, the process size limit was hit
# Possible solutions:
#   Reduce memory load on the system
#   Increase physical memory or swap space
#   Check if swap backing store is full
#   Use 64 bit Java on a 64 bit OS
#   Decrease Java heap size (-Xmx/-Xms)
#   Decrease number of Java threads
#   Decrease Java thread stack sizes (-Xss)
#   Set larger code cache with -XX:ReservedCodeCacheSize=
# This output file may be truncated or incomplete.
#
#  Out of Memory Error (allocation.cpp:390), pid=516, tid=0x0000000000000b40
#
# JRE version: OpenJDK Runtime Environment (8.0_152-b02) (build 1.8.0_152-release-1024-b02)
# Java VM: OpenJDK 64-Bit Server VM (25.152-b02 mixed mode windows-amd64 compressed oops)
# Failed to write core dump. Minidumps are not enabled by default on client versions of Windows
#

---------------  T H R E A D  ---------------

Current thread (0x0000000016efa000):  JavaThread "C2 CompilerThread0" daemon [_thread_in_native, id=2880, stack(0x0000000018910000,0x0000000018a10000)]

Stack: [0x0000000018910000,0x0000000018a10000]
[error occurred during error reporting (printing stack bounds), id 0xc0000005]

Native frames: (J=compiled Java code, j=interpreted, Vv=VM code, C=native code)


Current CompileTask:
C2:  18590 7295       4       com.android.utils.XmlUtils::append (540 bytes)


---------------  P R O C E S S  ---------------

Java Threads: ( => current thread )
  0x000000001dcca800 JavaThread "pool-2-thread-1" [_thread_blocked, id=6444, stack(0x0000000024ee0000,0x0000000024fe0000)]
  0x000000001dcc8800 JavaThread "stdout" daemon [_thread_in_native, id=2616, stack(0x0000000024de0000,0x0000000024ee0000)]
  0x000000001dccb800 JavaThread "stderr" daemon [_thread_in_native, id=9808, stack(0x0000000024ce0000,0x0000000024de0000)]
  0x000000001dcc9000 JavaThread "stdout" daemon [_thread_in_native, id=2804, stack(0x0000000024be0000,0x0000000024ce0000)]
  0x000000001dcca000 JavaThread "stdout" daemon [_thread_in_native, id=9308, stack(0x0000000024ae0000,0x0000000024be0000)]
  0x000000001c72d800 JavaThread "stderr" daemon [_thread_in_native, id=4968, stack(0x00000000249e0000,0x0000000024ae0000)]
  0x000000001c72b800 JavaThread "stderr" daemon [_thread_in_native, id=7956, stack(0x00000000248e0000,0x00000000249e0000)]
  0x000000001905f000 JavaThread "stdout" daemon [_thread_in_native, id=9604, stack(0x00000000247e0000,0x00000000248e0000)]
  0x000000001905f800 JavaThread "stderr" daemon [_thread_in_native, id=4356, stack(0x00000000246e0000,0x00000000247e0000)]
  0x000000001905c800 JavaThread "queued-resource-processor_4" daemon [_thread_blocked, id=7156, stack(0x00000000245e0000,0x00000000246e0000)]
  0x000000001905d800 JavaThread "queued-resource-processor_3" daemon [_thread_blocked, id=4952, stack(0x00000000244e0000,0x00000000245e0000)]
  0x000000001905e000 JavaThread "queued-resource-processor_2" daemon [_thread_blocked, id=5496, stack(0x00000000243e0000,0x00000000244e0000)]
  0x0000000019055000 JavaThread "queued-resource-processor_1" daemon [_thread_blocked, id=5152, stack(0x00000000242e0000,0x00000000243e0000)]
  0x0000000019054800 JavaThread "Java2D Disposer" daemon [_thread_blocked, id=2832, stack(0x00000000241e0000,0x00000000242e0000)]
  0x000000001905b000 JavaThread "Worker Daemon Execution Thread 7" [_thread_blocked, id=4160, stack(0x0000000023ee0000,0x0000000023fe0000)]
  0x0000000019053800 JavaThread "Worker Daemon Execution Thread 6" [_thread_blocked, id=3056, stack(0x0000000023de0000,0x0000000023ee0000)]
  0x000000001905a800 JavaThread "Worker Daemon Execution Thread 5" [_thread_blocked, id=4672, stack(0x0000000023ce0000,0x0000000023de0000)]
  0x0000000019053000 JavaThread "Worker Daemon Execution Thread 4" [_thread_blocked, id=4124, stack(0x0000000023be0000,0x0000000023ce0000)]
  0x0000000019059800 JavaThread "Worker Daemon Execution Thread 3" [_thread_blocked, id=10072, stack(0x0000000023ae0000,0x0000000023be0000)]
  0x0000000019059000 JavaThread "Worker Daemon Execution Thread 2" [_thread_blocked, id=5936, stack(0x00000000239e0000,0x0000000023ae0000)]
  0x0000000019052000 JavaThread "Worker Daemon Execution" [_thread_blocked, id=5012, stack(0x00000000238e0000,0x00000000239e0000)]
  0x0000000019058000 JavaThread "Task worker for ':' Thread 3" [_thread_blocked, id=9896, stack(0x00000000237e0000,0x00000000238e0000)]
  0x0000000019056800 JavaThread "Task worker for ':' Thread 2" [_thread_blocked, id=6624, stack(0x00000000236e0000,0x00000000237e0000)]
  0x0000000019050800 JavaThread "Task worker for ':'" [_thread_blocked, id=5176, stack(0x00000000235e0000,0x00000000236e0000)]
  0x0000000019051800 JavaThread "Cache worker for Build Output Cleanup Cache (C:\Users\Ren\Documents\EasyOnlineConverter\.gradle\buildOutputCleanup)" [_thread_blocked, id=6472, stack(0x00000000234e0000,0x00000000235e0000)]
  0x0000000019056000 JavaThread "Cache worker for task history cache (C:\Users\Ren\Documents\EasyOnlineConverter\.gradle\4.4\taskHistory)" [_thread_blocked, id=9944, stack(0x0000000021b60000,0x0000000021c60000)]
  0x000000001c728800 JavaThread "Memory manager" [_thread_blocked, id=3440, stack(0x0000000020870000,0x0000000020970000)]
  0x000000001c72f000 JavaThread "build operations Thread 4" [_thread_blocked, id=2764, stack(0x0000000020770000,0x0000000020870000)]
  0x000000001c72e800 JavaThread "build operations Thread 3" [_thread_blocked, id=6052, stack(0x0000000020670000,0x0000000020770000)]
  0x000000001c72c000 JavaThread "build operations Thread 2" [_thread_blocked, id=8396, stack(0x0000000020570000,0x0000000020670000)]
  0x000000001c72a000 JavaThread "build operations" [_thread_blocked, id=5116, stack(0x0000000020470000,0x0000000020570000)]
  0x000000001c72a800 JavaThread "Cache worker for Artifact transforms cache (C:\Users\Ren\.gradle\caches\transforms-1)" [_thread_blocked, id=8408, stack(0x000000001ed90000,0x000000001ee90000)]
  0x000000001c0f4000 JavaThread "Cache worker for file hash cache (C:\Users\Ren\Documents\EasyOnlineConverter\.gradle\4.4\fileHashes)" [_thread_blocked, id=2008, stack(0x000000001d6c0000,0x000000001d7c0000)]
  0x000000001a142000 JavaThread "File lock request listener" [_thread_in_native, id=6812, stack(0x000000001c5f0000,0x000000001c6f0000)]
  0x000000001a256000 JavaThread "Cache worker for file hash cache (C:\Users\Ren\.gradle\caches\4.4\fileHashes)" [_thread_blocked, id=8444, stack(0x000000001c4f0000,0x000000001c5f0000)]
  0x0000000019d09000 JavaThread "Stdin handler" [_thread_blocked, id=2640, stack(0x000000001b220000,0x000000001b320000)]
  0x0000000019e90800 JavaThread "Asynchronous log dispatcher for DefaultDaemonConnection: socket connection from /127.0.0.1:50049 to /127.0.0.1:50050" [_thread_blocked, id=2164, stack(0x000000001b120000,0x000000001b220000)]
  0x0000000019d0c800 JavaThread "Daemon worker" [_thread_blocked, id=9572, stack(0x000000001b020000,0x000000001b120000)]
  0x0000000019f2e000 JavaThread "Cancel handler" [_thread_blocked, id=7448, stack(0x000000001af20000,0x000000001b020000)]
  0x0000000019eda800 JavaThread "Handler for socket connection from /127.0.0.1:50049 to /127.0.0.1:50050" [_thread_in_native, id=10048, stack(0x000000001ac20000,0x000000001ad20000)]
  0x0000000019ed7800 JavaThread "Daemon" [_thread_blocked, id=5356, stack(0x000000001ab20000,0x000000001ac20000)]
  0x0000000019ee3800 JavaThread "Daemon periodic checks" [_thread_blocked, id=5084, stack(0x000000001aa20000,0x000000001ab20000)]
  0x0000000019dbd800 JavaThread "Incoming local TCP Connector on port 50049" [_thread_in_native, id=568, stack(0x000000001a7e0000,0x000000001a8e0000)]
  0x000000001838c800 JavaThread "Service Thread" daemon [_thread_blocked, id=4980, stack(0x0000000018c10000,0x0000000018d10000)]
  0x0000000018320800 JavaThread "C1 CompilerThread2" daemon [_thread_blocked, id=5492, stack(0x0000000018b10000,0x0000000018c10000)]
  0x0000000016efe800 JavaThread "C2 CompilerThread1" daemon [_thread_blocked, id=3012, stack(0x0000000018a10000,0x0000000018b10000)]
=>0x0000000016efa000 JavaThread "C2 CompilerThread0" daemon [_thread_in_native, id=2880, stack(0x0000000018910000,0x0000000018a10000)]
  0x0000000016ef9800 JavaThread "Attach Listener" daemon [_thread_blocked, id=6952, stack(0x0000000018810000,0x0000000018910000)]
  0x0000000018318800 JavaThread "Signal Dispatcher" daemon [_thread_blocked, id=1656, stack(0x0000000018710000,0x0000000018810000)]
  0x000000000352c800 JavaThread "Finalizer" daemon [_thread_blocked, id=10040, stack(0x00000000180f0000,0x00000000181f0000)]
  0x0000000003521800 JavaThread "Reference Handler" daemon [_thread_blocked, id=4028, stack(0x0000000017ff0000,0x00000000180f0000)]
  0x0000000003432800 JavaThread "main" [_thread_blocked, id=9292, stack(0x0000000003330000,0x0000000003430000)]

Other Threads:
  0x0000000016e66000 VMThread [stack: 0x0000000017ef0000,0x0000000017ff0000] [id=1048]
  0x000000001838d000 WatcherThread [stack: 0x0000000018d10000,0x0000000018e10000] [id=8164]

VM state:not at safepoint (normal execution)

VM Mutex/Monitor currently owned by a thread: None

Heap:
 PSYoungGen      total 149504K, used 70623K [0x00000000e0000000, 0x00000000eab80000, 0x0000000100000000)
  eden space 135680K, 42% used [0x00000000e0000000,0x00000000e37a9c60,0x00000000e8480000)
  from space 13824K, 98% used [0x00000000e9400000,0x00000000ea14e0c0,0x00000000ea180000)
  to   space 15872K, 0% used [0x00000000e8480000,0x00000000e8480000,0x00000000e9400000)
 ParOldGen       total 56832K, used 32544K [0x00000000a0000000, 0x00000000a3780000, 0x00000000e0000000)
  object space 56832K, 57% used [0x00000000a0000000,0x00000000a1fc8058,0x00000000a3780000)
 Metaspace       used 56799K, capacity 58272K, committed 58456K, reserved 1099776K
  class space    used 7614K, capacity 7963K, committed 8064K, reserved 1048576K

Card table byte_map: [0x00000000128f0000,0x0000000012c00000] byte_map_base: 0x00000000123f0000

Marking Bits: (ParMarkBitMap*) 0x0000000067484970
 Begin Bits: [0x0000000013200000, 0x0000000014a00000)
 End Bits:   [0x0000000014a00000, 0x0000000016200000)

Polling page: 0x00000000016e0000

CodeCache: size=245760Kb used=20154Kb max_used=20669Kb free=225605Kb
 bounds [0x0000000003530000, 0x0000000004980000, 0x0000000012530000]
 total_blobs=7169 nmethods=6287 adapters=795
 compilation: enabled

Compilation events (10 events):
Event: 18.451 Thread 0x0000000018320800 7328   !   3       sun.nio.cs.StreamDecoder::read (196 bytes)
Event: 18.452 Thread 0x0000000018320800 nmethod 7328 0x0000000004274050 code [0x0000000004274280, 0x0000000004274fa8]
Event: 18.525 Thread 0x0000000016efe800 nmethod 7319 0x00000000047c3fd0 code [0x00000000047c44a0, 0x00000000047c7500]
Event: 18.539 Thread 0x0000000018320800 7330       1       java.util.ArrayList$ArrayListSpliterator::characteristics (4 bytes)
Event: 18.539 Thread 0x0000000018320800 nmethod 7330 0x00000000047cbe10 code [0x00000000047cbf60, 0x00000000047cc070]
Event: 18.552 Thread 0x0000000018320800 7331       3       com.sun.org.apache.xerces.internal.impl.msg.XMLMessageFormatter::<init> (15 bytes)
Event: 18.553 Thread 0x0000000018320800 nmethod 7331 0x00000000047cba50 code [0x00000000047cbba0, 0x00000000047cbd70]
Event: 18.572 Thread 0x0000000018320800 7332   !   3       java.util.concurrent.LinkedBlockingQueue::take (93 bytes)
Event: 18.575 Thread 0x0000000018320800 nmethod 7332 0x0000000004323890 code [0x0000000004323b80, 0x0000000004325218]
Event: 18.575 Thread 0x0000000018320800 7333   !   3       com.sun.org.apache.xerces.internal.parsers.XML11Configuration::<init> (1045 bytes)

GC Heap History (10 events):
Event: 7.626 GC heap before
{Heap before GC invocations=12 (full 1):
 PSYoungGen      total 95232K, used 31251K [0x00000000e0000000, 0x00000000e6800000, 0x0000000100000000)
  eden space 87552K, 26% used [0x00000000e0000000,0x00000000e17077f8,0x00000000e5580000)
  from space 7680K, 99% used [0x00000000e5e80000,0x00000000e65fd7a8,0x00000000e6600000)
  to   space 9216K, 0% used [0x00000000e5580000,0x00000000e5580000,0x00000000e5e80000)
 ParOldGen       total 35328K, used 10986K [0x00000000a0000000, 0x00000000a2280000, 0x00000000e0000000)
  object space 35328K, 31% used [0x00000000a0000000,0x00000000a0ababb0,0x00000000a2280000)
 Metaspace       used 34821K, capacity 35272K, committed 35416K, reserved 1079296K
  class space    used 4767K, capacity 4946K, committed 4992K, reserved 1048576K
Event: 7.640 GC heap after
Heap after GC invocations=12 (full 1):
 PSYoungGen      total 96768K, used 3794K [0x00000000e0000000, 0x00000000e8600000, 0x0000000100000000)
  eden space 87552K, 0% used [0x00000000e0000000,0x00000000e0000000,0x00000000e5580000)
  from space 9216K, 41% used [0x00000000e5580000,0x00000000e5934ad8,0x00000000e5e80000)
  to   space 9216K, 0% used [0x00000000e7d00000,0x00000000e7d00000,0x00000000e8600000)
 ParOldGen       total 35328K, used 16711K [0x00000000a0000000, 0x00000000a2280000, 0x00000000e0000000)
  object space 35328K, 47% used [0x00000000a0000000,0x00000000a1051fb0,0x00000000a2280000)
 Metaspace       used 34821K, capacity 35272K, committed 35416K, reserved 1079296K
  class space    used 4767K, capacity 4946K, committed 4992K, reserved 1048576K
}
Event: 7.640 GC heap before
{Heap before GC invocations=13 (full 2):
 PSYoungGen      total 96768K, used 3794K [0x00000000e0000000, 0x00000000e8600000, 0x0000000100000000)
  eden space 87552K, 0% used [0x00000000e0000000,0x00000000e0000000,0x00000000e5580000)
  from space 9216K, 41% used [0x00000000e5580000,0x00000000e5934ad8,0x00000000e5e80000)
  to   space 9216K, 0% used [0x00000000e7d00000,0x00000000e7d00000,0x00000000e8600000)
 ParOldGen       total 35328K, used 16711K [0x00000000a0000000, 0x00000000a2280000, 0x00000000e0000000)
  object space 35328K, 47% used [0x00000000a0000000,0x00000000a1051fb0,0x00000000a2280000)
 Metaspace       used 34821K, capacity 35272K, committed 35416K, reserved 1079296K
  class space    used 4767K, capacity 4946K, committed 4992K, reserved 1048576K
Event: 7.757 GC heap after
Heap after GC invocations=13 (full 2):
 PSYoungGen      total 96768K, used 0K [0x00000000e0000000, 0x00000000e8600000, 0x0000000100000000)
  eden space 87552K, 0% used [0x00000000e0000000,0x00000000e0000000,0x00000000e5580000)
  from space 9216K, 0% used [0x00000000e5580000,0x00000000e5580000,0x00000000e5e80000)
  to   space 9216K, 0% used [0x00000000e7d00000,0x00000000e7d00000,0x00000000e8600000)
 ParOldGen       total 56832K, used 16339K [0x00000000a0000000, 0x00000000a3780000, 0x00000000e0000000)
  object space 56832K, 28% used [0x00000000a0000000,0x00000000a0ff4f58,0x00000000a3780000)
 Metaspace       used 34821K, capacity 35272K, committed 35416K, reserved 1079296K
  class space    used 4767K, capacity 4946K, committed 4992K, reserved 1048576K
}
Event: 9.067 GC heap before
{Heap before GC invocations=14 (full 2):
 PSYoungGen      total 96768K, used 87552K [0x00000000e0000000, 0x00000000e8600000, 0x0000000100000000)
  eden space 87552K, 100% used [0x00000000e0000000,0x00000000e5580000,0x00000000e5580000)
  from space 9216K, 0% used [0x00000000e5580000,0x00000000e5580000,0x00000000e5e80000)
  to   space 9216K, 0% used [0x00000000e7d00000,0x00000000e7d00000,0x00000000e8600000)
 ParOldGen       total 56832K, used 16339K [0x00000000a0000000, 0x00000000a3780000, 0x00000000e0000000)
  object space 56832K, 28% used [0x00000000a0000000,0x00000000a0ff4f58,0x00000000a3780000)
 Metaspace       used 39822K, capacity 40474K, committed 40792K, reserved 1085440K
  class space    used 5413K, capacity 5644K, committed 5760K, reserved 1048576K
Event: 9.082 GC heap after
Heap after GC invocations=14 (full 2):
 PSYoungGen      total 118784K, used 9186K [0x00000000e0000000, 0x00000000e8600000, 0x0000000100000000)
  eden space 109568K, 0% used [0x00000000e0000000,0x00000000e0000000,0x00000000e6b00000)
  from space 9216K, 99% used [0x00000000e7d00000,0x00000000e85f88d8,0x00000000e8600000)
  to   space 10240K, 0% used [0x00000000e7200000,0x00000000e7200000,0x00000000e7c00000)
 ParOldGen       total 56832K, used 16347K [0x00000000a0000000, 0x00000000a3780000, 0x00000000e0000000)
  object space 56832K, 28% used [0x00000000a0000000,0x00000000a0ff6f58,0x00000000a3780000)
 Metaspace       used 39822K, capacity 40474K, committed 40792K, reserved 1085440K
  class space    used 5413K, capacity 5644K, committed 5760K, reserved 1048576K
}
Event: 10.947 GC heap before
{Heap before GC invocations=15 (full 2):
 PSYoungGen      total 118784K, used 118754K [0x00000000e0000000, 0x00000000e8600000, 0x0000000100000000)
  eden space 109568K, 100% used [0x00000000e0000000,0x00000000e6b00000,0x00000000e6b00000)
  from space 9216K, 99% used [0x00000000e7d00000,0x00000000e85f88d8,0x00000000e8600000)
  to   space 10240K, 0% used [0x00000000e7200000,0x00000000e7200000,0x00000000e7c00000)
 ParOldGen       total 56832K, used 16347K [0x00000000a0000000, 0x00000000a3780000, 0x00000000e0000000)
  object space 56832K, 28% used [0x00000000a0000000,0x00000000a0ff6f58,0x00000000a3780000)
 Metaspace       used 49322K, capacity 50634K, committed 50904K, reserved 1093632K
  class space    used 6705K, capacity 7062K, committed 7168K, reserved 1048576K
Event: 10.983 GC heap after
Heap after GC invocations=15 (full 2):
 PSYoungGen      total 126976K, used 10237K [0x00000000e0000000, 0x00000000ea180000, 0x0000000100000000)
  eden space 116736K, 0% used [0x00000000e0000000,0x00000000e0000000,0x00000000e7200000)
  from space 10240K, 99% used [0x00000000e7200000,0x00000000e7bff4f0,0x00000000e7c00000)
  to   space 13824K, 0% used [0x00000000e9400000,0x00000000e9400000,0x00000000ea180000)
 ParOldGen       total 56832K, used 22368K [0x00000000a0000000, 0x00000000a3780000, 0x00000000e0000000)
  object space 56832K, 39% used [0x00000000a0000000,0x00000000a15d80d8,0x00000000a3780000)
 Metaspace       used 49322K, capacity 50634K, committed 50904K, reserved 1093632K
  class space    used 6705K, capacity 7062K, committed 7168K, reserved 1048576K
}
Event: 15.685 GC heap before
{Heap before GC invocations=16 (full 2):
 PSYoungGen      total 126976K, used 126973K [0x00000000e0000000, 0x00000000ea180000, 0x0000000100000000)
  eden space 116736K, 100% used [0x00000000e0000000,0x00000000e7200000,0x00000000e7200000)
  from space 10240K, 99% used [0x00000000e7200000,0x00000000e7bff4f0,0x00000000e7c00000)
  to   space 13824K, 0% used [0x00000000e9400000,0x00000000e9400000,0x00000000ea180000)
 ParOldGen       total 56832K, used 22368K [0x00000000a0000000, 0x00000000a3780000, 0x00000000e0000000)
  object space 56832K, 39% used [0x00000000a0000000,0x00000000a15d80d8,0x00000000a3780000)
 Metaspace       used 54044K, capacity 55550K, committed 55896K, reserved 1097728K
  class space    used 7335K, capacity 7714K, committed 7808K, reserved 1048576K
Event: 15.719 GC heap after
Heap after GC invocations=16 (full 2):
 PSYoungGen      total 149504K, used 13624K [0x00000000e0000000, 0x00000000eab80000, 0x0000000100000000)
  eden space 135680K, 0% used [0x00000000e0000000,0x00000000e0000000,0x00000000e8480000)
  from space 13824K, 98% used [0x00000000e9400000,0x00000000ea14e0c0,0x00000000ea180000)
  to   space 15872K, 0% used [0x00000000e8480000,0x00000000e8480000,0x00000000e9400000)
 ParOldGen       total 56832K, used 32544K [0x00000000a0000000, 0x00000000a3780000, 0x00000000e0000000)
  object space 56832K, 57% used [0x00000000a0000000,0x00000000a1fc8058,0x00000000a3780000)
 Metaspace       used 54044K, capacity 55550K, committed 55896K, reserved 1097728K
  class space    used 7335K, capacity 7714K, committed 7808K, reserved 1048576K
}

Deoptimization events (10 events):
Event: 16.358 Thread 0x0000000019052000 Uncommon trap: reason=bimorphic action=maybe_recompile pc=0x0000000003e81c1c method=java.util.Arrays.binarySearch0([Ljava/lang/Object;IILjava/lang/Object;Ljava/util/Comparator;)I @ 48
Event: 16.358 Thread 0x0000000019052000 Uncommon trap: reason=bimorphic action=maybe_recompile pc=0x0000000003e81c1c method=java.util.Arrays.binarySearch0([Ljava/lang/Object;IILjava/lang/Object;Ljava/util/Comparator;)I @ 48
Event: 16.358 Thread 0x0000000019052000 Uncommon trap: reason=bimorphic action=maybe_recompile pc=0x0000000003e81c1c method=java.util.Arrays.binarySearch0([Ljava/lang/Object;IILjava/lang/Object;Ljava/util/Comparator;)I @ 48
Event: 16.408 Thread 0x0000000019052000 Uncommon trap: reason=unstable_if action=reinterpret pc=0x0000000003a02b8c method=sun.java2d.pisces.Renderer$ScanlineIterator.next()I @ 134
Event: 16.576 Thread 0x000000001905b000 Uncommon trap: reason=class_check action=maybe_recompile pc=0x000000000367b058 method=com.sun.org.apache.xerces.internal.dom.NamedNodeMapImpl.findNamePoint(Ljava/lang/String;I)I @ 54
Event: 16.576 Thread 0x000000001905b000 Uncommon trap: reason=class_check action=maybe_recompile pc=0x000000000367b058 method=com.sun.org.apache.xerces.internal.dom.NamedNodeMapImpl.findNamePoint(Ljava/lang/String;I)I @ 54
Event: 16.576 Thread 0x000000001905b000 Uncommon trap: reason=class_check action=maybe_recompile pc=0x000000000367b058 method=com.sun.org.apache.xerces.internal.dom.NamedNodeMapImpl.findNamePoint(Ljava/lang/String;I)I @ 54
Event: 16.576 Thread 0x000000001905b000 Uncommon trap: reason=class_check action=maybe_recompile pc=0x000000000367b058 method=com.sun.org.apache.xerces.internal.dom.NamedNodeMapImpl.findNamePoint(Ljava/lang/String;I)I @ 54
Event: 16.932 Thread 0x0000000019058000 Uncommon trap: reason=unstable_if action=reinterpret pc=0x000000000428f3e0 method=com.sun.org.apache.xerces.internal.dom.NodeImpl.isOwned(Z)V @ 2
Event: 17.929 Thread 0x0000000019058000 Uncommon trap: reason=null_check action=make_not_entrant pc=0x0000000003a1f8ac method=com.android.ide.common.res2.NodeUtils.processSingleNodeNamespace(Lorg/w3c/dom/Node;Lorg/w3c/dom/Document;)Z @ 8

Classes redefined (0 events):
No events

Internal exceptions (10 events):
Event: 16.081 Thread 0x0000000019058000 Exception <a 'java/lang/NoSuchMethodError': <clinit>> (0x00000000e0c93898) thrown at [D:\src\AOSP-openjdk-cygwin\jdk8u\hotspot\src\share\vm\prims\jni.cpp, line 1613]
Event: 16.082 Thread 0x0000000019058000 Exception <a 'java/lang/NoSuchMethodError': <clinit>> (0x00000000e0c9b7e0) thrown at [D:\src\AOSP-openjdk-cygwin\jdk8u\hotspot\src\share\vm\prims\jni.cpp, line 1613]
Event: 16.082 Thread 0x0000000019058000 Exception <a 'java/lang/NoSuchMethodError': <clinit>> (0x00000000e0c9e920) thrown at [D:\src\AOSP-openjdk-cygwin\jdk8u\hotspot\src\share\vm\prims\jni.cpp, line 1613]
Event: 16.083 Thread 0x0000000019058000 Exception <a 'java/lang/NoSuchMethodError': <clinit>> (0x00000000e0cb2cd0) thrown at [D:\src\AOSP-openjdk-cygwin\jdk8u\hotspot\src\share\vm\prims\jni.cpp, line 1613]
Event: 16.085 Thread 0x0000000019058000 Exception <a 'java/lang/NoSuchMethodError': <clinit>> (0x00000000e0cccc70) thrown at [D:\src\AOSP-openjdk-cygwin\jdk8u\hotspot\src\share\vm\prims\jni.cpp, line 1613]
Event: 16.086 Thread 0x0000000019058000 Exception <a 'java/lang/NoSuchMethodError': <clinit>> (0x00000000e0cdf4f8) thrown at [D:\src\AOSP-openjdk-cygwin\jdk8u\hotspot\src\share\vm\prims\jni.cpp, line 1613]
Event: 16.270 Thread 0x0000000019052000 Exception <a 'java/io/FileNotFoundException'> (0x00000000e1fe79f0) thrown at [D:\src\AOSP-openjdk-cygwin\jdk8u\hotspot\src\share\vm\prims\jni.cpp, line 709]
Event: 16.299 Thread 0x0000000019052000 Exception <a 'java/lang/ClassNotFoundException': sun/dc/DuctusRenderingEngine> (0x00000000e22451b8) thrown at [D:\src\AOSP-openjdk-cygwin\jdk8u\hotspot\src\share\vm\classfile\systemDictionary.cpp, line 210]
Event: 16.322 Thread 0x0000000019052000 Exception <a 'java/io/FileNotFoundException'> (0x00000000e2259870) thrown at [D:\src\AOSP-openjdk-cygwin\jdk8u\hotspot\src\share\vm\prims\jni.cpp, line 709]
Event: 17.929 Thread 0x0000000019058000 Implicit null exception at 0x0000000003a1f557 to 0x0000000003a1f89d

Events (10 events):
Event: 17.934 Executing VM operation: RevokeBias
Event: 17.934 Executing VM operation: RevokeBias done
Event: 17.934 Executing VM operation: RevokeBias
Event: 17.934 Executing VM operation: RevokeBias done
Event: 17.957 Executing VM operation: RevokeBias
Event: 17.958 Executing VM operation: RevokeBias done
Event: 17.972 Executing VM operation: RevokeBias
Event: 17.973 Executing VM operation: RevokeBias done
Event: 18.076 Thread 0x0000000019058000 DEOPT PACKING pc=0x00000000046cfcb3 sp=0x00000000238dc740
Event: 18.076 Thread 0x0000000019058000 DEOPT UNPACKING pc=0x00000000035775d0 sp=0x00000000238dc548 mode 0


Dynamic libraries:
0x00007ff66ca40000 - 0x00007ff66ca71000 	C:\Program Files\Android\Android Studio\jre\bin\java.exe
0x00007fff80510000 - 0x00007fff806f1000 	C:\WINDOWS\SYSTEM32\ntdll.dll
0x00007fff7e470000 - 0x00007fff7e522000 	C:\WINDOWS\System32\KERNEL32.DLL
0x00007fff7caa0000 - 0x00007fff7cd13000 	C:\WINDOWS\System32\KERNELBASE.dll
0x00007fff7e240000 - 0x00007fff7e2e1000 	C:\WINDOWS\System32\ADVAPI32.dll
0x00007fff7e590000 - 0x00007fff7e62e000 	C:\WINDOWS\System32\msvcrt.dll
0x00007fff7e6b0000 - 0x00007fff7e70b000 	C:\WINDOWS\System32\sechost.dll
0x00007fff800d0000 - 0x00007fff801f4000 	C:\WINDOWS\System32\RPCRT4.dll
0x00007fff80350000 - 0x00007fff804e0000 	C:\WINDOWS\System32\USER32.dll
0x00007fff7ca80000 - 0x00007fff7caa0000 	C:\WINDOWS\System32\win32u.dll
0x00007fff80320000 - 0x00007fff80348000 	C:\WINDOWS\System32\GDI32.dll
0x00007fff7c8e0000 - 0x00007fff7ca72000 	C:\WINDOWS\System32\gdi32full.dll
0x00007fff7d710000 - 0x00007fff7d7af000 	C:\WINDOWS\System32\msvcp_win.dll
0x00007fff7d610000 - 0x00007fff7d70a000 	C:\WINDOWS\System32\ucrtbase.dll
0x00007fff6ee30000 - 0x00007fff6f099000 	C:\WINDOWS\WinSxS\amd64_microsoft.windows.common-controls_6595b64144ccf1df_6.0.17134.112_none_fb3f961b30681c12\COMCTL32.dll
0x00007fff7dd90000 - 0x00007fff7e0b3000 	C:\WINDOWS\System32\combase.dll
0x00007fff7cd20000 - 0x00007fff7cd9a000 	C:\WINDOWS\System32\bcryptPrimitives.dll
0x00007fff802f0000 - 0x00007fff8031d000 	C:\WINDOWS\System32\IMM32.DLL
0x0000000065f70000 - 0x0000000066042000 	C:\Program Files\Android\Android Studio\jre\jre\bin\msvcr100.dll
0x0000000066cc0000 - 0x00000000674ff000 	C:\Program Files\Android\Android Studio\jre\jre\bin\server\jvm.dll
0x00007fff7e0c0000 - 0x00007fff7e0c8000 	C:\WINDOWS\System32\PSAPI.DLL
0x00007fff7b450000 - 0x00007fff7b459000 	C:\WINDOWS\SYSTEM32\WSOCK32.dll
0x00007fff6d320000 - 0x00007fff6d32a000 	C:\WINDOWS\SYSTEM32\VERSION.dll
0x00007fff784f0000 - 0x00007fff78513000 	C:\WINDOWS\SYSTEM32\WINMM.dll
0x00007fff80060000 - 0x00007fff800cc000 	C:\WINDOWS\System32\WS2_32.dll
0x00007fff784c0000 - 0x00007fff784ea000 	C:\WINDOWS\SYSTEM32\WINMMBASE.dll
0x00007fff7cda0000 - 0x00007fff7cde9000 	C:\WINDOWS\System32\cfgmgr32.dll
0x00007fff72d60000 - 0x00007fff72d6f000 	C:\Program Files\Android\Android Studio\jre\jre\bin\verify.dll
0x00007fff6eda0000 - 0x00007fff6edc9000 	C:\Program Files\Android\Android Studio\jre\jre\bin\java.dll
0x00007fff6e5a0000 - 0x00007fff6e5b6000 	C:\Program Files\Android\Android Studio\jre\jre\bin\zip.dll
0x00007fff7e710000 - 0x00007fff7fb50000 	C:\WINDOWS\System32\SHELL32.dll
0x00007fff7fb50000 - 0x00007fff7fbf9000 	C:\WINDOWS\System32\shcore.dll
0x00007fff7ce50000 - 0x00007fff7d55d000 	C:\WINDOWS\System32\windows.storage.dll
0x00007fff7e650000 - 0x00007fff7e6a1000 	C:\WINDOWS\System32\shlwapi.dll
0x00007fff7c8c0000 - 0x00007fff7c8d1000 	C:\WINDOWS\System32\kernel.appcore.dll
0x00007fff7c8a0000 - 0x00007fff7c8bf000 	C:\WINDOWS\System32\profapi.dll
0x00007fff7c830000 - 0x00007fff7c87c000 	C:\WINDOWS\System32\powrprof.dll
0x00007fff7c820000 - 0x00007fff7c82a000 	C:\WINDOWS\System32\FLTLIB.DLL
0x00007fff6dc40000 - 0x00007fff6dc5a000 	C:\Program Files\Android\Android Studio\jre\jre\bin\net.dll
0x00007fff7c0a0000 - 0x00007fff7c106000 	C:\WINDOWS\system32\mswsock.dll
0x00007fff6e000000 - 0x00007fff6e011000 	C:\Program Files\Android\Android Studio\jre\jre\bin\nio.dll
0x00007fff537e0000 - 0x00007fff537fe000 	C:\Users\Ren\.gradle\native\25\windows-amd64\native-platform.dll
0x00007fff785c0000 - 0x00007fff785cd000 	C:\Program Files\Android\Android Studio\jre\jre\bin\management.dll
0x00007fff7c250000 - 0x00007fff7c267000 	C:\WINDOWS\SYSTEM32\CRYPTSP.dll
0x00007fff7bc80000 - 0x00007fff7bcb3000 	C:\WINDOWS\system32\rsaenh.dll
0x00007fff7c380000 - 0x00007fff7c3a5000 	C:\WINDOWS\SYSTEM32\bcrypt.dll
0x00007fff7c750000 - 0x00007fff7c778000 	C:\WINDOWS\SYSTEM32\USERENV.dll
0x00007fff7c270000 - 0x00007fff7c27b000 	C:\WINDOWS\SYSTEM32\CRYPTBASE.dll
0x00007fff7be20000 - 0x00007fff7be58000 	C:\WINDOWS\SYSTEM32\IPHLPAPI.DLL
0x00007fff80050000 - 0x00007fff80058000 	C:\WINDOWS\System32\NSI.dll
0x00007fff75880000 - 0x00007fff75896000 	C:\WINDOWS\SYSTEM32\dhcpcsvc6.DLL
0x00007fff75860000 - 0x00007fff7587a000 	C:\WINDOWS\SYSTEM32\dhcpcsvc.DLL
0x00007fff4f1c0000 - 0x00007fff4f356000 	C:\Program Files\Android\Android Studio\jre\jre\bin\awt.dll
0x00007fff7daa0000 - 0x00007fff7db62000 	C:\WINDOWS\System32\OLEAUT32.dll
0x00007fff78980000 - 0x00007fff78f47000 	C:\WINDOWS\SYSTEM32\d2d1.dll
0x00007fff79ee0000 - 0x00007fff79f6b000 	C:\WINDOWS\SYSTEM32\apphelp.dll
0x00007fff7ac10000 - 0x00007fff7ac39000 	C:\WINDOWS\system32\DWMAPI.DLL
0x00007fff7a0e0000 - 0x00007fff7a178000 	C:\WINDOWS\system32\uxtheme.dll

VM Arguments:
jvm_args: -Xmx1536m -Dfile.encoding=GBK -Duser.country=US -Duser.language=en -Duser.variant 
java_command: org.gradle.launcher.daemon.bootstrap.GradleDaemon 4.4
java_class_path (initial): C:\Users\Ren\.gradle\wrapper\dists\gradle-4.4-all\9br9xq1tocpiv8o6njlyu5op1\gradle-4.4\lib\gradle-launcher-4.4.jar
Launcher Type: SUN_STANDARD

Environment Variables:
PATH=C:\Program Files (x86)\Intel\iCLS Client\;C:\Program Files\Intel\iCLS Client\;C:\Program Files\Microsoft MPI\Bin\;C:\Program Files\Dell\DW WLAN Card;C:\ProgramData\Oracle\Java\javapath;C:\WINDOWS\system32;C:\WINDOWS;C:\WINDOWS\System32\Wbem;C:\WINDOWS\System32\WindowsPowerShell\v1.0\;C:\Program Files\WIDCOMM\Bluetooth Software\;C:\Program Files\WIDCOMM\Bluetooth Software\syswow64;C:\Program Files\Git\cmd;C:\Program Files (x86)\Windows Kits\8.1\Windows Performance Toolkit\;C:\Program Files (x86)\GtkSharp\2.12\bin;C:\HashiCorp\Vagrant\bin;C:\Program Files\nodejs\;C:\WINDOWS\System32\OpenSSH\;C:\Program Files (x86)\Intel\Intel(R) Management Engine Components\DAL;C:\Program Files\Intel\Intel(R) Management Engine Components\DAL;C:\Program Files (x86)\Intel\Intel(R) Management Engine Components\IPT;C:\Program Files\Intel\Intel(R) Management Engine Components\IPT;C:\Program Files (x86)\Yarn\bin\;C:\altera\15.1\modelsim_ase\win32aloem;C:\Users\Ren\AppData\Local\Microsoft\WindowsApps;C:\Users\Ren\AppData\Local\atom\bin;C:\Users\Ren\AppData\Local\Microsoft\WindowsApps;C:\Users\Ren\Anaconda3;C:\Users\Ren\Anaconda3\Scripts;C:\Program Files (x86)\Windows Kits\10\bin\x64;C:\Users\Ren\Anaconda3\Lib\site-packages;C:\Users\Ren\AppData\Roaming\npm;C:\Users\Ren\AppData\Local\Yarn\bin
USERNAME=Ren
OS=Windows_NT
PROCESSOR_IDENTIFIER=Intel64 Family 6 Model 61 Stepping 4, GenuineIntel



---------------  S Y S T E M  ---------------

OS: Windows 10.0 , 64 bit Build 17134 (10.0.17134.1)

CPU:total 4 (initial active 4) (2 cores per cpu, 2 threads per core) family 6 model 61 stepping 4, cmov, cx8, fxsr, mmx, sse, sse2, sse3, ssse3, sse4.1, sse4.2, popcnt, avx, avx2, aes, clmul, erms, 3dnowpref, lzcnt, ht, tsc, tscinvbit, bmi1, bmi2, adx

Memory: 4k page, physical 4096716k(327904k free), swap 5530316k(6408k free)

vm_info: OpenJDK 64-Bit Server VM (25.152-b02) for windows-amd64 JRE (1.8.0_152-release-1024-b02), built by "builder" with MS VC++ 10.0 (VS2010)

time: Sat Jun 30 16:46:12 2018
elapsed time: 18 seconds (0d 0h 0m 18s)

