#
# There is insufficient memory for the Java Runtime Environment to continue.
# Native memory allocation (malloc) failed to allocate 1406960 bytes for Chunk::new
# Possible reasons:
#   The system is out of physical RAM or swap space
#   In 32 bit mode, the process size limit was hit
# Possible solutions:
#   Reduce memory load on the system
#   Increase physical memory or swap space
#   Check if swap backing store is full
#   Use 64 bit Java on a 64 bit OS
#   Decrease Java heap size (-Xmx/-Xms)
#   Decrease number of Java threads
#   Decrease Java thread stack sizes (-Xss)
#   Set larger code cache with -XX:ReservedCodeCacheSize=
# This output file may be truncated or incomplete.
#
#  Out of Memory Error (allocation.cpp:390), pid=3468, tid=0x0000000000002610
#
# JRE version: OpenJDK Runtime Environment (8.0_152-b02) (build 1.8.0_152-release-1024-b02)
# Java VM: OpenJDK 64-Bit Server VM (25.152-b02 mixed mode windows-amd64 compressed oops)
# Failed to write core dump. Minidumps are not enabled by default on client versions of Windows
#

---------------  T H R E A D  ---------------

Current thread (0x0000000016dc2800):  JavaThread "C2 CompilerThread0" daemon [_thread_in_native, id=9744, stack(0x00000000187f0000,0x00000000188f0000)]

Stack: [0x00000000187f0000,0x00000000188f0000]
[error occurred during error reporting (printing stack bounds), id 0xc0000005]

Native frames: (J=compiled Java code, j=interpreted, Vv=VM code, C=native code)


Current CompileTask:
C2:   4783 1745       4       java.net.URLClassLoader$1::run (5 bytes)


---------------  P R O C E S S  ---------------

Java Threads: ( => current thread )
  0x000000001820e000 JavaThread "Cache worker for Artifact transforms cache (C:\Users\Ren\.gradle\caches\transforms-1)" [_thread_blocked, id=9020, stack(0x000000001daa0000,0x000000001dba0000)]
  0x0000000019f1f000 JavaThread "Cache worker for file hash cache (C:\Users\Ren\Documents\EasyOnlineConverter\.gradle\4.4\fileHashes)" [_thread_blocked, id=2972, stack(0x000000001c5d0000,0x000000001c6d0000)]
  0x0000000019ff5800 JavaThread "File lock request listener" [_thread_in_native, id=10052, stack(0x000000001b500000,0x000000001b600000)]
  0x0000000019e46000 JavaThread "Cache worker for file hash cache (C:\Users\Ren\.gradle\caches\4.4\fileHashes)" [_thread_blocked, id=8112, stack(0x000000001b400000,0x000000001b500000)]
  0x0000000019da4000 JavaThread "Stdin handler" [_thread_blocked, id=6320, stack(0x000000001b100000,0x000000001b200000)]
  0x0000000019dac000 JavaThread "Asynchronous log dispatcher for DefaultDaemonConnection: socket connection from /127.0.0.1:50108 to /127.0.0.1:50109" [_thread_blocked, id=2148, stack(0x000000001b000000,0x000000001b100000)]
  0x0000000019da6000 JavaThread "Daemon worker" [_thread_in_native, id=520, stack(0x000000001af00000,0x000000001b000000)]
  0x0000000019da5000 JavaThread "Cancel handler" [_thread_blocked, id=8724, stack(0x000000001ae00000,0x000000001af00000)]
  0x0000000019b38000 JavaThread "Handler for socket connection from /127.0.0.1:50108 to /127.0.0.1:50109" [_thread_in_native, id=8924, stack(0x000000001ab00000,0x000000001ac00000)]
  0x0000000019b2b800 JavaThread "Daemon" [_thread_blocked, id=1316, stack(0x000000001aa00000,0x000000001ab00000)]
  0x000000001985e000 JavaThread "Daemon periodic checks" [_thread_blocked, id=7884, stack(0x000000001a900000,0x000000001aa00000)]
  0x000000001999d000 JavaThread "Incoming local TCP Connector on port 50108" [_thread_in_native, id=9828, stack(0x000000001a6c0000,0x000000001a7c0000)]
  0x0000000018243800 JavaThread "Service Thread" daemon [_thread_blocked, id=5212, stack(0x0000000018af0000,0x0000000018bf0000)]
  0x000000001820b000 JavaThread "C1 CompilerThread2" daemon [_thread_blocked, id=7980, stack(0x00000000189f0000,0x0000000018af0000)]
  0x00000000181fa000 JavaThread "C2 CompilerThread1" daemon [_thread_in_native, id=9640, stack(0x00000000188f0000,0x00000000189f0000)]
=>0x0000000016dc2800 JavaThread "C2 CompilerThread0" daemon [_thread_in_native, id=9744, stack(0x00000000187f0000,0x00000000188f0000)]
  0x0000000016dc1800 JavaThread "Attach Listener" daemon [_thread_blocked, id=5292, stack(0x00000000186f0000,0x00000000187f0000)]
  0x00000000181f8800 JavaThread "Signal Dispatcher" daemon [_thread_blocked, id=8152, stack(0x00000000185f0000,0x00000000186f0000)]
  0x000000000343c800 JavaThread "Finalizer" daemon [_thread_blocked, id=9412, stack(0x0000000018000000,0x0000000018100000)]
  0x0000000003431800 JavaThread "Reference Handler" daemon [_thread_blocked, id=1156, stack(0x0000000017f00000,0x0000000018000000)]
  0x0000000003342800 JavaThread "main" [_thread_blocked, id=8464, stack(0x00000000031a0000,0x00000000032a0000)]

Other Threads:
  0x0000000016d76000 VMThread [stack: 0x0000000017e00000,0x0000000017f00000] [id=1820]
  0x0000000018244000 WatcherThread [stack: 0x0000000018bf0000,0x0000000018cf0000] [id=9628]

VM state:not at safepoint (normal execution)

VM Mutex/Monitor currently owned by a thread: None

Heap:
 PSYoungGen      total 72704K, used 33321K [0x00000000e0000000, 0x00000000e4e00000, 0x0000000100000000)
  eden space 65536K, 50% used [0x00000000e0000000,0x00000000e208a470,0x00000000e4000000)
  from space 7168K, 0% used [0x00000000e4700000,0x00000000e4700000,0x00000000e4e00000)
  to   space 7168K, 0% used [0x00000000e4000000,0x00000000e4000000,0x00000000e4700000)
 ParOldGen       total 34304K, used 9246K [0x00000000a0000000, 0x00000000a2180000, 0x00000000e0000000)
  object space 34304K, 26% used [0x00000000a0000000,0x00000000a09079a8,0x00000000a2180000)
 Metaspace       used 23901K, capacity 24328K, committed 24576K, reserved 1071104K
  class space    used 3287K, capacity 3463K, committed 3584K, reserved 1048576K

Card table byte_map: [0x0000000012800000,0x0000000012b10000] byte_map_base: 0x0000000012300000

Marking Bits: (ParMarkBitMap*) 0x0000000067484970
 Begin Bits: [0x0000000013110000, 0x0000000014910000)
 End Bits:   [0x0000000014910000, 0x0000000016110000)

Polling page: 0x00000000015c0000

CodeCache: size=245760Kb used=7455Kb max_used=7455Kb free=238304Kb
 bounds [0x0000000003440000, 0x0000000003b90000, 0x0000000012440000]
 total_blobs=2568 nmethods=1936 adapters=545
 compilation: enabled

Compilation events (10 events):
Event: 4.773 Thread 0x000000001820b000 1954       3       org.objectweb.asm.MethodWriter::visitFrame (233 bytes)
Event: 4.774 Thread 0x000000001820b000 nmethod 1954 0x0000000003b86990 code [0x0000000003b86b60, 0x0000000003b87358]
Event: 4.775 Thread 0x000000001820b000 1955       3       org.objectweb.asm.MethodWriter::noSuccessor (87 bytes)
Event: 4.776 Thread 0x000000001820b000 nmethod 1955 0x0000000003b87890 code [0x0000000003b87a20, 0x0000000003b87f08]
Event: 4.776 Thread 0x000000001820b000 1956       3       org.objectweb.asm.Type::getType (107 bytes)
Event: 4.777 Thread 0x000000001820b000 nmethod 1956 0x0000000003b88150 code [0x0000000003b88380, 0x0000000003b88f68]
Event: 4.777 Thread 0x000000001820b000 1958       3       org.objectweb.asm.ByteVector::putInt (74 bytes)
Event: 4.777 Thread 0x000000001820b000 nmethod 1958 0x0000000003b89390 code [0x0000000003b89500, 0x0000000003b89788]
Event: 4.777 Thread 0x000000001820b000 1957       3       org.objectweb.asm.Type::getDescriptor (18 bytes)
Event: 4.777 Thread 0x000000001820b000 nmethod 1957 0x0000000003b89950 code [0x0000000003b89ae0, 0x0000000003b89fd8]

GC Heap History (10 events):
Event: 2.827 GC heap before
{Heap before GC invocations=5 (full 0):
 PSYoungGen      total 18944K, used 18920K [0x00000000e0000000, 0x00000000e1500000, 0x0000000100000000)
  eden space 16384K, 100% used [0x00000000e0000000,0x00000000e1000000,0x00000000e1000000)
  from space 2560K, 99% used [0x00000000e1280000,0x00000000e14fa040,0x00000000e1500000)
  to   space 2560K, 0% used [0x00000000e1000000,0x00000000e1000000,0x00000000e1280000)
 ParOldGen       total 44032K, used 3904K [0x00000000a0000000, 0x00000000a2b00000, 0x00000000e0000000)
  object space 44032K, 8% used [0x00000000a0000000,0x00000000a03d03c0,0x00000000a2b00000)
 Metaspace       used 13070K, capacity 13362K, committed 13568K, reserved 1060864K
  class space    used 1778K, capacity 1929K, committed 2048K, reserved 1048576K
Event: 2.833 GC heap after
Heap after GC invocations=5 (full 0):
 PSYoungGen      total 18944K, used 2552K [0x00000000e0000000, 0x00000000e2b00000, 0x0000000100000000)
  eden space 16384K, 0% used [0x00000000e0000000,0x00000000e0000000,0x00000000e1000000)
  from space 2560K, 99% used [0x00000000e1000000,0x00000000e127e070,0x00000000e1280000)
  to   space 5632K, 0% used [0x00000000e2580000,0x00000000e2580000,0x00000000e2b00000)
 ParOldGen       total 44032K, used 5690K [0x00000000a0000000, 0x00000000a2b00000, 0x00000000e0000000)
  object space 44032K, 12% used [0x00000000a0000000,0x00000000a058eb80,0x00000000a2b00000)
 Metaspace       used 13070K, capacity 13362K, committed 13568K, reserved 1060864K
  class space    used 1778K, capacity 1929K, committed 2048K, reserved 1048576K
}
Event: 3.041 GC heap before
{Heap before GC invocations=6 (full 0):
 PSYoungGen      total 18944K, used 18936K [0x00000000e0000000, 0x00000000e2b00000, 0x0000000100000000)
  eden space 16384K, 100% used [0x00000000e0000000,0x00000000e1000000,0x00000000e1000000)
  from space 2560K, 99% used [0x00000000e1000000,0x00000000e127e070,0x00000000e1280000)
  to   space 5632K, 0% used [0x00000000e2580000,0x00000000e2580000,0x00000000e2b00000)
 ParOldGen       total 44032K, used 5690K [0x00000000a0000000, 0x00000000a2b00000, 0x00000000e0000000)
  object space 44032K, 12% used [0x00000000a0000000,0x00000000a058eb80,0x00000000a2b00000)
 Metaspace       used 14561K, capacity 14870K, committed 14976K, reserved 1062912K
  class space    used 2032K, capacity 2155K, committed 2176K, reserved 1048576K
Event: 3.049 GC heap after
Heap after GC invocations=6 (full 0):
 PSYoungGen      total 38400K, used 4667K [0x00000000e0000000, 0x00000000e2b00000, 0x0000000100000000)
  eden space 32768K, 0% used [0x00000000e0000000,0x00000000e0000000,0x00000000e2000000)
  from space 5632K, 82% used [0x00000000e2580000,0x00000000e2a0ee00,0x00000000e2b00000)
  to   space 5632K, 0% used [0x00000000e2000000,0x00000000e2000000,0x00000000e2580000)
 ParOldGen       total 44032K, used 5690K [0x00000000a0000000, 0x00000000a2b00000, 0x00000000e0000000)
  object space 44032K, 12% used [0x00000000a0000000,0x00000000a058eb80,0x00000000a2b00000)
 Metaspace       used 14561K, capacity 14870K, committed 14976K, reserved 1062912K
  class space    used 2032K, capacity 2155K, committed 2176K, reserved 1048576K
}
Event: 3.692 GC heap before
{Heap before GC invocations=7 (full 0):
 PSYoungGen      total 38400K, used 37435K [0x00000000e0000000, 0x00000000e2b00000, 0x0000000100000000)
  eden space 32768K, 100% used [0x00000000e0000000,0x00000000e2000000,0x00000000e2000000)
  from space 5632K, 82% used [0x00000000e2580000,0x00000000e2a0ee00,0x00000000e2b00000)
  to   space 5632K, 0% used [0x00000000e2000000,0x00000000e2000000,0x00000000e2580000)
 ParOldGen       total 44032K, used 5690K [0x00000000a0000000, 0x00000000a2b00000, 0x00000000e0000000)
  object space 44032K, 12% used [0x00000000a0000000,0x00000000a058eb80,0x00000000a2b00000)
 Metaspace       used 17770K, capacity 18154K, committed 18304K, reserved 1064960K
  class space    used 2562K, capacity 2685K, committed 2688K, reserved 1048576K
Event: 3.712 GC heap after
Heap after GC invocations=7 (full 0):
 PSYoungGen      total 38400K, used 5628K [0x00000000e0000000, 0x00000000e4e00000, 0x0000000100000000)
  eden space 32768K, 0% used [0x00000000e0000000,0x00000000e0000000,0x00000000e2000000)
  from space 5632K, 99% used [0x00000000e2000000,0x00000000e257f210,0x00000000e2580000)
  to   space 7168K, 0% used [0x00000000e4700000,0x00000000e4700000,0x00000000e4e00000)
 ParOldGen       total 44032K, used 7160K [0x00000000a0000000, 0x00000000a2b00000, 0x00000000e0000000)
  object space 44032K, 16% used [0x00000000a0000000,0x00000000a06fe288,0x00000000a2b00000)
 Metaspace       used 17770K, capacity 18154K, committed 18304K, reserved 1064960K
  class space    used 2562K, capacity 2685K, committed 2688K, reserved 1048576K
}
Event: 4.120 GC heap before
{Heap before GC invocations=8 (full 0):
 PSYoungGen      total 38400K, used 19064K [0x00000000e0000000, 0x00000000e4e00000, 0x0000000100000000)
  eden space 32768K, 41% used [0x00000000e0000000,0x00000000e0d1f090,0x00000000e2000000)
  from space 5632K, 99% used [0x00000000e2000000,0x00000000e257f210,0x00000000e2580000)
  to   space 7168K, 0% used [0x00000000e4700000,0x00000000e4700000,0x00000000e4e00000)
 ParOldGen       total 44032K, used 7160K [0x00000000a0000000, 0x00000000a2b00000, 0x00000000e0000000)
  object space 44032K, 16% used [0x00000000a0000000,0x00000000a06fe288,0x00000000a2b00000)
 Metaspace       used 20779K, capacity 21200K, committed 21248K, reserved 1067008K
  class space    used 2897K, capacity 3039K, committed 3072K, reserved 1048576K
Event: 4.127 GC heap after
Heap after GC invocations=8 (full 0):
 PSYoungGen      total 72704K, used 4828K [0x00000000e0000000, 0x00000000e4e00000, 0x0000000100000000)
  eden space 65536K, 0% used [0x00000000e0000000,0x00000000e0000000,0x00000000e4000000)
  from space 7168K, 67% used [0x00000000e4700000,0x00000000e4bb7198,0x00000000e4e00000)
  to   space 7168K, 0% used [0x00000000e4000000,0x00000000e4000000,0x00000000e4700000)
 ParOldGen       total 44032K, used 8148K [0x00000000a0000000, 0x00000000a2b00000, 0x00000000e0000000)
  object space 44032K, 18% used [0x00000000a0000000,0x00000000a07f5350,0x00000000a2b00000)
 Metaspace       used 20779K, capacity 21200K, committed 21248K, reserved 1067008K
  class space    used 2897K, capacity 3039K, committed 3072K, reserved 1048576K
}
Event: 4.127 GC heap before
{Heap before GC invocations=9 (full 1):
 PSYoungGen      total 72704K, used 4828K [0x00000000e0000000, 0x00000000e4e00000, 0x0000000100000000)
  eden space 65536K, 0% used [0x00000000e0000000,0x00000000e0000000,0x00000000e4000000)
  from space 7168K, 67% used [0x00000000e4700000,0x00000000e4bb7198,0x00000000e4e00000)
  to   space 7168K, 0% used [0x00000000e4000000,0x00000000e4000000,0x00000000e4700000)
 ParOldGen       total 44032K, used 8148K [0x00000000a0000000, 0x00000000a2b00000, 0x00000000e0000000)
  object space 44032K, 18% used [0x00000000a0000000,0x00000000a07f5350,0x00000000a2b00000)
 Metaspace       used 20779K, capacity 21200K, committed 21248K, reserved 1067008K
  class space    used 2897K, capacity 3039K, committed 3072K, reserved 1048576K
Event: 4.173 GC heap after
Heap after GC invocations=9 (full 1):
 PSYoungGen      total 72704K, used 0K [0x00000000e0000000, 0x00000000e4e00000, 0x0000000100000000)
  eden space 65536K, 0% used [0x00000000e0000000,0x00000000e0000000,0x00000000e4000000)
  from space 7168K, 0% used [0x00000000e4700000,0x00000000e4700000,0x00000000e4e00000)
  to   space 7168K, 0% used [0x00000000e4000000,0x00000000e4000000,0x00000000e4700000)
 ParOldGen       total 34304K, used 9246K [0x00000000a0000000, 0x00000000a2180000, 0x00000000e0000000)
  object space 34304K, 26% used [0x00000000a0000000,0x00000000a09079a8,0x00000000a2180000)
 Metaspace       used 20779K, capacity 21200K, committed 21248K, reserved 1067008K
  class space    used 2897K, capacity 3039K, committed 3072K, reserved 1048576K
}

Deoptimization events (10 events):
Event: 3.799 Thread 0x0000000019da6000 Uncommon trap: reason=class_check action=maybe_recompile pc=0x00000000035e8220 method=java.lang.String.equals(Ljava/lang/Object;)Z @ 8
Event: 3.915 Thread 0x0000000019da6000 Uncommon trap: reason=class_check action=maybe_recompile pc=0x000000000360dab0 method=sun.misc.URLClassPath.getLoader(I)Lsun/misc/URLClassPath$Loader; @ 94
Event: 3.915 Thread 0x0000000019da6000 Uncommon trap: reason=class_check action=maybe_recompile pc=0x000000000374716c method=sun.misc.URLClassPath.getResource(Ljava/lang/String;Z)Lsun/misc/Resource; @ 62
Event: 4.287 Thread 0x0000000019da6000 Uncommon trap: reason=class_check action=maybe_recompile pc=0x000000000360dc54 method=sun.misc.URLClassPath.getLoader(I)Lsun/misc/URLClassPath$Loader; @ 239
Event: 4.301 Thread 0x0000000019da6000 Uncommon trap: reason=class_check action=maybe_recompile pc=0x000000000360dc54 method=sun.misc.URLClassPath.getLoader(I)Lsun/misc/URLClassPath$Loader; @ 239
Event: 4.335 Thread 0x0000000019da6000 Uncommon trap: reason=class_check action=maybe_recompile pc=0x000000000360dc54 method=sun.misc.URLClassPath.getLoader(I)Lsun/misc/URLClassPath$Loader; @ 239
Event: 4.464 Thread 0x0000000019da6000 Uncommon trap: reason=class_check action=maybe_recompile pc=0x000000000360acc4 method=sun.misc.URLClassPath.getLoader(I)Lsun/misc/URLClassPath$Loader; @ 239
Event: 4.519 Thread 0x0000000019da6000 Uncommon trap: reason=unstable_if action=reinterpret pc=0x0000000003859fa0 method=java.util.HashMap.hash(Ljava/lang/Object;)I @ 1
Event: 4.531 Thread 0x0000000019da6000 Uncommon trap: reason=unstable_if action=reinterpret pc=0x00000000037513a8 method=java.util.HashMap.hash(Ljava/lang/Object;)I @ 1
Event: 4.606 Thread 0x0000000019da6000 Uncommon trap: reason=unstable_if action=reinterpret pc=0x00000000036b978c method=java.io.WinNTFileSystem.resolve(Ljava/lang/String;Ljava/lang/String;)Ljava/lang/String; @ 49

Classes redefined (0 events):
No events

Internal exceptions (10 events):
Event: 4.339 Thread 0x0000000019da6000 Exception <a 'java/lang/ClassNotFoundException': groovy/lang/Closure$1BeanInfo> (0x00000000e08e20d8) thrown at [D:\src\AOSP-openjdk-cygwin\jdk8u\hotspot\src\share\vm\classfile\systemDictionary.cpp, line 210]
Event: 4.339 Thread 0x0000000019da6000 Exception <a 'java/lang/ClassNotFoundException': groovy/lang/ClosureBeanInfo> (0x00000000e08fa878) thrown at [D:\src\AOSP-openjdk-cygwin\jdk8u\hotspot\src\share\vm\classfile\systemDictionary.cpp, line 210]
Event: 4.340 Thread 0x0000000019da6000 Exception <a 'java/lang/ClassNotFoundException': groovy/lang/ClosureCustomizer> (0x00000000e0913aa8) thrown at [D:\src\AOSP-openjdk-cygwin\jdk8u\hotspot\src\share\vm\classfile\systemDictionary.cpp, line 210]
Event: 4.345 Thread 0x0000000019da6000 Exception <a 'java/lang/ClassNotFoundException': groovy/lang/Closure$1Customizer> (0x00000000e09554b0) thrown at [D:\src\AOSP-openjdk-cygwin\jdk8u\hotspot\src\share\vm\classfile\systemDictionary.cpp, line 210]
Event: 4.460 Thread 0x0000000019da6000 Exception <a 'java/lang/ClassNotFoundException': org/gradle/internal/metaobject/ConfigureDelegateBeanInfo> (0x00000000e0ec2ea0) thrown at [D:\src\AOSP-openjdk-cygwin\jdk8u\hotspot\src\share\vm\classfile\systemDictionary.cpp, line 210]
Event: 4.461 Thread 0x0000000019da6000 Exception <a 'java/lang/ClassNotFoundException': org/gradle/internal/metaobject/ConfigureDelegateCustomizer> (0x00000000e0ee7700) thrown at [D:\src\AOSP-openjdk-cygwin\jdk8u\hotspot\src\share\vm\classfile\systemDictionary.cpp, line 210]
Event: 4.469 Thread 0x0000000019da6000 Exception <a 'java/lang/ClassNotFoundException': org/gradle/api/internal/initialization/DefaultScriptHandlerBeanInfo> (0x00000000e0f61030) thrown at [D:\src\AOSP-openjdk-cygwin\jdk8u\hotspot\src\share\vm\classfile\systemDictionary.cpp, line 210]
Event: 4.470 Thread 0x0000000019da6000 Exception <a 'java/lang/ClassNotFoundException': org/gradle/api/internal/initialization/DefaultScriptHandlerCustomizer> (0x00000000e0f8c7c8) thrown at [D:\src\AOSP-openjdk-cygwin\jdk8u\hotspot\src\share\vm\classfile\systemDictionary.cpp, line 210]
Event: 4.519 Thread 0x0000000019da6000 Implicit null exception at 0x0000000003859d95 to 0x0000000003859f91
Event: 4.531 Thread 0x0000000019da6000 Implicit null exception at 0x000000000375132f to 0x0000000003751399

Events (10 events):
Event: 4.763 loading class org/gradle/api/internal/AbstractNamedDomainObjectContainer$1
Event: 4.763 loading class org/gradle/api/internal/AbstractNamedDomainObjectContainer$1 done
Event: 4.764 loading class org/gradle/api/internal/artifacts/configurations/ConfigurationInternal
Event: 4.764 loading class org/gradle/api/internal/artifacts/configurations/ConfigurationInternal done
Event: 4.766 loading class org/gradle/api/artifacts/UnknownConfigurationException
Event: 4.766 loading class org/gradle/api/artifacts/UnknownConfigurationException done
Event: 4.767 loading class org/gradle/api/artifacts/Dependency
Event: 4.767 loading class org/gradle/api/artifacts/Dependency done
Event: 4.778 loading class org/gradle/api/artifacts/Configuration$Namer
Event: 4.779 loading class org/gradle/api/artifacts/Configuration$Namer done


Dynamic libraries:
0x00007ff66ca40000 - 0x00007ff66ca71000 	C:\Program Files\Android\Android Studio\jre\bin\java.exe
0x00007fff80510000 - 0x00007fff806f1000 	C:\WINDOWS\SYSTEM32\ntdll.dll
0x00007fff7e470000 - 0x00007fff7e522000 	C:\WINDOWS\System32\KERNEL32.DLL
0x00007fff7caa0000 - 0x00007fff7cd13000 	C:\WINDOWS\System32\KERNELBASE.dll
0x00007fff7e240000 - 0x00007fff7e2e1000 	C:\WINDOWS\System32\ADVAPI32.dll
0x00007fff7e590000 - 0x00007fff7e62e000 	C:\WINDOWS\System32\msvcrt.dll
0x00007fff7e6b0000 - 0x00007fff7e70b000 	C:\WINDOWS\System32\sechost.dll
0x00007fff800d0000 - 0x00007fff801f4000 	C:\WINDOWS\System32\RPCRT4.dll
0x00007fff80350000 - 0x00007fff804e0000 	C:\WINDOWS\System32\USER32.dll
0x00007fff7ca80000 - 0x00007fff7caa0000 	C:\WINDOWS\System32\win32u.dll
0x00007fff80320000 - 0x00007fff80348000 	C:\WINDOWS\System32\GDI32.dll
0x00007fff7c8e0000 - 0x00007fff7ca72000 	C:\WINDOWS\System32\gdi32full.dll
0x00007fff7d710000 - 0x00007fff7d7af000 	C:\WINDOWS\System32\msvcp_win.dll
0x00007fff7d610000 - 0x00007fff7d70a000 	C:\WINDOWS\System32\ucrtbase.dll
0x00007fff6ee30000 - 0x00007fff6f099000 	C:\WINDOWS\WinSxS\amd64_microsoft.windows.common-controls_6595b64144ccf1df_6.0.17134.112_none_fb3f961b30681c12\COMCTL32.dll
0x00007fff7dd90000 - 0x00007fff7e0b3000 	C:\WINDOWS\System32\combase.dll
0x00007fff7cd20000 - 0x00007fff7cd9a000 	C:\WINDOWS\System32\bcryptPrimitives.dll
0x00007fff802f0000 - 0x00007fff8031d000 	C:\WINDOWS\System32\IMM32.DLL
0x0000000065f70000 - 0x0000000066042000 	C:\Program Files\Android\Android Studio\jre\jre\bin\msvcr100.dll
0x0000000066cc0000 - 0x00000000674ff000 	C:\Program Files\Android\Android Studio\jre\jre\bin\server\jvm.dll
0x00007fff7e0c0000 - 0x00007fff7e0c8000 	C:\WINDOWS\System32\PSAPI.DLL
0x00007fff7b450000 - 0x00007fff7b459000 	C:\WINDOWS\SYSTEM32\WSOCK32.dll
0x00007fff784f0000 - 0x00007fff78513000 	C:\WINDOWS\SYSTEM32\WINMM.dll
0x00007fff6d320000 - 0x00007fff6d32a000 	C:\WINDOWS\SYSTEM32\VERSION.dll
0x00007fff80060000 - 0x00007fff800cc000 	C:\WINDOWS\System32\WS2_32.dll
0x00007fff784c0000 - 0x00007fff784ea000 	C:\WINDOWS\SYSTEM32\winmmbase.dll
0x00007fff7cda0000 - 0x00007fff7cde9000 	C:\WINDOWS\System32\cfgmgr32.dll
0x00007fff72d60000 - 0x00007fff72d6f000 	C:\Program Files\Android\Android Studio\jre\jre\bin\verify.dll
0x00007fff6eda0000 - 0x00007fff6edc9000 	C:\Program Files\Android\Android Studio\jre\jre\bin\java.dll
0x00007fff6e5a0000 - 0x00007fff6e5b6000 	C:\Program Files\Android\Android Studio\jre\jre\bin\zip.dll
0x00007fff7e710000 - 0x00007fff7fb50000 	C:\WINDOWS\System32\SHELL32.dll
0x00007fff7fb50000 - 0x00007fff7fbf9000 	C:\WINDOWS\System32\shcore.dll
0x00007fff7ce50000 - 0x00007fff7d55d000 	C:\WINDOWS\System32\windows.storage.dll
0x00007fff7e650000 - 0x00007fff7e6a1000 	C:\WINDOWS\System32\shlwapi.dll
0x00007fff7c8c0000 - 0x00007fff7c8d1000 	C:\WINDOWS\System32\kernel.appcore.dll
0x00007fff7c8a0000 - 0x00007fff7c8bf000 	C:\WINDOWS\System32\profapi.dll
0x00007fff7c830000 - 0x00007fff7c87c000 	C:\WINDOWS\System32\powrprof.dll
0x00007fff7c820000 - 0x00007fff7c82a000 	C:\WINDOWS\System32\FLTLIB.DLL
0x00007fff6dc40000 - 0x00007fff6dc5a000 	C:\Program Files\Android\Android Studio\jre\jre\bin\net.dll
0x00007fff7c0a0000 - 0x00007fff7c106000 	C:\WINDOWS\system32\mswsock.dll
0x00007fff6e000000 - 0x00007fff6e011000 	C:\Program Files\Android\Android Studio\jre\jre\bin\nio.dll
0x00007fff537e0000 - 0x00007fff537fe000 	C:\Users\Ren\.gradle\native\25\windows-amd64\native-platform.dll
0x00007fff785c0000 - 0x00007fff785cd000 	C:\Program Files\Android\Android Studio\jre\jre\bin\management.dll
0x00007fff7c250000 - 0x00007fff7c267000 	C:\WINDOWS\SYSTEM32\CRYPTSP.dll
0x00007fff7bc80000 - 0x00007fff7bcb3000 	C:\WINDOWS\system32\rsaenh.dll
0x00007fff7c380000 - 0x00007fff7c3a5000 	C:\WINDOWS\SYSTEM32\bcrypt.dll
0x00007fff7c750000 - 0x00007fff7c778000 	C:\WINDOWS\SYSTEM32\USERENV.dll
0x00007fff7c270000 - 0x00007fff7c27b000 	C:\WINDOWS\SYSTEM32\CRYPTBASE.dll
0x00007fff7be20000 - 0x00007fff7be58000 	C:\WINDOWS\SYSTEM32\IPHLPAPI.DLL
0x00007fff80050000 - 0x00007fff80058000 	C:\WINDOWS\System32\NSI.dll
0x00007fff75880000 - 0x00007fff75896000 	C:\WINDOWS\SYSTEM32\dhcpcsvc6.DLL
0x00007fff75860000 - 0x00007fff7587a000 	C:\WINDOWS\SYSTEM32\dhcpcsvc.DLL

VM Arguments:
jvm_args: -Xmx1536m -Dfile.encoding=GBK -Duser.country=US -Duser.language=en -Duser.variant 
java_command: org.gradle.launcher.daemon.bootstrap.GradleDaemon 4.4
java_class_path (initial): C:\Users\Ren\.gradle\wrapper\dists\gradle-4.4-all\9br9xq1tocpiv8o6njlyu5op1\gradle-4.4\lib\gradle-launcher-4.4.jar
Launcher Type: SUN_STANDARD

Environment Variables:
PATH=C:\Program Files (x86)\Intel\iCLS Client\;C:\Program Files\Intel\iCLS Client\;C:\Program Files\Microsoft MPI\Bin\;C:\Program Files\Dell\DW WLAN Card;C:\ProgramData\Oracle\Java\javapath;C:\WINDOWS\system32;C:\WINDOWS;C:\WINDOWS\System32\Wbem;C:\WINDOWS\System32\WindowsPowerShell\v1.0\;C:\Program Files\WIDCOMM\Bluetooth Software\;C:\Program Files\WIDCOMM\Bluetooth Software\syswow64;C:\Program Files\Git\cmd;C:\Program Files (x86)\Windows Kits\8.1\Windows Performance Toolkit\;C:\Program Files (x86)\GtkSharp\2.12\bin;C:\HashiCorp\Vagrant\bin;C:\Program Files\nodejs\;C:\WINDOWS\System32\OpenSSH\;C:\Program Files (x86)\Intel\Intel(R) Management Engine Components\DAL;C:\Program Files\Intel\Intel(R) Management Engine Components\DAL;C:\Program Files (x86)\Intel\Intel(R) Management Engine Components\IPT;C:\Program Files\Intel\Intel(R) Management Engine Components\IPT;C:\Program Files (x86)\Yarn\bin\;C:\altera\15.1\modelsim_ase\win32aloem;C:\Users\Ren\AppData\Local\Microsoft\WindowsApps;C:\Users\Ren\AppData\Local\atom\bin;C:\Users\Ren\AppData\Local\Microsoft\WindowsApps;C:\Users\Ren\Anaconda3;C:\Users\Ren\Anaconda3\Scripts;C:\Program Files (x86)\Windows Kits\10\bin\x64;C:\Users\Ren\Anaconda3\Lib\site-packages;C:\Users\Ren\AppData\Roaming\npm;C:\Users\Ren\AppData\Local\Yarn\bin
USERNAME=Ren
OS=Windows_NT
PROCESSOR_IDENTIFIER=Intel64 Family 6 Model 61 Stepping 4, GenuineIntel



---------------  S Y S T E M  ---------------

OS: Windows 10.0 , 64 bit Build 17134 (10.0.17134.1)

CPU:total 4 (initial active 4) (2 cores per cpu, 2 threads per core) family 6 model 61 stepping 4, cmov, cx8, fxsr, mmx, sse, sse2, sse3, ssse3, sse4.1, sse4.2, popcnt, avx, avx2, aes, clmul, erms, 3dnowpref, lzcnt, ht, tsc, tscinvbit, bmi1, bmi2, adx

Memory: 4k page, physical 4096716k(586568k free), swap 5530316k(5824k free)

vm_info: OpenJDK 64-Bit Server VM (25.152-b02) for windows-amd64 JRE (1.8.0_152-release-1024-b02), built by "builder" with MS VC++ 10.0 (VS2010)

time: Sat Jun 30 16:51:03 2018
elapsed time: 4 seconds (0d 0h 0m 4s)

