#
# There is insufficient memory for the Java Runtime Environment to continue.
# Native memory allocation (malloc) failed to allocate 32744 bytes for ChunkPool::allocate
# Possible reasons:
#   The system is out of physical RAM or swap space
#   In 32 bit mode, the process size limit was hit
# Possible solutions:
#   Reduce memory load on the system
#   Increase physical memory or swap space
#   Check if swap backing store is full
#   Use 64 bit Java on a 64 bit OS
#   Decrease Java heap size (-Xmx/-Xms)
#   Decrease number of Java threads
#   Decrease Java thread stack sizes (-Xss)
#   Set larger code cache with -XX:ReservedCodeCacheSize=
# This output file may be truncated or incomplete.
#
#  Out of Memory Error (allocation.cpp:273), pid=9912, tid=0x0000000000001634
#
# JRE version: OpenJDK Runtime Environment (8.0_152-b02) (build 1.8.0_152-release-1024-b02)
# Java VM: OpenJDK 64-Bit Server VM (25.152-b02 mixed mode windows-amd64 compressed oops)
# Failed to write core dump. Minidumps are not enabled by default on client versions of Windows
#

---------------  T H R E A D  ---------------

Current thread (0x0000000016540000):  JavaThread "C2 CompilerThread1" daemon [_thread_in_native, id=5684, stack(0x0000000018070000,0x0000000018170000)]

Stack: [0x0000000018070000,0x0000000018170000]
[error occurred during error reporting (printing stack bounds), id 0xc0000005]

Native frames: (J=compiled Java code, j=interpreted, Vv=VM code, C=native code)


Current CompileTask:
C2:   4129 1339       4       java.net.URLClassLoader$1::run (5 bytes)


---------------  P R O C E S S  ---------------

Java Threads: ( => current thread )
  0x000000001963d000 JavaThread "Cache worker for file hash cache (C:\Users\Ren\Documents\EasyOnlineConverter\.gradle\4.4\fileHashes)" [_thread_blocked, id=6032, stack(0x000000001bd50000,0x000000001be50000)]
  0x0000000019517000 JavaThread "File lock request listener" [_thread_in_native, id=5468, stack(0x000000001ac80000,0x000000001ad80000)]
  0x00000000195ca000 JavaThread "Cache worker for file hash cache (C:\Users\Ren\.gradle\caches\4.4\fileHashes)" [_thread_blocked, id=9268, stack(0x000000001ab80000,0x000000001ac80000)]
  0x0000000019394000 JavaThread "Stdin handler" [_thread_blocked, id=9852, stack(0x000000001a880000,0x000000001a980000)]
  0x00000000193a7800 JavaThread "Asynchronous log dispatcher for DefaultDaemonConnection: socket connection from /127.0.0.1:49963 to /127.0.0.1:49964" [_thread_blocked, id=5652, stack(0x000000001a780000,0x000000001a880000)]
  0x0000000019318800 JavaThread "Daemon worker" [_thread_in_Java, id=6440, stack(0x000000001a680000,0x000000001a780000)]
  0x0000000019317800 JavaThread "Cancel handler" [_thread_blocked, id=6696, stack(0x000000001a580000,0x000000001a680000)]
  0x00000000192ea800 JavaThread "Handler for socket connection from /127.0.0.1:49963 to /127.0.0.1:49964" [_thread_in_native, id=7536, stack(0x000000001a280000,0x000000001a380000)]
  0x00000000191eb800 JavaThread "Daemon" [_thread_blocked, id=468, stack(0x000000001a180000,0x000000001a280000)]
  0x00000000191e6800 JavaThread "Daemon periodic checks" [_thread_blocked, id=7748, stack(0x000000001a080000,0x000000001a180000)]
  0x00000000191d5800 JavaThread "Incoming local TCP Connector on port 49963" [_thread_in_native, id=560, stack(0x0000000019e40000,0x0000000019f40000)]
  0x00000000179dd000 JavaThread "Service Thread" daemon [_thread_blocked, id=7352, stack(0x0000000018270000,0x0000000018370000)]
  0x0000000017986800 JavaThread "C1 CompilerThread2" daemon [_thread_blocked, id=6936, stack(0x0000000018170000,0x0000000018270000)]
=>0x0000000016540000 JavaThread "C2 CompilerThread1" daemon [_thread_in_native, id=5684, stack(0x0000000018070000,0x0000000018170000)]
  0x000000001653b800 JavaThread "C2 CompilerThread0" daemon [_thread_in_native, id=4824, stack(0x0000000017f70000,0x0000000018070000)]
  0x000000001658e800 JavaThread "Attach Listener" daemon [_thread_blocked, id=1392, stack(0x0000000017e70000,0x0000000017f70000)]
  0x0000000017978800 JavaThread "Signal Dispatcher" daemon [_thread_blocked, id=9024, stack(0x0000000017d70000,0x0000000017e70000)]
  0x000000001651e000 JavaThread "Finalizer" daemon [_thread_blocked, id=6956, stack(0x0000000017780000,0x0000000017880000)]
  0x0000000002bb2800 JavaThread "Reference Handler" daemon [_thread_blocked, id=9936, stack(0x0000000017680000,0x0000000017780000)]
  0x0000000002ac2800 JavaThread "main" [_thread_blocked, id=2912, stack(0x00000000029c0000,0x0000000002ac0000)]

Other Threads:
  0x00000000164f6800 VMThread [stack: 0x0000000017580000,0x0000000017680000] [id=7548]
  0x00000000179de000 WatcherThread [stack: 0x0000000018370000,0x0000000018470000] [id=10144]

VM state:not at safepoint (normal execution)

VM Mutex/Monitor currently owned by a thread: None

Heap:
 PSYoungGen      total 38400K, used 14909K [0x00000000e0000000, 0x00000000e2b00000, 0x0000000100000000)
  eden space 32768K, 31% used [0x00000000e0000000,0x00000000e0a0e878,0x00000000e2000000)
  from space 5632K, 81% used [0x00000000e2580000,0x00000000e2a00b88,0x00000000e2b00000)
  to   space 5632K, 0% used [0x00000000e2000000,0x00000000e2000000,0x00000000e2580000)
 ParOldGen       total 44032K, used 5750K [0x00000000a0000000, 0x00000000a2b00000, 0x00000000e0000000)
  object space 44032K, 13% used [0x00000000a0000000,0x00000000a059da28,0x00000000a2b00000)
 Metaspace       used 15664K, capacity 16054K, committed 16256K, reserved 1062912K
  class space    used 2207K, capacity 2379K, committed 2432K, reserved 1048576K

Card table byte_map: [0x0000000011f80000,0x0000000012290000] byte_map_base: 0x0000000011a80000

Marking Bits: (ParMarkBitMap*) 0x0000000067484970
 Begin Bits: [0x0000000012890000, 0x0000000014090000)
 End Bits:   [0x0000000014090000, 0x0000000015890000)

Polling page: 0x0000000000ca0000

CodeCache: size=245760Kb used=4974Kb max_used=4974Kb free=240785Kb
 bounds [0x0000000002bc0000, 0x00000000030a0000, 0x0000000011bc0000]
 total_blobs=1826 nmethods=1451 adapters=288
 compilation: enabled

Compilation events (10 events):
Event: 4.007 Thread 0x0000000017986800 1446       3       sun.misc.ProxyGenerator::access$700 (7 bytes)
Event: 4.007 Thread 0x0000000017986800 nmethod 1446 0x000000000309afd0 code [0x000000000309b140, 0x000000000309b328]
Event: 4.014 Thread 0x000000001653b800 1447   !   4       java.net.URLClassLoader$1::run (63 bytes)
Event: 4.038 Thread 0x0000000017986800 1448       3       java.util.ArrayList::isEmpty (13 bytes)
Event: 4.038 Thread 0x0000000017986800 nmethod 1448 0x000000000309b450 code [0x000000000309b5a0, 0x000000000309b750]
Event: 4.113 Thread 0x0000000017986800 1450       3       org.objectweb.asm.ClassWriter::get (49 bytes)
Event: 4.114 Thread 0x0000000017986800 nmethod 1450 0x000000000309b7d0 code [0x000000000309b960, 0x000000000309bce8]
Event: 4.114 Thread 0x0000000017986800 1451       3       org.objectweb.asm.Item::set (143 bytes)
Event: 4.114 Thread 0x0000000017986800 nmethod 1451 0x000000000309be90 code [0x000000000309c040, 0x000000000309c6f8]
Event: 4.122 Thread 0x0000000017986800 1452       3       java.util.HashSet::remove (20 bytes)

GC Heap History (10 events):
Event: 1.295 GC heap before
{Heap before GC invocations=2 (full 0):
 PSYoungGen      total 18944K, used 18921K [0x00000000e0000000, 0x00000000e1500000, 0x0000000100000000)
  eden space 16384K, 100% used [0x00000000e0000000,0x00000000e1000000,0x00000000e1000000)
  from space 2560K, 99% used [0x00000000e1000000,0x00000000e127a500,0x00000000e1280000)
  to   space 2560K, 0% used [0x00000000e1280000,0x00000000e1280000,0x00000000e1500000)
 ParOldGen       total 44032K, used 588K [0x00000000a0000000, 0x00000000a2b00000, 0x00000000e0000000)
  object space 44032K, 1% used [0x00000000a0000000,0x00000000a00931a8,0x00000000a2b00000)
 Metaspace       used 6638K, capacity 6830K, committed 7040K, reserved 1056768K
  class space    used 806K, capacity 875K, committed 896K, reserved 1048576K
Event: 1.300 GC heap after
Heap after GC invocations=2 (full 0):
 PSYoungGen      total 18944K, used 2550K [0x00000000e0000000, 0x00000000e1500000, 0x0000000100000000)
  eden space 16384K, 0% used [0x00000000e0000000,0x00000000e0000000,0x00000000e1000000)
  from space 2560K, 99% used [0x00000000e1280000,0x00000000e14fdbe8,0x00000000e1500000)
  to   space 2560K, 0% used [0x00000000e1000000,0x00000000e1000000,0x00000000e1280000)
 ParOldGen       total 44032K, used 812K [0x00000000a0000000, 0x00000000a2b00000, 0x00000000e0000000)
  object space 44032K, 1% used [0x00000000a0000000,0x00000000a00cb0b8,0x00000000a2b00000)
 Metaspace       used 6638K, capacity 6830K, committed 7040K, reserved 1056768K
  class space    used 806K, capacity 875K, committed 896K, reserved 1048576K
}
Event: 1.589 GC heap before
{Heap before GC invocations=3 (full 0):
 PSYoungGen      total 18944K, used 18934K [0x00000000e0000000, 0x00000000e1500000, 0x0000000100000000)
  eden space 16384K, 100% used [0x00000000e0000000,0x00000000e1000000,0x00000000e1000000)
  from space 2560K, 99% used [0x00000000e1280000,0x00000000e14fdbe8,0x00000000e1500000)
  to   space 2560K, 0% used [0x00000000e1000000,0x00000000e1000000,0x00000000e1280000)
 ParOldGen       total 44032K, used 812K [0x00000000a0000000, 0x00000000a2b00000, 0x00000000e0000000)
  object space 44032K, 1% used [0x00000000a0000000,0x00000000a00cb0b8,0x00000000a2b00000)
 Metaspace       used 6965K, capacity 7176K, committed 7424K, reserved 1056768K
  class space    used 875K, capacity 948K, committed 1024K, reserved 1048576K
Event: 1.593 GC heap after
Heap after GC invocations=3 (full 0):
 PSYoungGen      total 18944K, used 2536K [0x00000000e0000000, 0x00000000e1500000, 0x0000000100000000)
  eden space 16384K, 0% used [0x00000000e0000000,0x00000000e0000000,0x00000000e1000000)
  from space 2560K, 99% used [0x00000000e1000000,0x00000000e127a040,0x00000000e1280000)
  to   space 2560K, 0% used [0x00000000e1280000,0x00000000e1280000,0x00000000e1500000)
 ParOldGen       total 44032K, used 1316K [0x00000000a0000000, 0x00000000a2b00000, 0x00000000e0000000)
  object space 44032K, 2% used [0x00000000a0000000,0x00000000a0149078,0x00000000a2b00000)
 Metaspace       used 6965K, capacity 7176K, committed 7424K, reserved 1056768K
  class space    used 875K, capacity 948K, committed 1024K, reserved 1048576K
}
Event: 3.162 GC heap before
{Heap before GC invocations=4 (full 0):
 PSYoungGen      total 18944K, used 18920K [0x00000000e0000000, 0x00000000e1500000, 0x0000000100000000)
  eden space 16384K, 100% used [0x00000000e0000000,0x00000000e1000000,0x00000000e1000000)
  from space 2560K, 99% used [0x00000000e1000000,0x00000000e127a040,0x00000000e1280000)
  to   space 2560K, 0% used [0x00000000e1280000,0x00000000e1280000,0x00000000e1500000)
 ParOldGen       total 44032K, used 1316K [0x00000000a0000000, 0x00000000a2b00000, 0x00000000e0000000)
  object space 44032K, 2% used [0x00000000a0000000,0x00000000a0149078,0x00000000a2b00000)
 Metaspace       used 11597K, capacity 11926K, committed 12160K, reserved 1060864K
  class space    used 1530K, capacity 1631K, committed 1664K, reserved 1048576K
Event: 3.168 GC heap after
Heap after GC invocations=4 (full 0):
 PSYoungGen      total 18944K, used 2552K [0x00000000e0000000, 0x00000000e1500000, 0x0000000100000000)
  eden space 16384K, 0% used [0x00000000e0000000,0x00000000e0000000,0x00000000e1000000)
  from space 2560K, 99% used [0x00000000e1280000,0x00000000e14fe050,0x00000000e1500000)
  to   space 2560K, 0% used [0x00000000e1000000,0x00000000e1000000,0x00000000e1280000)
 ParOldGen       total 44032K, used 3908K [0x00000000a0000000, 0x00000000a2b00000, 0x00000000e0000000)
  object space 44032K, 8% used [0x00000000a0000000,0x00000000a03d1128,0x00000000a2b00000)
 Metaspace       used 11597K, capacity 11926K, committed 12160K, reserved 1060864K
  class space    used 1530K, capacity 1631K, committed 1664K, reserved 1048576K
}
Event: 3.467 GC heap before
{Heap before GC invocations=5 (full 0):
 PSYoungGen      total 18944K, used 18936K [0x00000000e0000000, 0x00000000e1500000, 0x0000000100000000)
  eden space 16384K, 100% used [0x00000000e0000000,0x00000000e1000000,0x00000000e1000000)
  from space 2560K, 99% used [0x00000000e1280000,0x00000000e14fe050,0x00000000e1500000)
  to   space 2560K, 0% used [0x00000000e1000000,0x00000000e1000000,0x00000000e1280000)
 ParOldGen       total 44032K, used 3908K [0x00000000a0000000, 0x00000000a2b00000, 0x00000000e0000000)
  object space 44032K, 8% used [0x00000000a0000000,0x00000000a03d1128,0x00000000a2b00000)
 Metaspace       used 13060K, capacity 13330K, committed 13440K, reserved 1060864K
  class space    used 1777K, capacity 1897K, committed 1920K, reserved 1048576K
Event: 3.474 GC heap after
Heap after GC invocations=5 (full 0):
 PSYoungGen      total 18944K, used 2536K [0x00000000e0000000, 0x00000000e2b00000, 0x0000000100000000)
  eden space 16384K, 0% used [0x00000000e0000000,0x00000000e0000000,0x00000000e1000000)
  from space 2560K, 99% used [0x00000000e1000000,0x00000000e127a060,0x00000000e1280000)
  to   space 5632K, 0% used [0x00000000e2580000,0x00000000e2580000,0x00000000e2b00000)
 ParOldGen       total 44032K, used 5742K [0x00000000a0000000, 0x00000000a2b00000, 0x00000000e0000000)
  object space 44032K, 13% used [0x00000000a0000000,0x00000000a059ba28,0x00000000a2b00000)
 Metaspace       used 13060K, capacity 13330K, committed 13440K, reserved 1060864K
  class space    used 1777K, capacity 1897K, committed 1920K, reserved 1048576K
}
Event: 3.769 GC heap before
{Heap before GC invocations=6 (full 0):
 PSYoungGen      total 18944K, used 18920K [0x00000000e0000000, 0x00000000e2b00000, 0x0000000100000000)
  eden space 16384K, 100% used [0x00000000e0000000,0x00000000e1000000,0x00000000e1000000)
  from space 2560K, 99% used [0x00000000e1000000,0x00000000e127a060,0x00000000e1280000)
  to   space 5632K, 0% used [0x00000000e2580000,0x00000000e2580000,0x00000000e2b00000)
 ParOldGen       total 44032K, used 5742K [0x00000000a0000000, 0x00000000a2b00000, 0x00000000e0000000)
  object space 44032K, 13% used [0x00000000a0000000,0x00000000a059ba28,0x00000000a2b00000)
 Metaspace       used 14542K, capacity 14870K, committed 14976K, reserved 1062912K
  class space    used 2029K, capacity 2155K, committed 2176K, reserved 1048576K
Event: 3.776 GC heap after
Heap after GC invocations=6 (full 0):
 PSYoungGen      total 38400K, used 4610K [0x00000000e0000000, 0x00000000e2b00000, 0x0000000100000000)
  eden space 32768K, 0% used [0x00000000e0000000,0x00000000e0000000,0x00000000e2000000)
  from space 5632K, 81% used [0x00000000e2580000,0x00000000e2a00b88,0x00000000e2b00000)
  to   space 5632K, 0% used [0x00000000e2000000,0x00000000e2000000,0x00000000e2580000)
 ParOldGen       total 44032K, used 5750K [0x00000000a0000000, 0x00000000a2b00000, 0x00000000e0000000)
  object space 44032K, 13% used [0x00000000a0000000,0x00000000a059da28,0x00000000a2b00000)
 Metaspace       used 14542K, capacity 14870K, committed 14976K, reserved 1062912K
  class space    used 2029K, capacity 2155K, committed 2176K, reserved 1048576K
}

Deoptimization events (10 events):
Event: 2.239 Thread 0x0000000002ac2800 Uncommon trap: reason=unstable_if action=reinterpret pc=0x0000000002e8585c method=java.io.WinNTFileSystem.normalize(Ljava/lang/String;)Ljava/lang/String; @ 128
Event: 2.239 Thread 0x0000000002ac2800 Uncommon trap: reason=unstable_if action=reinterpret pc=0x0000000002ee15e4 method=java.io.WinNTFileSystem.normalize(Ljava/lang/String;II)Ljava/lang/String; @ 90
Event: 3.155 Thread 0x00000000192ea800 Uncommon trap: reason=unstable_if action=reinterpret pc=0x0000000002f5a220 method=java.util.concurrent.ConcurrentHashMap.putVal(Ljava/lang/Object;Ljava/lang/Object;Z)Ljava/lang/Object; @ 206
Event: 3.264 Thread 0x0000000019318800 Uncommon trap: reason=bimorphic action=maybe_recompile pc=0x0000000002eec2e8 method=java.util.HashMap.putVal(ILjava/lang/Object;Ljava/lang/Object;ZZ)Ljava/lang/Object; @ 253
Event: 3.265 Thread 0x0000000019318800 Uncommon trap: reason=bimorphic action=maybe_recompile pc=0x0000000002eec2e8 method=java.util.HashMap.putVal(ILjava/lang/Object;Ljava/lang/Object;ZZ)Ljava/lang/Object; @ 253
Event: 3.265 Thread 0x0000000019318800 Uncommon trap: reason=bimorphic action=maybe_recompile pc=0x00000000030056fc method=java.util.HashMap.putVal(ILjava/lang/Object;Ljava/lang/Object;ZZ)Ljava/lang/Object; @ 253
Event: 3.281 Thread 0x0000000019318800 Uncommon trap: reason=class_check action=maybe_recompile pc=0x0000000002e63d58 method=java.util.regex.Matcher.match(II)Z @ 86
Event: 3.645 Thread 0x0000000019318800 Uncommon trap: reason=class_check action=maybe_recompile pc=0x0000000002e63d58 method=java.util.regex.Matcher.match(II)Z @ 86
Event: 3.646 Thread 0x0000000019318800 Uncommon trap: reason=class_check action=maybe_recompile pc=0x0000000002e31ddc method=java.util.regex.Matcher.match(II)Z @ 86
Event: 3.763 Thread 0x0000000019318800 Uncommon trap: reason=unstable_if action=reinterpret pc=0x0000000003026434 method=java.lang.String.lastIndexOf([CII[CIII)I @ 66

Classes redefined (0 events):
No events

Internal exceptions (10 events):
Event: 3.182 Thread 0x00000000192ea800 Exception <a 'java/lang/NoSuchMethodError': <clinit>> (0x00000000e0071df0) thrown at [D:\src\AOSP-openjdk-cygwin\jdk8u\hotspot\src\share\vm\prims\jni.cpp, line 1613]
Event: 3.184 Thread 0x00000000192ea800 Exception <a 'java/lang/NoSuchMethodError': <clinit>> (0x00000000e0089918) thrown at [D:\src\AOSP-openjdk-cygwin\jdk8u\hotspot\src\share\vm\prims\jni.cpp, line 1613]
Event: 3.185 Thread 0x00000000192ea800 Exception <a 'java/lang/NoSuchMethodError': <clinit>> (0x00000000e00923e0) thrown at [D:\src\AOSP-openjdk-cygwin\jdk8u\hotspot\src\share\vm\prims\jni.cpp, line 1613]
Event: 3.187 Thread 0x00000000192ea800 Exception <a 'java/lang/NoSuchMethodError': <clinit>> (0x00000000e00a3d08) thrown at [D:\src\AOSP-openjdk-cygwin\jdk8u\hotspot\src\share\vm\prims\jni.cpp, line 1613]
Event: 3.200 Thread 0x00000000192ea800 Exception <a 'java/lang/NoSuchMethodError': <clinit>> (0x00000000e011bd88) thrown at [D:\src\AOSP-openjdk-cygwin\jdk8u\hotspot\src\share\vm\prims\jni.cpp, line 1613]
Event: 3.204 Thread 0x00000000192ea800 Exception <a 'java/lang/NoSuchMethodError': <clinit>> (0x00000000e013f6a0) thrown at [D:\src\AOSP-openjdk-cygwin\jdk8u\hotspot\src\share\vm\prims\jni.cpp, line 1613]
Event: 3.209 Thread 0x00000000192ea800 Exception <a 'java/lang/NoSuchMethodError': <clinit>> (0x00000000e015a5b8) thrown at [D:\src\AOSP-openjdk-cygwin\jdk8u\hotspot\src\share\vm\prims\jni.cpp, line 1613]
Event: 3.213 Thread 0x00000000192ea800 Exception <a 'java/lang/NoSuchMethodError': <clinit>> (0x00000000e017fb28) thrown at [D:\src\AOSP-openjdk-cygwin\jdk8u\hotspot\src\share\vm\prims\jni.cpp, line 1613]
Event: 3.247 Thread 0x0000000019318800 Exception <a 'java/lang/NoSuchMethodError': <clinit>> (0x00000000e02662e0) thrown at [D:\src\AOSP-openjdk-cygwin\jdk8u\hotspot\src\share\vm\prims\jni.cpp, line 1613]
Event: 3.248 Thread 0x0000000019318800 Exception <a 'java/lang/NoSuchMethodError': <clinit>> (0x00000000e026e568) thrown at [D:\src\AOSP-openjdk-cygwin\jdk8u\hotspot\src\share\vm\prims\jni.cpp, line 1613]

Events (10 events):
Event: 4.119 loading class org/gradle/plugin/use/resolve/internal/PluginResolutionResult
Event: 4.119 loading class org/gradle/plugin/use/resolve/internal/PluginResolutionResult done
Event: 4.120 loading class org/gradle/internal/exceptions/LocationAwareException
Event: 4.120 loading class org/gradle/internal/exceptions/LocationAwareException done
Event: 4.120 loading class org/gradle/internal/exceptions/FailureResolutionAware
Event: 4.120 loading class org/gradle/internal/exceptions/FailureResolutionAware done
Event: 4.121 loading class org/gradle/api/plugins/UnknownPluginException
Event: 4.121 loading class org/gradle/api/plugins/UnknownPluginException done
Event: 4.121 loading class org/gradle/plugin/use/internal/PluginDependencyResolutionServices$2
Event: 4.121 loading class org/gradle/plugin/use/internal/PluginDependencyResolutionServices$2 done


Dynamic libraries:
0x00007ff66ca40000 - 0x00007ff66ca71000 	C:\Program Files\Android\Android Studio\jre\bin\java.exe
0x00007fff80510000 - 0x00007fff806f1000 	C:\WINDOWS\SYSTEM32\ntdll.dll
0x00007fff7e470000 - 0x00007fff7e522000 	C:\WINDOWS\System32\KERNEL32.DLL
0x00007fff7caa0000 - 0x00007fff7cd13000 	C:\WINDOWS\System32\KERNELBASE.dll
0x00007fff7e240000 - 0x00007fff7e2e1000 	C:\WINDOWS\System32\ADVAPI32.dll
0x00007fff7e590000 - 0x00007fff7e62e000 	C:\WINDOWS\System32\msvcrt.dll
0x00007fff7e6b0000 - 0x00007fff7e70b000 	C:\WINDOWS\System32\sechost.dll
0x00007fff800d0000 - 0x00007fff801f4000 	C:\WINDOWS\System32\RPCRT4.dll
0x00007fff80350000 - 0x00007fff804e0000 	C:\WINDOWS\System32\USER32.dll
0x00007fff7ca80000 - 0x00007fff7caa0000 	C:\WINDOWS\System32\win32u.dll
0x00007fff80320000 - 0x00007fff80348000 	C:\WINDOWS\System32\GDI32.dll
0x00007fff7c8e0000 - 0x00007fff7ca72000 	C:\WINDOWS\System32\gdi32full.dll
0x00007fff7d710000 - 0x00007fff7d7af000 	C:\WINDOWS\System32\msvcp_win.dll
0x00007fff7d610000 - 0x00007fff7d70a000 	C:\WINDOWS\System32\ucrtbase.dll
0x00007fff6ee30000 - 0x00007fff6f099000 	C:\WINDOWS\WinSxS\amd64_microsoft.windows.common-controls_6595b64144ccf1df_6.0.17134.112_none_fb3f961b30681c12\COMCTL32.dll
0x00007fff7dd90000 - 0x00007fff7e0b3000 	C:\WINDOWS\System32\combase.dll
0x00007fff7cd20000 - 0x00007fff7cd9a000 	C:\WINDOWS\System32\bcryptPrimitives.dll
0x00007fff802f0000 - 0x00007fff8031d000 	C:\WINDOWS\System32\IMM32.DLL
0x0000000065f70000 - 0x0000000066042000 	C:\Program Files\Android\Android Studio\jre\jre\bin\msvcr100.dll
0x0000000066cc0000 - 0x00000000674ff000 	C:\Program Files\Android\Android Studio\jre\jre\bin\server\jvm.dll
0x00007fff7e0c0000 - 0x00007fff7e0c8000 	C:\WINDOWS\System32\PSAPI.DLL
0x00007fff7b450000 - 0x00007fff7b459000 	C:\WINDOWS\SYSTEM32\WSOCK32.dll
0x00007fff6d320000 - 0x00007fff6d32a000 	C:\WINDOWS\SYSTEM32\VERSION.dll
0x00007fff784f0000 - 0x00007fff78513000 	C:\WINDOWS\SYSTEM32\WINMM.dll
0x00007fff80060000 - 0x00007fff800cc000 	C:\WINDOWS\System32\WS2_32.dll
0x00007fff784c0000 - 0x00007fff784ea000 	C:\WINDOWS\SYSTEM32\winmmbase.dll
0x00007fff7cda0000 - 0x00007fff7cde9000 	C:\WINDOWS\System32\cfgmgr32.dll
0x00007fff72d60000 - 0x00007fff72d6f000 	C:\Program Files\Android\Android Studio\jre\jre\bin\verify.dll
0x00007fff6eda0000 - 0x00007fff6edc9000 	C:\Program Files\Android\Android Studio\jre\jre\bin\java.dll
0x00007fff6e5a0000 - 0x00007fff6e5b6000 	C:\Program Files\Android\Android Studio\jre\jre\bin\zip.dll
0x00007fff7e710000 - 0x00007fff7fb50000 	C:\WINDOWS\System32\SHELL32.dll
0x00007fff7fb50000 - 0x00007fff7fbf9000 	C:\WINDOWS\System32\shcore.dll
0x00007fff7ce50000 - 0x00007fff7d55d000 	C:\WINDOWS\System32\windows.storage.dll
0x00007fff7e650000 - 0x00007fff7e6a1000 	C:\WINDOWS\System32\shlwapi.dll
0x00007fff7c8c0000 - 0x00007fff7c8d1000 	C:\WINDOWS\System32\kernel.appcore.dll
0x00007fff7c8a0000 - 0x00007fff7c8bf000 	C:\WINDOWS\System32\profapi.dll
0x00007fff7c830000 - 0x00007fff7c87c000 	C:\WINDOWS\System32\powrprof.dll
0x00007fff7c820000 - 0x00007fff7c82a000 	C:\WINDOWS\System32\FLTLIB.DLL
0x00007fff6dc40000 - 0x00007fff6dc5a000 	C:\Program Files\Android\Android Studio\jre\jre\bin\net.dll
0x00007fff7c0a0000 - 0x00007fff7c106000 	C:\WINDOWS\system32\mswsock.dll
0x00007fff6e000000 - 0x00007fff6e011000 	C:\Program Files\Android\Android Studio\jre\jre\bin\nio.dll
0x00007fff537e0000 - 0x00007fff537fe000 	C:\Users\Ren\.gradle\native\25\windows-amd64\native-platform.dll
0x00007fff785c0000 - 0x00007fff785cd000 	C:\Program Files\Android\Android Studio\jre\jre\bin\management.dll
0x00007fff7c250000 - 0x00007fff7c267000 	C:\WINDOWS\SYSTEM32\CRYPTSP.dll
0x00007fff7bc80000 - 0x00007fff7bcb3000 	C:\WINDOWS\system32\rsaenh.dll
0x00007fff7c380000 - 0x00007fff7c3a5000 	C:\WINDOWS\SYSTEM32\bcrypt.dll
0x00007fff7c750000 - 0x00007fff7c778000 	C:\WINDOWS\SYSTEM32\USERENV.dll
0x00007fff7c270000 - 0x00007fff7c27b000 	C:\WINDOWS\SYSTEM32\CRYPTBASE.dll
0x00007fff7be20000 - 0x00007fff7be58000 	C:\WINDOWS\SYSTEM32\IPHLPAPI.DLL
0x00007fff80050000 - 0x00007fff80058000 	C:\WINDOWS\System32\NSI.dll
0x00007fff75880000 - 0x00007fff75896000 	C:\WINDOWS\SYSTEM32\dhcpcsvc6.DLL
0x00007fff75860000 - 0x00007fff7587a000 	C:\WINDOWS\SYSTEM32\dhcpcsvc.DLL

VM Arguments:
jvm_args: -Xmx1536m -Dfile.encoding=GBK -Duser.country=US -Duser.language=en -Duser.variant 
java_command: org.gradle.launcher.daemon.bootstrap.GradleDaemon 4.4
java_class_path (initial): C:\Users\Ren\.gradle\wrapper\dists\gradle-4.4-all\9br9xq1tocpiv8o6njlyu5op1\gradle-4.4\lib\gradle-launcher-4.4.jar
Launcher Type: SUN_STANDARD

Environment Variables:
PATH=C:\Program Files (x86)\Intel\iCLS Client\;C:\Program Files\Intel\iCLS Client\;C:\Program Files\Microsoft MPI\Bin\;C:\Program Files\Dell\DW WLAN Card;C:\ProgramData\Oracle\Java\javapath;C:\WINDOWS\system32;C:\WINDOWS;C:\WINDOWS\System32\Wbem;C:\WINDOWS\System32\WindowsPowerShell\v1.0\;C:\Program Files\WIDCOMM\Bluetooth Software\;C:\Program Files\WIDCOMM\Bluetooth Software\syswow64;C:\Program Files\Git\cmd;C:\Program Files (x86)\Windows Kits\8.1\Windows Performance Toolkit\;C:\Program Files (x86)\GtkSharp\2.12\bin;C:\HashiCorp\Vagrant\bin;C:\Program Files\nodejs\;C:\WINDOWS\System32\OpenSSH\;C:\Program Files (x86)\Intel\Intel(R) Management Engine Components\DAL;C:\Program Files\Intel\Intel(R) Management Engine Components\DAL;C:\Program Files (x86)\Intel\Intel(R) Management Engine Components\IPT;C:\Program Files\Intel\Intel(R) Management Engine Components\IPT;C:\Program Files (x86)\Yarn\bin\;C:\altera\15.1\modelsim_ase\win32aloem;C:\Users\Ren\AppData\Local\Microsoft\WindowsApps;C:\Users\Ren\AppData\Local\atom\bin;C:\Users\Ren\AppData\Local\Microsoft\WindowsApps;C:\Users\Ren\Anaconda3;C:\Users\Ren\Anaconda3\Scripts;C:\Program Files (x86)\Windows Kits\10\bin\x64;C:\Users\Ren\Anaconda3\Lib\site-packages;C:\Users\Ren\AppData\Roaming\npm;C:\Users\Ren\AppData\Local\Yarn\bin
USERNAME=Ren
OS=Windows_NT
PROCESSOR_IDENTIFIER=Intel64 Family 6 Model 61 Stepping 4, GenuineIntel



---------------  S Y S T E M  ---------------

OS: Windows 10.0 , 64 bit Build 17134 (10.0.17134.1)

CPU:total 4 (initial active 4) (2 cores per cpu, 2 threads per core) family 6 model 61 stepping 4, cmov, cx8, fxsr, mmx, sse, sse2, sse3, ssse3, sse4.1, sse4.2, popcnt, avx, avx2, aes, clmul, erms, 3dnowpref, lzcnt, ht, tsc, tscinvbit, bmi1, bmi2, adx

Memory: 4k page, physical 4096716k(318032k free), swap 5530316k(2092k free)

vm_info: OpenJDK 64-Bit Server VM (25.152-b02) for windows-amd64 JRE (1.8.0_152-release-1024-b02), built by "builder" with MS VC++ 10.0 (VS2010)

time: Sat Jun 30 16:43:01 2018
elapsed time: 4 seconds (0d 0h 0m 4s)

